<?xml version="1.0" encoding="UTF-8"?>
<coverage generated="1740404992436" clover="3.2.0">
  <project timestamp="1740404992436" name="All files">
    <metrics statements="465" coveredstatements="372" conditionals="411" coveredconditionals="287" methods="129" coveredmethods="93" elements="1005" coveredelements="752" complexity="0" loc="465" ncloc="465" packages="9" files="22" classes="22"/>
    <package name="components.buttons">
      <metrics statements="3" coveredstatements="3" conditionals="13" coveredconditionals="10" methods="1" coveredmethods="1"/>
      <file name="Button.js" path="C:\Users\Leancure\Desktop\LeancureAppReactNative-main\components\buttons\Button.js">
        <metrics statements="3" coveredstatements="3" conditionals="13" coveredconditionals="10" methods="1" coveredmethods="1"/>
        <line num="34" count="195" type="stmt"/>
        <line num="36" count="195" type="stmt"/>
        <line num="63" count="3" type="stmt"/>
      </file>
    </package>
    <package name="components.cards">
      <metrics statements="3" coveredstatements="3" conditionals="9" coveredconditionals="9" methods="1" coveredmethods="1"/>
      <file name="SettingsCard.js" path="C:\Users\Leancure\Desktop\LeancureAppReactNative-main\components\cards\SettingsCard.js">
        <metrics statements="3" coveredstatements="3" conditionals="9" coveredconditionals="9" methods="1" coveredmethods="1"/>
        <line num="18" count="132" type="stmt"/>
        <line num="20" count="132" type="stmt"/>
        <line num="52" count="1" type="stmt"/>
      </file>
    </package>
    <package name="components.inputs">
      <metrics statements="8" coveredstatements="5" conditionals="19" coveredconditionals="15" methods="4" coveredmethods="1"/>
      <file name="InputModal.js" path="C:\Users\Leancure\Desktop\LeancureAppReactNative-main\components\inputs\InputModal.js">
        <metrics statements="8" coveredstatements="5" conditionals="19" coveredconditionals="15" methods="4" coveredmethods="1"/>
        <line num="32" count="126" type="stmt"/>
        <line num="35" count="126" type="stmt"/>
        <line num="36" count="126" type="stmt"/>
        <line num="38" count="126" type="stmt"/>
        <line num="57" count="0" type="stmt"/>
        <line num="58" count="0" type="stmt"/>
        <line num="62" count="0" type="stmt"/>
        <line num="77" count="4" type="stmt"/>
      </file>
    </package>
    <package name="components.modals.common">
      <metrics statements="8" coveredstatements="4" conditionals="14" coveredconditionals="10" methods="4" coveredmethods="1"/>
      <file name="HideMessagesModal.js" path="C:\Users\Leancure\Desktop\LeancureAppReactNative-main\components\modals\common\HideMessagesModal.js">
        <metrics statements="8" coveredstatements="4" conditionals="14" coveredconditionals="10" methods="4" coveredmethods="1"/>
        <line num="20" count="22" type="stmt"/>
        <line num="27" count="22" type="stmt"/>
        <line num="28" count="0" type="stmt"/>
        <line num="29" count="0" type="stmt"/>
        <line num="32" count="22" type="stmt"/>
        <line num="63" count="0" type="stmt"/>
        <line num="69" count="0" type="stmt"/>
        <line num="78" count="1" type="stmt"/>
      </file>
    </package>
    <package name="components.modals.webviews">
      <metrics statements="139" coveredstatements="115" conditionals="152" coveredconditionals="110" methods="36" coveredmethods="26"/>
      <file name="AutoRefreshModal.js" path="C:\Users\Leancure\Desktop\LeancureAppReactNative-main\components\modals\webviews\AutoRefreshModal.js">
        <metrics statements="10" coveredstatements="7" conditionals="24" coveredconditionals="19" methods="4" coveredmethods="2"/>
        <line num="22" count="1" type="stmt"/>
        <line num="25" count="22" type="stmt"/>
        <line num="28" count="22" type="stmt"/>
        <line num="31" count="22" type="stmt"/>
        <line num="45" count="22" type="stmt"/>
        <line num="71" count="242" type="stmt"/>
        <line num="77" count="0" type="stmt"/>
        <line num="105" count="0" type="stmt"/>
        <line num="106" count="0" type="stmt"/>
        <line num="117" count="1" type="stmt"/>
      </file>
      <file name="CustomAlert.js" path="C:\Users\Leancure\Desktop\LeancureAppReactNative-main\components\modals\webviews\CustomAlert.js">
        <metrics statements="3" coveredstatements="3" conditionals="11" coveredconditionals="8" methods="1" coveredmethods="1"/>
        <line num="25" count="59" type="stmt"/>
        <line num="27" count="59" type="stmt"/>
        <line num="71" count="2" type="stmt"/>
      </file>
      <file name="DeleteWebviewModal.js" path="C:\Users\Leancure\Desktop\LeancureAppReactNative-main\components\modals\webviews\DeleteWebviewModal.js">
        <metrics statements="4" coveredstatements="4" conditionals="12" coveredconditionals="9" methods="2" coveredmethods="2"/>
        <line num="22" count="47" type="stmt"/>
        <line num="24" count="47" type="stmt"/>
        <line num="63" count="1" type="stmt"/>
        <line num="72" count="1" type="stmt"/>
      </file>
      <file name="EditWebviewModal.js" path="C:\Users\Leancure\Desktop\LeancureAppReactNative-main\components\modals\webviews\EditWebviewModal.js">
        <metrics statements="32" coveredstatements="26" conditionals="30" coveredconditionals="23" methods="8" coveredmethods="4"/>
        <line num="26" count="60" type="stmt"/>
        <line num="29" count="60" type="cond" truecount="2" falsecount="0"/>
        <line num="30" count="60" type="cond" truecount="2" falsecount="0"/>
        <line num="31" count="60" type="stmt"/>
        <line num="32" count="60" type="stmt"/>
        <line num="33" count="60" type="stmt"/>
        <line num="39" count="60" type="stmt"/>
        <line num="40" count="35" type="cond" truecount="2" falsecount="0"/>
        <line num="41" count="5" type="cond" truecount="1" falsecount="1"/>
        <line num="42" count="5" type="cond" truecount="1" falsecount="1"/>
        <line num="43" count="5" type="stmt"/>
        <line num="47" count="60" type="stmt"/>
        <line num="48" count="4" type="stmt"/>
        <line num="49" count="4" type="stmt"/>
        <line num="50" count="2" type="stmt"/>
        <line num="52" count="2" type="stmt"/>
        <line num="60" count="60" type="stmt"/>
        <line num="61" count="4" type="cond" truecount="1" falsecount="1"/>
        <line num="62" count="0" type="stmt"/>
        <line num="63" count="0" type="stmt"/>
        <line num="65" count="4" type="cond" truecount="2" falsecount="0"/>
        <line num="66" count="2" type="stmt"/>
        <line num="67" count="2" type="stmt"/>
        <line num="69" count="2" type="stmt"/>
        <line num="70" count="2" type="stmt"/>
        <line num="71" count="2" type="stmt"/>
        <line num="74" count="60" type="stmt"/>
        <line num="105" count="0" type="stmt"/>
        <line num="106" count="0" type="stmt"/>
        <line num="127" count="0" type="stmt"/>
        <line num="128" count="0" type="stmt"/>
        <line num="162" count="1" type="stmt"/>
      </file>
      <file name="ImportWebviewModal.js" path="C:\Users\Leancure\Desktop\LeancureAppReactNative-main\components\modals\webviews\ImportWebviewModal.js">
        <metrics statements="47" coveredstatements="38" conditionals="32" coveredconditionals="21" methods="9" coveredmethods="9"/>
        <line num="23" count="1" type="stmt"/>
        <line num="26" count="53" type="stmt"/>
        <line num="27" count="53" type="stmt"/>
        <line num="28" count="53" type="stmt"/>
        <line num="31" count="53" type="stmt"/>
        <line num="39" count="53" type="stmt"/>
        <line num="40" count="4" type="stmt"/>
        <line num="46" count="4" type="stmt"/>
        <line num="54" count="53" type="stmt"/>
        <line num="55" count="4" type="stmt"/>
        <line num="56" count="4" type="stmt"/>
        <line num="65" count="53" type="stmt"/>
        <line num="66" count="2" type="stmt"/>
        <line num="68" count="2" type="stmt"/>
        <line num="71" count="2" type="stmt"/>
        <line num="72" count="2" type="stmt"/>
        <line num="76" count="2" type="stmt"/>
        <line num="83" count="53" type="stmt"/>
        <line num="84" count="4" type="cond" truecount="1" falsecount="1"/>
        <line num="85" count="0" type="stmt"/>
        <line num="86" count="0" type="stmt"/>
        <line num="90" count="4" type="cond" truecount="1" falsecount="1"/>
        <line num="91" count="0" type="stmt"/>
        <line num="92" count="0" type="stmt"/>
        <line num="96" count="4" type="stmt"/>
        <line num="97" count="4" type="stmt"/>
        <line num="100" count="2" type="stmt"/>
        <line num="102" count="2" type="cond" truecount="3" falsecount="1"/>
        <line num="103" count="0" type="stmt"/>
        <line num="105" count="2" type="cond" truecount="3" falsecount="1"/>
        <line num="106" count="2" type="stmt"/>
        <line num="108" count="0" type="stmt"/>
        <line num="113" count="2" type="cond" truecount="1" falsecount="1"/>
        <line num="114" count="2" type="stmt"/>
        <line num="116" count="2" type="cond" truecount="1" falsecount="1"/>
        <line num="117" count="0" type="stmt"/>
        <line num="118" count="0" type="stmt"/>
        <line num="121" count="2" type="stmt"/>
        <line num="122" count="2" type="stmt"/>
        <line num="124" count="0" type="stmt"/>
        <line num="128" count="2" type="stmt"/>
        <line num="136" count="53" type="stmt"/>
        <line num="137" count="1" type="stmt"/>
        <line num="138" count="1" type="stmt"/>
        <line num="139" count="1" type="stmt"/>
        <line num="142" count="53" type="stmt"/>
        <line num="209" count="1" type="stmt"/>
      </file>
      <file name="PasswordDefineModal.js" path="C:\Users\Leancure\Desktop\LeancureAppReactNative-main\components\modals\webviews\PasswordDefineModal.js">
        <metrics statements="34" coveredstatements="32" conditionals="29" coveredconditionals="20" methods="9" coveredmethods="7"/>
        <line num="27" count="59" type="stmt"/>
        <line num="30" count="59" type="stmt"/>
        <line num="31" count="59" type="stmt"/>
        <line num="32" count="59" type="stmt"/>
        <line num="33" count="59" type="stmt"/>
        <line num="38" count="59" type="stmt"/>
        <line num="47" count="59" type="cond" truecount="1" falsecount="0"/>
        <line num="48" count="7" type="stmt"/>
        <line num="49" count="7" type="stmt"/>
        <line num="56" count="59" type="stmt"/>
        <line num="58" count="7" type="cond" truecount="2" falsecount="0"/>
        <line num="59" count="2" type="stmt"/>
        <line num="60" count="2" type="stmt"/>
        <line num="64" count="5" type="cond" truecount="2" falsecount="0"/>
        <line num="65" count="3" type="stmt"/>
        <line num="67" count="2" type="stmt"/>
        <line num="75" count="59" type="stmt"/>
        <line num="76" count="2" type="cond" truecount="1" falsecount="1"/>
        <line num="77" count="2" type="stmt"/>
        <line num="78" count="2" type="stmt"/>
        <line num="79" count="2" type="stmt"/>
        <line num="80" count="2" type="stmt"/>
        <line num="82" count="2" type="stmt"/>
        <line num="89" count="59" type="stmt"/>
        <line num="90" count="3" type="stmt"/>
        <line num="91" count="3" type="stmt"/>
        <line num="92" count="3" type="stmt"/>
        <line num="95" count="59" type="stmt"/>
        <line num="126" count="0" type="stmt"/>
        <line num="127" count="0" type="stmt"/>
        <line num="159" count="1" type="stmt"/>
        <line num="160" count="1" type="stmt"/>
        <line num="189" count="2" type="stmt"/>
        <line num="197" count="2" type="stmt"/>
      </file>
      <file name="ReadOnlyModal.js" path="C:\Users\Leancure\Desktop\LeancureAppReactNative-main\components\modals\webviews\ReadOnlyModal.js">
        <metrics statements="9" coveredstatements="5" conditionals="14" coveredconditionals="10" methods="3" coveredmethods="1"/>
        <line num="23" count="22" type="stmt"/>
        <line num="29" count="22" type="stmt"/>
        <line num="30" count="0" type="stmt"/>
        <line num="31" count="0" type="stmt"/>
        <line num="38" count="22" type="stmt"/>
        <line num="39" count="0" type="stmt"/>
        <line num="40" count="0" type="stmt"/>
        <line num="43" count="22" type="stmt"/>
        <line num="91" count="1" type="stmt"/>
      </file>
    </package>
    <package name="components.text">
      <metrics statements="5" coveredstatements="5" conditionals="2" coveredconditionals="2" methods="2" coveredmethods="2"/>
      <file name="CustomText.js" path="C:\Users\Leancure\Desktop\LeancureAppReactNative-main\components\text\CustomText.js">
        <metrics statements="2" coveredstatements="2" conditionals="0" coveredconditionals="0" methods="1" coveredmethods="1"/>
        <line num="5" count="3" type="stmt"/>
        <line num="6" count="937" type="stmt"/>
      </file>
      <file name="TitleModal.js" path="C:\Users\Leancure\Desktop\LeancureAppReactNative-main\components\text\TitleModal.js">
        <metrics statements="3" coveredstatements="3" conditionals="2" coveredconditionals="2" methods="1" coveredmethods="1"/>
        <line num="17" count="77" type="stmt"/>
        <line num="19" count="77" type="stmt"/>
        <line num="31" count="3" type="stmt"/>
      </file>
    </package>
    <package name="constants">
      <metrics statements="5" coveredstatements="5" conditionals="0" coveredconditionals="0" methods="0" coveredmethods="0"/>
      <file name="screens.js" path="C:\Users\Leancure\Desktop\LeancureAppReactNative-main\constants\screens.js">
        <metrics statements="1" coveredstatements="1" conditionals="0" coveredconditionals="0" methods="0" coveredmethods="0"/>
        <line num="5" count="5" type="stmt"/>
      </file>
      <file name="style.js" path="C:\Users\Leancure\Desktop\LeancureAppReactNative-main\constants\style.js">
        <metrics statements="4" coveredstatements="4" conditionals="0" coveredconditionals="0" methods="0" coveredmethods="0"/>
        <line num="1" count="4" type="stmt"/>
        <line num="12" count="4" type="stmt"/>
        <line num="49" count="4" type="stmt"/>
        <line num="86" count="4" type="stmt"/>
      </file>
    </package>
    <package name="hooks">
      <metrics statements="175" coveredstatements="138" conditionals="64" coveredconditionals="31" methods="34" coveredmethods="31"/>
      <file name="useDeviceType.js" path="C:\Users\Leancure\Desktop\LeancureAppReactNative-main\hooks\useDeviceType.js">
        <metrics statements="13" coveredstatements="13" conditionals="8" coveredconditionals="6" methods="1" coveredmethods="1"/>
        <line num="10" count="1" type="stmt"/>
        <line num="11" count="310" type="stmt"/>
        <line num="12" count="310" type="stmt"/>
        <line num="13" count="310" type="stmt"/>
        <line num="16" count="310" type="stmt"/>
        <line num="17" count="310" type="stmt"/>
        <line num="18" count="310" type="stmt"/>
        <line num="19" count="310" type="stmt"/>
        <line num="22" count="310" type="cond" truecount="2" falsecount="0"/>
        <line num="23" count="310" type="cond" truecount="1" falsecount="1"/>
        <line num="24" count="310" type="cond" truecount="2" falsecount="0"/>
        <line num="25" count="310" type="cond" truecount="1" falsecount="1"/>
        <line num="27" count="310" type="stmt"/>
      </file>
      <file name="useNavigation.js" path="C:\Users\Leancure\Desktop\LeancureAppReactNative-main\hooks\useNavigation.js">
        <metrics statements="11" coveredstatements="11" conditionals="5" coveredconditionals="5" methods="4" coveredmethods="4"/>
        <line num="9" count="2" type="stmt"/>
        <line num="11" count="35" type="stmt"/>
        <line num="12" count="11" type="cond" truecount="2" falsecount="0"/>
        <line num="13" count="3" type="stmt"/>
        <line num="14" count="3" type="stmt"/>
        <line num="16" count="8" type="stmt"/>
        <line num="19" count="35" type="cond" truecount="1" falsecount="0"/>
        <line num="20" count="3" type="stmt"/>
        <line num="29" count="3" type="stmt"/>
        <line num="30" count="3" type="cond" truecount="2" falsecount="0"/>
        <line num="34" count="35" type="stmt"/>
      </file>
      <file name="useTimeout.js" path="C:\Users\Leancure\Desktop\LeancureAppReactNative-main\hooks\useTimeout.js">
        <metrics statements="28" coveredstatements="23" conditionals="10" coveredconditionals="5" methods="4" coveredmethods="4"/>
        <line num="4" count="1" type="stmt"/>
        <line num="5" count="9" type="stmt"/>
        <line num="13" count="9" type="stmt"/>
        <line num="14" count="3" type="cond" truecount="2" falsecount="4"/>
        <line num="15" count="2" type="stmt"/>
        <line num="16" count="0" type="stmt"/>
        <line num="17" count="0" type="stmt"/>
        <line num="18" count="0" type="stmt"/>
        <line num="19" count="1" type="stmt"/>
        <line num="20" count="0" type="stmt"/>
        <line num="30" count="9" type="stmt"/>
        <line num="31" count="3" type="stmt"/>
        <line num="33" count="3" type="cond" truecount="2" falsecount="0"/>
        <line num="34" count="1" type="stmt"/>
        <line num="35" count="1" type="stmt"/>
        <line num="36" count="1" type="stmt"/>
        <line num="38" count="0" type="stmt"/>
        <line num="41" count="2" type="stmt"/>
        <line num="42" count="2" type="stmt"/>
        <line num="43" count="2" type="stmt"/>
        <line num="45" count="1" type="stmt"/>
        <line num="50" count="9" type="stmt"/>
        <line num="51" count="2" type="stmt"/>
        <line num="52" count="2" type="stmt"/>
        <line num="53" count="1" type="cond" truecount="1" falsecount="1"/>
        <line num="54" count="1" type="stmt"/>
        <line num="57" count="1" type="stmt"/>
        <line num="61" count="9" type="stmt"/>
      </file>
      <file name="useWebviews.js" path="C:\Users\Leancure\Desktop\LeancureAppReactNative-main\hooks\useWebviews.js">
        <metrics statements="82" coveredstatements="59" conditionals="33" coveredconditionals="10" methods="16" coveredmethods="15"/>
        <line num="13" count="25" type="stmt"/>
        <line num="14" count="25" type="stmt"/>
        <line num="15" count="25" type="stmt"/>
        <line num="16" count="25" type="stmt"/>
        <line num="17" count="25" type="stmt"/>
        <line num="18" count="25" type="stmt"/>
        <line num="20" count="25" type="stmt"/>
        <line num="38" count="25" type="stmt"/>
        <line num="40" count="25" type="stmt"/>
        <line num="41" count="1" type="cond" truecount="1" falsecount="1"/>
        <line num="44" count="25" type="stmt"/>
        <line num="45" count="4" type="stmt"/>
        <line num="46" count="4" type="cond" truecount="2" falsecount="2"/>
        <line num="47" count="4" type="stmt"/>
        <line num="48" count="4" type="stmt"/>
        <line num="50" count="0" type="stmt"/>
        <line num="60" count="25" type="stmt"/>
        <line num="61" count="4" type="cond" truecount="1" falsecount="10"/>
        <line num="62" count="4" type="stmt"/>
        <line num="63" count="0" type="stmt"/>
        <line num="64" count="0" type="stmt"/>
        <line num="65" count="0" type="stmt"/>
        <line num="66" count="0" type="stmt"/>
        <line num="67" count="0" type="stmt"/>
        <line num="68" count="0" type="stmt"/>
        <line num="69" count="0" type="stmt"/>
        <line num="70" count="0" type="stmt"/>
        <line num="71" count="0" type="stmt"/>
        <line num="72" count="0" type="stmt"/>
        <line num="82" count="25" type="stmt"/>
        <line num="83" count="4" type="stmt"/>
        <line num="84" count="4" type="stmt"/>
        <line num="85" count="4" type="stmt"/>
        <line num="94" count="25" type="stmt"/>
        <line num="95" count="4" type="stmt"/>
        <line num="96" count="4" type="stmt"/>
        <line num="98" count="0" type="stmt"/>
        <line num="108" count="25" type="stmt"/>
        <line num="109" count="4" type="stmt"/>
        <line num="110" count="4" type="cond" truecount="1" falsecount="1"/>
        <line num="111" count="4" type="stmt"/>
        <line num="112" count="4" type="stmt"/>
        <line num="114" count="1" type="stmt"/>
        <line num="123" count="25" type="stmt"/>
        <line num="124" count="39" type="stmt"/>
        <line num="125" count="39" type="stmt"/>
        <line num="126" count="39" type="cond" truecount="1" falsecount="1"/>
        <line num="127" count="0" type="stmt"/>
        <line num="128" count="0" type="stmt"/>
        <line num="129" count="0" type="cond" truecount="0" falsecount="2"/>
        <line num="130" count="0" type="stmt"/>
        <line num="134" count="0" type="cond" truecount="0" falsecount="2"/>
        <line num="135" count="0" type="stmt"/>
        <line num="145" count="25" type="stmt"/>
        <line num="146" count="25" type="stmt"/>
        <line num="147" count="25" type="stmt"/>
        <line num="148" count="25" type="cond" truecount="1" falsecount="1"/>
        <line num="149" count="0" type="stmt"/>
        <line num="150" count="0" type="stmt"/>
        <line num="153" count="0" type="cond" truecount="0" falsecount="2"/>
        <line num="154" count="0" type="stmt"/>
        <line num="165" count="25" type="stmt"/>
        <line num="166" count="1" type="stmt"/>
        <line num="167" count="1" type="stmt"/>
        <line num="169" count="1" type="stmt"/>
        <line num="181" count="25" type="stmt"/>
        <line num="182" count="1" type="stmt"/>
        <line num="183" count="1" type="stmt"/>
        <line num="184" count="1" type="cond" truecount="1" falsecount="1"/>
        <line num="185" count="1" type="stmt"/>
        <line num="187" count="0" type="stmt"/>
        <line num="196" count="25" type="stmt"/>
        <line num="197" count="14" type="stmt"/>
        <line num="205" count="25" type="stmt"/>
        <line num="206" count="18" type="cond" truecount="2" falsecount="0"/>
        <line num="207" count="4" type="stmt"/>
        <line num="210" count="4" type="stmt"/>
        <line num="214" count="25" type="stmt"/>
        <line num="215" count="25" type="stmt"/>
        <line num="216" count="25" type="stmt"/>
        <line num="217" count="25" type="stmt"/>
        <line num="220" count="25" type="stmt"/>
      </file>
      <file name="useWebviewsPassword.js" path="C:\Users\Leancure\Desktop\LeancureAppReactNative-main\hooks\useWebviewsPassword.js">
        <metrics statements="41" coveredstatements="32" conditionals="8" coveredconditionals="5" methods="9" coveredmethods="7"/>
        <line num="12" count="2" type="stmt"/>
        <line num="14" count="33" type="stmt"/>
        <line num="15" count="33" type="stmt"/>
        <line num="16" count="33" type="stmt"/>
        <line num="17" count="33" type="stmt"/>
        <line num="23" count="33" type="stmt"/>
        <line num="29" count="33" type="stmt"/>
        <line num="37" count="33" type="stmt"/>
        <line num="38" count="3" type="stmt"/>
        <line num="39" count="3" type="stmt"/>
        <line num="40" count="3" type="stmt"/>
        <line num="45" count="3" type="stmt"/>
        <line num="53" count="33" type="stmt"/>
        <line num="54" count="3" type="stmt"/>
        <line num="55" count="3" type="cond" truecount="1" falsecount="1"/>
        <line num="57" count="0" type="stmt"/>
        <line num="58" count="0" type="stmt"/>
        <line num="60" count="3" type="stmt"/>
        <line num="61" count="3" type="stmt"/>
        <line num="64" count="0" type="stmt"/>
        <line num="72" count="33" type="stmt"/>
        <line num="73" count="43" type="stmt"/>
        <line num="74" count="43" type="stmt"/>
        <line num="76" count="43" type="stmt"/>
        <line num="78" count="43" type="cond" truecount="1" falsecount="1"/>
        <line num="79" count="0" type="stmt"/>
        <line num="81" count="43" type="cond" truecount="1" falsecount="1"/>
        <line num="82" count="0" type="stmt"/>
        <line num="85" count="0" type="stmt"/>
        <line num="94" count="33" type="stmt"/>
        <line num="95" count="2" type="cond" truecount="2" falsecount="0"/>
        <line num="96" count="1" type="stmt"/>
        <line num="97" count="1" type="stmt"/>
        <line num="99" count="1" type="stmt"/>
        <line num="107" count="33" type="stmt"/>
        <line num="108" count="0" type="stmt"/>
        <line num="109" count="0" type="stmt"/>
        <line num="110" count="0" type="stmt"/>
        <line num="121" count="33" type="stmt"/>
        <line num="122" count="18" type="stmt"/>
        <line num="126" count="33" type="stmt"/>
      </file>
    </package>
    <package name="screens.webviews">
      <metrics statements="119" coveredstatements="94" conditionals="138" coveredconditionals="100" methods="47" coveredmethods="30"/>
      <file name="SettingsWebviews.js" path="C:\Users\Leancure\Desktop\LeancureAppReactNative-main\screens\webviews\SettingsWebviews.js">
        <metrics statements="42" coveredstatements="28" conditionals="72" coveredconditionals="53" methods="15" coveredmethods="8"/>
        <line num="48" count="22" type="stmt"/>
        <line num="50" count="22" type="stmt"/>
        <line num="51" count="22" type="stmt"/>
        <line num="52" count="22" type="stmt"/>
        <line num="53" count="22" type="stmt"/>
        <line num="59" count="22" type="stmt"/>
        <line num="60" count="2" type="stmt"/>
        <line num="67" count="22" type="stmt"/>
        <line num="69" count="22" type="stmt"/>
        <line num="71" count="22" type="stmt"/>
        <line num="73" count="22" type="stmt"/>
        <line num="75" count="22" type="stmt"/>
        <line num="81" count="22" type="stmt"/>
        <line num="82" count="3" type="cond" truecount="4" falsecount="0"/>
        <line num="83" count="1" type="stmt"/>
        <line num="85" count="2" type="stmt"/>
        <line num="95" count="22" type="stmt"/>
        <line num="97" count="22" type="cond" truecount="3" falsecount="1"/>
        <line num="99" count="22" type="stmt"/>
        <line num="101" count="22" type="cond" truecount="1" falsecount="1"/>
        <line num="102" count="22" type="cond" truecount="2" falsecount="0"/>
        <line num="103" count="21" type="cond" truecount="1" falsecount="1"/>
        <line num="104" count="21" type="cond" truecount="1" falsecount="1"/>
        <line num="105" count="21" type="stmt"/>
        <line num="108" count="0" type="stmt"/>
        <line num="111" count="0" type="cond" truecount="0" falsecount="2"/>
        <line num="112" count="0" type="stmt"/>
        <line num="113" count="0" type="cond" truecount="0" falsecount="2"/>
        <line num="114" count="0" type="stmt"/>
        <line num="117" count="0" type="stmt"/>
        <line num="125" count="22" type="stmt"/>
        <line num="126" count="0" type="stmt"/>
        <line num="127" count="0" type="stmt"/>
        <line num="128" count="0" type="stmt"/>
        <line num="130" count="0" type="stmt"/>
        <line num="134" count="22" type="stmt"/>
        <line num="190" count="0" type="stmt"/>
        <line num="291" count="2" type="stmt"/>
        <line num="297" count="0" type="stmt"/>
        <line num="310" count="0" type="stmt"/>
        <line num="329" count="0" type="stmt"/>
        <line num="336" count="1" type="stmt"/>
      </file>
      <file name="WebviewsManagementScreen.js" path="C:\Users\Leancure\Desktop\LeancureAppReactNative-main\screens\webviews\WebviewsManagementScreen.js">
        <metrics statements="77" coveredstatements="66" conditionals="66" coveredconditionals="47" methods="32" coveredmethods="22"/>
        <line num="40" count="47" type="stmt"/>
        <line num="42" count="47" type="stmt"/>
        <line num="43" count="47" type="stmt"/>
        <line num="44" count="47" type="stmt"/>
        <line num="45" count="47" type="stmt"/>
        <line num="46" count="47" type="stmt"/>
        <line num="47" count="47" type="stmt"/>
        <line num="48" count="47" type="stmt"/>
        <line num="49" count="47" type="stmt"/>
        <line num="50" count="47" type="stmt"/>
        <line num="51" count="47" type="stmt"/>
        <line num="56" count="47" type="stmt"/>
        <line num="57" count="47" type="stmt"/>
        <line num="59" count="47" type="stmt"/>
        <line num="60" count="5" type="stmt"/>
        <line num="61" count="5" type="stmt"/>
        <line num="64" count="47" type="stmt"/>
        <line num="65" count="2" type="stmt"/>
        <line num="66" count="2" type="stmt"/>
        <line num="69" count="47" type="stmt"/>
        <line num="70" count="2" type="stmt"/>
        <line num="71" count="2" type="stmt"/>
        <line num="74" count="47" type="stmt"/>
        <line num="81" count="47" type="stmt"/>
        <line num="82" count="1" type="cond" truecount="1" falsecount="1"/>
        <line num="84" count="1" type="stmt"/>
        <line num="85" count="2" type="stmt"/>
        <line num="87" count="1" type="stmt"/>
        <line num="88" count="1" type="stmt"/>
        <line num="89" count="1" type="stmt"/>
        <line num="92" count="1" type="stmt"/>
        <line num="93" count="1" type="stmt"/>
        <line num="96" count="0" type="stmt"/>
        <line num="107" count="47" type="stmt"/>
        <line num="109" count="4" type="cond" truecount="2" falsecount="0"/>
        <line num="111" count="2" type="stmt"/>
        <line num="113" count="2" type="stmt"/>
        <line num="114" count="2" type="stmt"/>
        <line num="115" count="2" type="stmt"/>
        <line num="117" count="2" type="stmt"/>
        <line num="118" count="2" type="stmt"/>
        <line num="127" count="47" type="stmt"/>
        <line num="129" count="2" type="cond" truecount="2" falsecount="0"/>
        <line num="131" count="1" type="stmt"/>
        <line num="133" count="1" type="stmt"/>
        <line num="134" count="1" type="stmt"/>
        <line num="135" count="1" type="stmt"/>
        <line num="137" count="1" type="stmt"/>
        <line num="139" count="1" type="stmt"/>
        <line num="150" count="47" type="stmt"/>
        <line num="152" count="2" type="stmt"/>
        <line num="154" count="4" type="cond" truecount="2" falsecount="0"/>
        <line num="155" count="2" type="stmt"/>
        <line num="157" count="2" type="stmt"/>
        <line num="160" count="2" type="stmt"/>
        <line num="161" count="2" type="stmt"/>
        <line num="164" count="47" type="stmt"/>
        <line num="169" count="1" type="stmt"/>
        <line num="214" count="2" type="stmt"/>
        <line num="221" count="1" type="stmt"/>
        <line num="227" count="186" type="stmt"/>
        <line num="242" count="2" type="stmt"/>
        <line num="244" count="0" type="stmt"/>
        <line num="246" count="0" type="stmt"/>
        <line num="275" count="4" type="stmt"/>
        <line num="276" count="0" type="stmt"/>
        <line num="277" count="0" type="stmt"/>
        <line num="291" count="2" type="stmt"/>
        <line num="292" count="0" type="stmt"/>
        <line num="293" count="0" type="stmt"/>
        <line num="315" count="5" type="stmt"/>
        <line num="316" count="0" type="stmt"/>
        <line num="317" count="0" type="stmt"/>
        <line num="332" count="2" type="stmt"/>
        <line num="333" count="0" type="stmt"/>
        <line num="334" count="0" type="stmt"/>
        <line num="354" count="1" type="stmt"/>
      </file>
    </package>
  </project>
</coverage>
