{"C:\\Users\\Leancure\\Desktop\\LeancureAppReactNative-main\\.eslintrc.js": {"path":"C:\\Users\\Leancure\\Desktop\\LeancureAppReactNative-main\\.eslintrc.js","statementMap":{"0":{"start":{"line":1,"column":0},"end":{"line":9,"column":2}}},"fnMap":{},"branchMap":{},"s":{"0":0},"f":{},"b":{}}
,"C:\\Users\\Leancure\\Desktop\\LeancureAppReactNative-main\\App.js": {"path":"C:\\Users\\Leancure\\Desktop\\LeancureAppReactNative-main\\App.js","statementMap":{"0":{"start":{"line":36,"column":0},"end":{"line":114,"column":3}},"1":{"start":{"line":38,"column":4},"end":{"line":112,"column":5}},"2":{"start":{"line":40,"column":31},"end":{"line":44,"column":7}},"3":{"start":{"line":46,"column":6},"end":{"line":47,"column":42}},"4":{"start":{"line":51,"column":6},"end":{"line":96,"column":7}},"5":{"start":{"line":55,"column":8},"end":{"line":55,"column":67}},"6":{"start":{"line":58,"column":32},"end":{"line":58,"column":68}},"7":{"start":{"line":59,"column":20},"end":{"line":59,"column":30}},"8":{"start":{"line":60,"column":37},"end":{"line":60,"column":58}},"9":{"start":{"line":61,"column":30},"end":{"line":61,"column":34}},"10":{"start":{"line":64,"column":8},"end":{"line":71,"column":9}},"11":{"start":{"line":65,"column":10},"end":{"line":65,"column":103}},"12":{"start":{"line":66,"column":10},"end":{"line":70,"column":12}},"13":{"start":{"line":74,"column":8},"end":{"line":95,"column":9}},"14":{"start":{"line":76,"column":31},"end":{"line":76,"column":78}},"15":{"start":{"line":77,"column":30},"end":{"line":77,"column":67}},"16":{"start":{"line":79,"column":10},"end":{"line":92,"column":11}},"17":{"start":{"line":81,"column":38},"end":{"line":81,"column":89}},"18":{"start":{"line":84,"column":12},"end":{"line":91,"column":13}},"19":{"start":{"line":85,"column":14},"end":{"line":85,"column":83}},"20":{"start":{"line":86,"column":14},"end":{"line":90,"column":16}},"21":{"start":{"line":94,"column":10},"end":{"line":94,"column":77}},"22":{"start":{"line":99,"column":6},"end":{"line":103,"column":8}},"23":{"start":{"line":105,"column":6},"end":{"line":105,"column":84}},"24":{"start":{"line":107,"column":6},"end":{"line":111,"column":8}},"25":{"start":{"line":120,"column":23},"end":{"line":125,"column":1}},"26":{"start":{"line":121,"column":2},"end":{"line":124,"column":5}},"27":{"start":{"line":134,"column":24},"end":{"line":142,"column":4}},"28":{"start":{"line":144,"column":52},"end":{"line":144,"column":67}},"29":{"start":{"line":145,"column":44},"end":{"line":145,"column":67}},"30":{"start":{"line":146,"column":36},"end":{"line":146,"column":50}},"31":{"start":{"line":147,"column":46},"end":{"line":147,"column":58}},"32":{"start":{"line":148,"column":38},"end":{"line":148,"column":53}},"33":{"start":{"line":149,"column":50},"end":{"line":149,"column":65}},"34":{"start":{"line":150,"column":46},"end":{"line":150,"column":61}},"35":{"start":{"line":151,"column":30},"end":{"line":151,"column":43}},"36":{"start":{"line":152,"column":34},"end":{"line":152,"column":46}},"37":{"start":{"line":155,"column":23},"end":{"line":155,"column":54}},"38":{"start":{"line":156,"column":16},"end":{"line":156,"column":32}},"39":{"start":{"line":157,"column":75},"end":{"line":157,"column":87}},"40":{"start":{"line":176,"column":6},"end":{"line":176,"column":35}},"41":{"start":{"line":189,"column":6},"end":{"line":189,"column":35}},"42":{"start":{"line":195,"column":31},"end":{"line":202,"column":66}},"43":{"start":{"line":197,"column":4},"end":{"line":201,"column":5}},"44":{"start":{"line":198,"column":6},"end":{"line":198,"column":41}},"45":{"start":{"line":200,"column":6},"end":{"line":200,"column":33}},"46":{"start":{"line":209,"column":23},"end":{"line":257,"column":34}},"47":{"start":{"line":210,"column":4},"end":{"line":256,"column":5}},"48":{"start":{"line":211,"column":6},"end":{"line":211,"column":105}},"49":{"start":{"line":214,"column":6},"end":{"line":214,"column":85}},"50":{"start":{"line":215,"column":6},"end":{"line":215,"column":38}},"51":{"start":{"line":218,"column":6},"end":{"line":224,"column":7}},"52":{"start":{"line":219,"column":8},"end":{"line":219,"column":27}},"53":{"start":{"line":220,"column":8},"end":{"line":223,"column":17}},"54":{"start":{"line":221,"column":10},"end":{"line":221,"column":30}},"55":{"start":{"line":222,"column":10},"end":{"line":222,"column":84}},"56":{"start":{"line":226,"column":6},"end":{"line":226,"column":98}},"57":{"start":{"line":229,"column":6},"end":{"line":255,"column":7}},"58":{"start":{"line":234,"column":8},"end":{"line":234,"column":88}},"59":{"start":{"line":235,"column":8},"end":{"line":252,"column":9}},"60":{"start":{"line":236,"column":10},"end":{"line":236,"column":35}},"61":{"start":{"line":239,"column":10},"end":{"line":239,"column":89}},"62":{"start":{"line":240,"column":10},"end":{"line":240,"column":42}},"63":{"start":{"line":242,"column":10},"end":{"line":248,"column":11}},"64":{"start":{"line":243,"column":12},"end":{"line":243,"column":31}},"65":{"start":{"line":244,"column":12},"end":{"line":247,"column":21}},"66":{"start":{"line":245,"column":14},"end":{"line":245,"column":34}},"67":{"start":{"line":246,"column":14},"end":{"line":246,"column":88}},"68":{"start":{"line":250,"column":10},"end":{"line":250,"column":91}},"69":{"start":{"line":251,"column":10},"end":{"line":251,"column":59}},"70":{"start":{"line":254,"column":8},"end":{"line":254,"column":46}},"71":{"start":{"line":262,"column":2},"end":{"line":363,"column":23}},"72":{"start":{"line":263,"column":26},"end":{"line":360,"column":5}},"73":{"start":{"line":264,"column":24},"end":{"line":264,"column":34}},"74":{"start":{"line":267,"column":6},"end":{"line":269,"column":7}},"75":{"start":{"line":268,"column":8},"end":{"line":268,"column":15}},"76":{"start":{"line":271,"column":6},"end":{"line":359,"column":7}},"77":{"start":{"line":273,"column":8},"end":{"line":273,"column":25}},"78":{"start":{"line":274,"column":8},"end":{"line":274,"column":35}},"79":{"start":{"line":277,"column":8},"end":{"line":280,"column":11}},"80":{"start":{"line":283,"column":35},"end":{"line":292,"column":9}},"81":{"start":{"line":294,"column":8},"end":{"line":324,"column":9}},"82":{"start":{"line":295,"column":10},"end":{"line":321,"column":11}},"83":{"start":{"line":297,"column":41},"end":{"line":297,"column":91}},"84":{"start":{"line":298,"column":29},"end":{"line":298,"column":92}},"85":{"start":{"line":301,"column":12},"end":{"line":303,"column":13}},"86":{"start":{"line":302,"column":14},"end":{"line":302,"column":88}},"87":{"start":{"line":305,"column":12},"end":{"line":305,"column":42}},"88":{"start":{"line":306,"column":12},"end":{"line":306,"column":32}},"89":{"start":{"line":309,"column":12},"end":{"line":313,"column":13}},"90":{"start":{"line":310,"column":14},"end":{"line":310,"column":88}},"91":{"start":{"line":311,"column":19},"end":{"line":313,"column":13}},"92":{"start":{"line":312,"column":14},"end":{"line":312,"column":41}},"93":{"start":{"line":315,"column":12},"end":{"line":315,"column":49}},"94":{"start":{"line":316,"column":12},"end":{"line":316,"column":39}},"95":{"start":{"line":317,"column":12},"end":{"line":317,"column":32}},"96":{"start":{"line":318,"column":12},"end":{"line":320,"column":13}},"97":{"start":{"line":319,"column":14},"end":{"line":319,"column":41}},"98":{"start":{"line":323,"column":10},"end":{"line":323,"column":30}},"99":{"start":{"line":327,"column":8},"end":{"line":356,"column":9}},"100":{"start":{"line":333,"column":10},"end":{"line":333,"column":96}},"101":{"start":{"line":334,"column":10},"end":{"line":334,"column":46}},"102":{"start":{"line":335,"column":10},"end":{"line":341,"column":11}},"103":{"start":{"line":337,"column":12},"end":{"line":337,"column":37}},"104":{"start":{"line":338,"column":12},"end":{"line":338,"column":97}},"105":{"start":{"line":340,"column":12},"end":{"line":340,"column":90}},"106":{"start":{"line":344,"column":10},"end":{"line":344,"column":37}},"107":{"start":{"line":345,"column":10},"end":{"line":345,"column":30}},"108":{"start":{"line":346,"column":10},"end":{"line":348,"column":11}},"109":{"start":{"line":347,"column":12},"end":{"line":347,"column":39}},"110":{"start":{"line":351,"column":10},"end":{"line":351,"column":43}},"111":{"start":{"line":352,"column":10},"end":{"line":352,"column":30}},"112":{"start":{"line":353,"column":10},"end":{"line":355,"column":11}},"113":{"start":{"line":354,"column":12},"end":{"line":354,"column":39}},"114":{"start":{"line":358,"column":8},"end":{"line":358,"column":32}},"115":{"start":{"line":362,"column":4},"end":{"line":362,"column":20}},"116":{"start":{"line":368,"column":2},"end":{"line":417,"column":84}},"117":{"start":{"line":369,"column":4},"end":{"line":369,"column":32}},"118":{"start":{"line":369,"column":25},"end":{"line":369,"column":32}},"119":{"start":{"line":371,"column":39},"end":{"line":414,"column":5}},"120":{"start":{"line":373,"column":6},"end":{"line":373,"column":67}},"121":{"start":{"line":373,"column":60},"end":{"line":373,"column":67}},"122":{"start":{"line":376,"column":6},"end":{"line":413,"column":7}},"123":{"start":{"line":377,"column":8},"end":{"line":377,"column":93}},"124":{"start":{"line":380,"column":8},"end":{"line":380,"column":55}},"125":{"start":{"line":383,"column":8},"end":{"line":389,"column":9}},"126":{"start":{"line":384,"column":10},"end":{"line":384,"column":84}},"127":{"start":{"line":387,"column":13},"end":{"line":389,"column":9}},"128":{"start":{"line":388,"column":10},"end":{"line":388,"column":37}},"129":{"start":{"line":391,"column":8},"end":{"line":391,"column":97}},"130":{"start":{"line":394,"column":8},"end":{"line":412,"column":9}},"131":{"start":{"line":399,"column":10},"end":{"line":399,"column":113}},"132":{"start":{"line":400,"column":10},"end":{"line":409,"column":11}},"133":{"start":{"line":401,"column":12},"end":{"line":401,"column":37}},"134":{"start":{"line":402,"column":12},"end":{"line":402,"column":67}},"135":{"start":{"line":405,"column":12},"end":{"line":405,"column":97}},"136":{"start":{"line":406,"column":12},"end":{"line":406,"column":59}},"137":{"start":{"line":408,"column":12},"end":{"line":408,"column":107}},"138":{"start":{"line":411,"column":10},"end":{"line":411,"column":56}},"139":{"start":{"line":416,"column":4},"end":{"line":416,"column":33}},"140":{"start":{"line":423,"column":27},"end":{"line":431,"column":3}},"141":{"start":{"line":424,"column":4},"end":{"line":430,"column":5}},"142":{"start":{"line":425,"column":6},"end":{"line":425,"column":58}},"143":{"start":{"line":426,"column":6},"end":{"line":426,"column":30}},"144":{"start":{"line":428,"column":6},"end":{"line":428,"column":38}},"145":{"start":{"line":429,"column":6},"end":{"line":429,"column":18}},"146":{"start":{"line":433,"column":2},"end":{"line":505,"column":9}},"147":{"start":{"line":435,"column":23},"end":{"line":435,"column":27}},"148":{"start":{"line":438,"column":31},"end":{"line":452,"column":5}},"149":{"start":{"line":439,"column":6},"end":{"line":451,"column":7}},"150":{"start":{"line":440,"column":8},"end":{"line":440,"column":62}},"151":{"start":{"line":441,"column":22},"end":{"line":441,"column":63}},"152":{"start":{"line":442,"column":8},"end":{"line":444,"column":9}},"153":{"start":{"line":443,"column":10},"end":{"line":443,"column":61}},"154":{"start":{"line":447,"column":27},"end":{"line":447,"column":68}},"155":{"start":{"line":448,"column":8},"end":{"line":448,"column":58}},"156":{"start":{"line":450,"column":8},"end":{"line":450,"column":86}},"157":{"start":{"line":455,"column":4},"end":{"line":455,"column":25}},"158":{"start":{"line":458,"column":4},"end":{"line":497,"column":7}},"159":{"start":{"line":460,"column":31},"end":{"line":464,"column":7}},"160":{"start":{"line":466,"column":6},"end":{"line":466,"column":74}},"161":{"start":{"line":468,"column":6},"end":{"line":496,"column":7}},"162":{"start":{"line":471,"column":33},"end":{"line":471,"column":60}},"163":{"start":{"line":472,"column":28},"end":{"line":472,"column":111}},"164":{"start":{"line":475,"column":30},"end":{"line":479,"column":9}},"165":{"start":{"line":482,"column":30},"end":{"line":482,"column":76}},"166":{"start":{"line":485,"column":8},"end":{"line":493,"column":9}},"167":{"start":{"line":486,"column":10},"end":{"line":486,"column":95}},"168":{"start":{"line":489,"column":10},"end":{"line":492,"column":11}},"169":{"start":{"line":490,"column":12},"end":{"line":490,"column":90}},"170":{"start":{"line":491,"column":12},"end":{"line":491,"column":65}},"171":{"start":{"line":495,"column":8},"end":{"line":495,"column":78}},"172":{"start":{"line":500,"column":4},"end":{"line":504,"column":6}},"173":{"start":{"line":501,"column":6},"end":{"line":503,"column":7}},"174":{"start":{"line":502,"column":8},"end":{"line":502,"column":30}},"175":{"start":{"line":508,"column":2},"end":{"line":533,"column":9}},"176":{"start":{"line":509,"column":36},"end":{"line":530,"column":5}},"177":{"start":{"line":510,"column":6},"end":{"line":529,"column":7}},"178":{"start":{"line":512,"column":8},"end":{"line":526,"column":9}},"179":{"start":{"line":513,"column":10},"end":{"line":513,"column":61}},"180":{"start":{"line":514,"column":10},"end":{"line":514,"column":81}},"181":{"start":{"line":517,"column":10},"end":{"line":525,"column":11}},"182":{"start":{"line":522,"column":12},"end":{"line":522,"column":106}},"183":{"start":{"line":523,"column":12},"end":{"line":523,"column":37}},"184":{"start":{"line":524,"column":12},"end":{"line":524,"column":63}},"185":{"start":{"line":528,"column":8},"end":{"line":528,"column":76}},"186":{"start":{"line":532,"column":4},"end":{"line":532,"column":30}},"187":{"start":{"line":536,"column":2},"end":{"line":538,"column":3}},"188":{"start":{"line":537,"column":4},"end":{"line":537,"column":49}},"189":{"start":{"line":545,"column":31},"end":{"line":567,"column":3}},"190":{"start":{"line":546,"column":4},"end":{"line":546,"column":72}},"191":{"start":{"line":548,"column":4},"end":{"line":566,"column":5}},"192":{"start":{"line":550,"column":25},"end":{"line":553,"column":7}},"193":{"start":{"line":554,"column":6},"end":{"line":554,"column":71}},"194":{"start":{"line":555,"column":6},"end":{"line":555,"column":41}},"195":{"start":{"line":557,"column":6},"end":{"line":557,"column":44}},"196":{"start":{"line":558,"column":11},"end":{"line":566,"column":5}},"197":{"start":{"line":560,"column":6},"end":{"line":560,"column":69}},"198":{"start":{"line":561,"column":6},"end":{"line":561,"column":66}},"199":{"start":{"line":563,"column":6},"end":{"line":563,"column":22}},"200":{"start":{"line":565,"column":6},"end":{"line":565,"column":44}},"201":{"start":{"line":574,"column":30},"end":{"line":715,"column":3}},"202":{"start":{"line":575,"column":4},"end":{"line":714,"column":5}},"203":{"start":{"line":577,"column":8},"end":{"line":594,"column":10}},"204":{"start":{"line":580,"column":14},"end":{"line":590,"column":15}},"205":{"start":{"line":581,"column":16},"end":{"line":585,"column":17}},"206":{"start":{"line":582,"column":18},"end":{"line":582,"column":44}},"207":{"start":{"line":584,"column":18},"end":{"line":584,"column":43}},"208":{"start":{"line":586,"column":21},"end":{"line":590,"column":15}},"209":{"start":{"line":587,"column":16},"end":{"line":587,"column":39}},"210":{"start":{"line":589,"column":16},"end":{"line":589,"column":33}},"211":{"start":{"line":597,"column":8},"end":{"line":607,"column":10}},"212":{"start":{"line":610,"column":8},"end":{"line":634,"column":10}},"213":{"start":{"line":637,"column":8},"end":{"line":647,"column":10}},"214":{"start":{"line":650,"column":8},"end":{"line":657,"column":10}},"215":{"start":{"line":655,"column":31},"end":{"line":655,"column":68}},"216":{"start":{"line":660,"column":8},"end":{"line":668,"column":10}},"217":{"start":{"line":671,"column":8},"end":{"line":676,"column":10}},"218":{"start":{"line":679,"column":8},"end":{"line":688,"column":10}},"219":{"start":{"line":691,"column":8},"end":{"line":699,"column":10}},"220":{"start":{"line":702,"column":8},"end":{"line":710,"column":10}},"221":{"start":{"line":704,"column":31},"end":{"line":704,"column":57}},"222":{"start":{"line":713,"column":8},"end":{"line":713,"column":20}},"223":{"start":{"line":717,"column":2},"end":{"line":742,"column":4}},"224":{"start":{"line":732,"column":27},"end":{"line":732,"column":62}},"225":{"start":{"line":745,"column":15},"end":{"line":750,"column":2}}},"fnMap":{"0":{"name":"(anonymous_0)","decl":{"start":{"line":37,"column":22},"end":{"line":37,"column":23}},"loc":{"start":{"line":37,"column":46},"end":{"line":113,"column":3}},"line":37},"1":{"name":"(anonymous_1)","decl":{"start":{"line":120,"column":23},"end":{"line":120,"column":24}},"loc":{"start":{"line":120,"column":42},"end":{"line":125,"column":1}},"line":120},"2":{"name":"App","decl":{"start":{"line":131,"column":24},"end":{"line":131,"column":27}},"loc":{"start":{"line":131,"column":55},"end":{"line":743,"column":1}},"line":131},"3":{"name":"(anonymous_3)","decl":{"start":{"line":195,"column":43},"end":{"line":195,"column":44}},"loc":{"start":{"line":195,"column":49},"end":{"line":202,"column":3}},"line":195},"4":{"name":"(anonymous_4)","decl":{"start":{"line":209,"column":35},"end":{"line":209,"column":36}},"loc":{"start":{"line":209,"column":57},"end":{"line":257,"column":3}},"line":209},"5":{"name":"(anonymous_5)","decl":{"start":{"line":220,"column":19},"end":{"line":220,"column":20}},"loc":{"start":{"line":220,"column":25},"end":{"line":223,"column":9}},"line":220},"6":{"name":"(anonymous_6)","decl":{"start":{"line":244,"column":23},"end":{"line":244,"column":24}},"loc":{"start":{"line":244,"column":29},"end":{"line":247,"column":13}},"line":244},"7":{"name":"(anonymous_7)","decl":{"start":{"line":262,"column":12},"end":{"line":262,"column":13}},"loc":{"start":{"line":262,"column":18},"end":{"line":363,"column":3}},"line":262},"8":{"name":"(anonymous_8)","decl":{"start":{"line":263,"column":26},"end":{"line":263,"column":27}},"loc":{"start":{"line":263,"column":38},"end":{"line":360,"column":5}},"line":263},"9":{"name":"(anonymous_9)","decl":{"start":{"line":368,"column":12},"end":{"line":368,"column":13}},"loc":{"start":{"line":368,"column":18},"end":{"line":417,"column":3}},"line":368},"10":{"name":"(anonymous_10)","decl":{"start":{"line":371,"column":39},"end":{"line":371,"column":40}},"loc":{"start":{"line":371,"column":51},"end":{"line":414,"column":5}},"line":371},"11":{"name":"(anonymous_11)","decl":{"start":{"line":423,"column":27},"end":{"line":423,"column":28}},"loc":{"start":{"line":423,"column":39},"end":{"line":431,"column":3}},"line":423},"12":{"name":"(anonymous_12)","decl":{"start":{"line":433,"column":12},"end":{"line":433,"column":13}},"loc":{"start":{"line":433,"column":18},"end":{"line":505,"column":3}},"line":433},"13":{"name":"(anonymous_13)","decl":{"start":{"line":438,"column":31},"end":{"line":438,"column":32}},"loc":{"start":{"line":438,"column":43},"end":{"line":452,"column":5}},"line":438},"14":{"name":"(anonymous_14)","decl":{"start":{"line":458,"column":65},"end":{"line":458,"column":66}},"loc":{"start":{"line":458,"column":87},"end":{"line":497,"column":5}},"line":458},"15":{"name":"(anonymous_15)","decl":{"start":{"line":500,"column":11},"end":{"line":500,"column":12}},"loc":{"start":{"line":500,"column":17},"end":{"line":504,"column":5}},"line":500},"16":{"name":"(anonymous_16)","decl":{"start":{"line":508,"column":12},"end":{"line":508,"column":13}},"loc":{"start":{"line":508,"column":18},"end":{"line":533,"column":3}},"line":508},"17":{"name":"(anonymous_17)","decl":{"start":{"line":509,"column":36},"end":{"line":509,"column":37}},"loc":{"start":{"line":509,"column":48},"end":{"line":530,"column":5}},"line":509},"18":{"name":"(anonymous_18)","decl":{"start":{"line":545,"column":31},"end":{"line":545,"column":32}},"loc":{"start":{"line":545,"column":48},"end":{"line":567,"column":3}},"line":545},"19":{"name":"(anonymous_19)","decl":{"start":{"line":574,"column":30},"end":{"line":574,"column":31}},"loc":{"start":{"line":574,"column":36},"end":{"line":715,"column":3}},"line":574},"20":{"name":"(anonymous_20)","decl":{"start":{"line":579,"column":24},"end":{"line":579,"column":25}},"loc":{"start":{"line":579,"column":36},"end":{"line":591,"column":13}},"line":579},"21":{"name":"(anonymous_21)","decl":{"start":{"line":655,"column":25},"end":{"line":655,"column":26}},"loc":{"start":{"line":655,"column":31},"end":{"line":655,"column":68}},"line":655},"22":{"name":"(anonymous_22)","decl":{"start":{"line":704,"column":25},"end":{"line":704,"column":26}},"loc":{"start":{"line":704,"column":31},"end":{"line":704,"column":57}},"line":704},"23":{"name":"(anonymous_23)","decl":{"start":{"line":732,"column":21},"end":{"line":732,"column":22}},"loc":{"start":{"line":732,"column":27},"end":{"line":732,"column":62}},"line":732}},"branchMap":{"0":{"loc":{"start":{"line":43,"column":14},"end":{"line":43,"column":53}},"type":"binary-expr","locations":[{"start":{"line":43,"column":14},"end":{"line":43,"column":47}},{"start":{"line":43,"column":51},"end":{"line":43,"column":53}}],"line":43},"1":{"loc":{"start":{"line":51,"column":6},"end":{"line":96,"column":7}},"type":"if","locations":[{"start":{"line":51,"column":6},"end":{"line":96,"column":7}},{"start":{},"end":{}}],"line":51},"2":{"loc":{"start":{"line":51,"column":10},"end":{"line":53,"column":51}},"type":"binary-expr","locations":[{"start":{"line":51,"column":10},"end":{"line":51,"column":50}},{"start":{"line":52,"column":10},"end":{"line":52,"column":31}},{"start":{"line":53,"column":10},"end":{"line":53,"column":51}}],"line":51},"3":{"loc":{"start":{"line":58,"column":32},"end":{"line":58,"column":68}},"type":"binary-expr","locations":[{"start":{"line":58,"column":32},"end":{"line":58,"column":63}},{"start":{"line":58,"column":67},"end":{"line":58,"column":68}}],"line":58},"4":{"loc":{"start":{"line":64,"column":8},"end":{"line":71,"column":9}},"type":"if","locations":[{"start":{"line":64,"column":8},"end":{"line":71,"column":9}},{"start":{},"end":{}}],"line":64},"5":{"loc":{"start":{"line":77,"column":30},"end":{"line":77,"column":67}},"type":"cond-expr","locations":[{"start":{"line":77,"column":45},"end":{"line":77,"column":60}},{"start":{"line":77,"column":63},"end":{"line":77,"column":67}}],"line":77},"6":{"loc":{"start":{"line":79,"column":10},"end":{"line":92,"column":11}},"type":"if","locations":[{"start":{"line":79,"column":10},"end":{"line":92,"column":11}},{"start":{},"end":{}}],"line":79},"7":{"loc":{"start":{"line":84,"column":12},"end":{"line":91,"column":13}},"type":"if","locations":[{"start":{"line":84,"column":12},"end":{"line":91,"column":13}},{"start":{},"end":{}}],"line":84},"8":{"loc":{"start":{"line":84,"column":16},"end":{"line":84,"column":76}},"type":"binary-expr","locations":[{"start":{"line":84,"column":16},"end":{"line":84,"column":33}},{"start":{"line":84,"column":37},"end":{"line":84,"column":76}}],"line":84},"9":{"loc":{"start":{"line":197,"column":4},"end":{"line":201,"column":5}},"type":"if","locations":[{"start":{"line":197,"column":4},"end":{"line":201,"column":5}},{"start":{"line":199,"column":11},"end":{"line":201,"column":5}}],"line":197},"10":{"loc":{"start":{"line":211,"column":66},"end":{"line":211,"column":101}},"type":"cond-expr","locations":[{"start":{"line":211,"column":79},"end":{"line":211,"column":88}},{"start":{"line":211,"column":91},"end":{"line":211,"column":101}}],"line":211},"11":{"loc":{"start":{"line":218,"column":6},"end":{"line":224,"column":7}},"type":"if","locations":[{"start":{"line":218,"column":6},"end":{"line":224,"column":7}},{"start":{},"end":{}}],"line":218},"12":{"loc":{"start":{"line":222,"column":19},"end":{"line":222,"column":82}},"type":"cond-expr","locations":[{"start":{"line":222,"column":50},"end":{"line":222,"column":65}},{"start":{"line":222,"column":68},"end":{"line":222,"column":82}}],"line":222},"13":{"loc":{"start":{"line":229,"column":6},"end":{"line":255,"column":7}},"type":"if","locations":[{"start":{"line":229,"column":6},"end":{"line":255,"column":7}},{"start":{"line":253,"column":13},"end":{"line":255,"column":7}}],"line":229},"14":{"loc":{"start":{"line":229,"column":10},"end":{"line":233,"column":7}},"type":"binary-expr","locations":[{"start":{"line":229,"column":10},"end":{"line":229,"column":23}},{"start":{"line":230,"column":8},"end":{"line":230,"column":41}},{"start":{"line":231,"column":8},"end":{"line":231,"column":42}},{"start":{"line":232,"column":8},"end":{"line":232,"column":44}}],"line":229},"15":{"loc":{"start":{"line":242,"column":10},"end":{"line":248,"column":11}},"type":"if","locations":[{"start":{"line":242,"column":10},"end":{"line":248,"column":11}},{"start":{},"end":{}}],"line":242},"16":{"loc":{"start":{"line":246,"column":23},"end":{"line":246,"column":86}},"type":"cond-expr","locations":[{"start":{"line":246,"column":54},"end":{"line":246,"column":69}},{"start":{"line":246,"column":72},"end":{"line":246,"column":86}}],"line":246},"17":{"loc":{"start":{"line":267,"column":6},"end":{"line":269,"column":7}},"type":"if","locations":[{"start":{"line":267,"column":6},"end":{"line":269,"column":7}},{"start":{},"end":{}}],"line":267},"18":{"loc":{"start":{"line":294,"column":8},"end":{"line":324,"column":9}},"type":"if","locations":[{"start":{"line":294,"column":8},"end":{"line":324,"column":9}},{"start":{"line":322,"column":15},"end":{"line":324,"column":9}}],"line":294},"19":{"loc":{"start":{"line":298,"column":29},"end":{"line":298,"column":92}},"type":"cond-expr","locations":[{"start":{"line":298,"column":52},"end":{"line":298,"column":84}},{"start":{"line":298,"column":87},"end":{"line":298,"column":92}}],"line":298},"20":{"loc":{"start":{"line":301,"column":12},"end":{"line":303,"column":13}},"type":"if","locations":[{"start":{"line":301,"column":12},"end":{"line":303,"column":13}},{"start":{},"end":{}}],"line":301},"21":{"loc":{"start":{"line":309,"column":12},"end":{"line":313,"column":13}},"type":"if","locations":[{"start":{"line":309,"column":12},"end":{"line":313,"column":13}},{"start":{"line":311,"column":19},"end":{"line":313,"column":13}}],"line":309},"22":{"loc":{"start":{"line":309,"column":16},"end":{"line":309,"column":97}},"type":"binary-expr","locations":[{"start":{"line":309,"column":16},"end":{"line":309,"column":24}},{"start":{"line":309,"column":28},"end":{"line":309,"column":61}},{"start":{"line":309,"column":65},"end":{"line":309,"column":97}}],"line":309},"23":{"loc":{"start":{"line":310,"column":23},"end":{"line":310,"column":86}},"type":"cond-expr","locations":[{"start":{"line":310,"column":54},"end":{"line":310,"column":69}},{"start":{"line":310,"column":72},"end":{"line":310,"column":86}}],"line":310},"24":{"loc":{"start":{"line":311,"column":19},"end":{"line":313,"column":13}},"type":"if","locations":[{"start":{"line":311,"column":19},"end":{"line":313,"column":13}},{"start":{},"end":{}}],"line":311},"25":{"loc":{"start":{"line":311,"column":23},"end":{"line":311,"column":70}},"type":"binary-expr","locations":[{"start":{"line":311,"column":23},"end":{"line":311,"column":32}},{"start":{"line":311,"column":36},"end":{"line":311,"column":70}}],"line":311},"26":{"loc":{"start":{"line":318,"column":12},"end":{"line":320,"column":13}},"type":"if","locations":[{"start":{"line":318,"column":12},"end":{"line":320,"column":13}},{"start":{},"end":{}}],"line":318},"27":{"loc":{"start":{"line":327,"column":8},"end":{"line":356,"column":9}},"type":"if","locations":[{"start":{"line":327,"column":8},"end":{"line":356,"column":9}},{"start":{"line":349,"column":15},"end":{"line":356,"column":9}}],"line":327},"28":{"loc":{"start":{"line":327,"column":12},"end":{"line":331,"column":49}},"type":"binary-expr","locations":[{"start":{"line":327,"column":12},"end":{"line":327,"column":25}},{"start":{"line":328,"column":12},"end":{"line":328,"column":55}},{"start":{"line":329,"column":12},"end":{"line":329,"column":45}},{"start":{"line":330,"column":12},"end":{"line":330,"column":46}},{"start":{"line":331,"column":12},"end":{"line":331,"column":48}}],"line":327},"29":{"loc":{"start":{"line":346,"column":10},"end":{"line":348,"column":11}},"type":"if","locations":[{"start":{"line":346,"column":10},"end":{"line":348,"column":11}},{"start":{},"end":{}}],"line":346},"30":{"loc":{"start":{"line":353,"column":10},"end":{"line":355,"column":11}},"type":"if","locations":[{"start":{"line":353,"column":10},"end":{"line":355,"column":11}},{"start":{},"end":{}}],"line":353},"31":{"loc":{"start":{"line":369,"column":4},"end":{"line":369,"column":32}},"type":"if","locations":[{"start":{"line":369,"column":4},"end":{"line":369,"column":32}},{"start":{},"end":{}}],"line":369},"32":{"loc":{"start":{"line":373,"column":6},"end":{"line":373,"column":67}},"type":"if","locations":[{"start":{"line":373,"column":6},"end":{"line":373,"column":67}},{"start":{},"end":{}}],"line":373},"33":{"loc":{"start":{"line":383,"column":8},"end":{"line":389,"column":9}},"type":"if","locations":[{"start":{"line":383,"column":8},"end":{"line":389,"column":9}},{"start":{"line":387,"column":13},"end":{"line":389,"column":9}}],"line":383},"34":{"loc":{"start":{"line":383,"column":12},"end":{"line":383,"column":66}},"type":"binary-expr","locations":[{"start":{"line":383,"column":12},"end":{"line":383,"column":28}},{"start":{"line":383,"column":32},"end":{"line":383,"column":66}}],"line":383},"35":{"loc":{"start":{"line":384,"column":19},"end":{"line":384,"column":82}},"type":"cond-expr","locations":[{"start":{"line":384,"column":50},"end":{"line":384,"column":65}},{"start":{"line":384,"column":68},"end":{"line":384,"column":82}}],"line":384},"36":{"loc":{"start":{"line":387,"column":13},"end":{"line":389,"column":9}},"type":"if","locations":[{"start":{"line":387,"column":13},"end":{"line":389,"column":9}},{"start":{},"end":{}}],"line":387},"37":{"loc":{"start":{"line":387,"column":17},"end":{"line":387,"column":71}},"type":"binary-expr","locations":[{"start":{"line":387,"column":17},"end":{"line":387,"column":34}},{"start":{"line":387,"column":38},"end":{"line":387,"column":71}}],"line":387},"38":{"loc":{"start":{"line":394,"column":8},"end":{"line":412,"column":9}},"type":"if","locations":[{"start":{"line":394,"column":8},"end":{"line":412,"column":9}},{"start":{"line":410,"column":15},"end":{"line":412,"column":9}}],"line":394},"39":{"loc":{"start":{"line":394,"column":12},"end":{"line":398,"column":9}},"type":"binary-expr","locations":[{"start":{"line":394,"column":12},"end":{"line":394,"column":25}},{"start":{"line":395,"column":10},"end":{"line":395,"column":43}},{"start":{"line":396,"column":10},"end":{"line":396,"column":44}},{"start":{"line":397,"column":10},"end":{"line":397,"column":46}}],"line":394},"40":{"loc":{"start":{"line":442,"column":8},"end":{"line":444,"column":9}},"type":"if","locations":[{"start":{"line":442,"column":8},"end":{"line":444,"column":9}},{"start":{},"end":{}}],"line":442},"41":{"loc":{"start":{"line":471,"column":33},"end":{"line":471,"column":60}},"type":"binary-expr","locations":[{"start":{"line":471,"column":33},"end":{"line":471,"column":54}},{"start":{"line":471,"column":58},"end":{"line":471,"column":60}}],"line":471},"42":{"loc":{"start":{"line":472,"column":28},"end":{"line":472,"column":111}},"type":"cond-expr","locations":[{"start":{"line":472,"column":67},"end":{"line":472,"column":104}},{"start":{"line":472,"column":107},"end":{"line":472,"column":111}}],"line":472},"43":{"loc":{"start":{"line":485,"column":8},"end":{"line":493,"column":9}},"type":"if","locations":[{"start":{"line":485,"column":8},"end":{"line":493,"column":9}},{"start":{},"end":{}}],"line":485},"44":{"loc":{"start":{"line":489,"column":10},"end":{"line":492,"column":11}},"type":"if","locations":[{"start":{"line":489,"column":10},"end":{"line":492,"column":11}},{"start":{},"end":{}}],"line":489},"45":{"loc":{"start":{"line":489,"column":14},"end":{"line":489,"column":69}},"type":"binary-expr","locations":[{"start":{"line":489,"column":14},"end":{"line":489,"column":34}},{"start":{"line":489,"column":38},"end":{"line":489,"column":69}}],"line":489},"46":{"loc":{"start":{"line":501,"column":6},"end":{"line":503,"column":7}},"type":"if","locations":[{"start":{"line":501,"column":6},"end":{"line":503,"column":7}},{"start":{},"end":{}}],"line":501},"47":{"loc":{"start":{"line":517,"column":10},"end":{"line":525,"column":11}},"type":"if","locations":[{"start":{"line":517,"column":10},"end":{"line":525,"column":11}},{"start":{},"end":{}}],"line":517},"48":{"loc":{"start":{"line":517,"column":14},"end":{"line":521,"column":11}},"type":"binary-expr","locations":[{"start":{"line":517,"column":14},"end":{"line":517,"column":32}},{"start":{"line":518,"column":12},"end":{"line":518,"column":50}},{"start":{"line":519,"column":12},"end":{"line":519,"column":51}},{"start":{"line":520,"column":12},"end":{"line":520,"column":53}}],"line":517},"49":{"loc":{"start":{"line":536,"column":2},"end":{"line":538,"column":3}},"type":"if","locations":[{"start":{"line":536,"column":2},"end":{"line":538,"column":3}},{"start":{},"end":{}}],"line":536},"50":{"loc":{"start":{"line":536,"column":6},"end":{"line":536,"column":53}},"type":"binary-expr","locations":[{"start":{"line":536,"column":6},"end":{"line":536,"column":18}},{"start":{"line":536,"column":22},"end":{"line":536,"column":40}},{"start":{"line":536,"column":44},"end":{"line":536,"column":53}}],"line":536},"51":{"loc":{"start":{"line":548,"column":4},"end":{"line":566,"column":5}},"type":"if","locations":[{"start":{"line":548,"column":4},"end":{"line":566,"column":5}},{"start":{"line":558,"column":11},"end":{"line":566,"column":5}}],"line":548},"52":{"loc":{"start":{"line":558,"column":11},"end":{"line":566,"column":5}},"type":"if","locations":[{"start":{"line":558,"column":11},"end":{"line":566,"column":5}},{"start":{},"end":{}}],"line":558},"53":{"loc":{"start":{"line":558,"column":15},"end":{"line":558,"column":67}},"type":"binary-expr","locations":[{"start":{"line":558,"column":15},"end":{"line":558,"column":41}},{"start":{"line":558,"column":45},"end":{"line":558,"column":67}}],"line":558},"54":{"loc":{"start":{"line":575,"column":4},"end":{"line":714,"column":5}},"type":"switch","locations":[{"start":{"line":576,"column":6},"end":{"line":594,"column":10}},{"start":{"line":596,"column":6},"end":{"line":607,"column":10}},{"start":{"line":609,"column":6},"end":{"line":634,"column":10}},{"start":{"line":636,"column":6},"end":{"line":647,"column":10}},{"start":{"line":649,"column":6},"end":{"line":657,"column":10}},{"start":{"line":659,"column":6},"end":{"line":668,"column":10}},{"start":{"line":670,"column":6},"end":{"line":676,"column":10}},{"start":{"line":678,"column":6},"end":{"line":688,"column":10}},{"start":{"line":690,"column":6},"end":{"line":699,"column":10}},{"start":{"line":701,"column":6},"end":{"line":710,"column":10}},{"start":{"line":712,"column":6},"end":{"line":713,"column":20}}],"line":575},"55":{"loc":{"start":{"line":580,"column":14},"end":{"line":590,"column":15}},"type":"if","locations":[{"start":{"line":580,"column":14},"end":{"line":590,"column":15}},{"start":{"line":586,"column":21},"end":{"line":590,"column":15}}],"line":580},"56":{"loc":{"start":{"line":581,"column":16},"end":{"line":585,"column":17}},"type":"if","locations":[{"start":{"line":581,"column":16},"end":{"line":585,"column":17}},{"start":{"line":583,"column":23},"end":{"line":585,"column":17}}],"line":581},"57":{"loc":{"start":{"line":586,"column":21},"end":{"line":590,"column":15}},"type":"if","locations":[{"start":{"line":586,"column":21},"end":{"line":590,"column":15}},{"start":{"line":588,"column":21},"end":{"line":590,"column":15}}],"line":586},"58":{"loc":{"start":{"line":652,"column":22},"end":{"line":652,"column":36}},"type":"binary-expr","locations":[{"start":{"line":652,"column":22},"end":{"line":652,"column":30}},{"start":{"line":652,"column":34},"end":{"line":652,"column":36}}],"line":652},"59":{"loc":{"start":{"line":720,"column":47},"end":{"line":720,"column":67}},"type":"binary-expr","locations":[{"start":{"line":720,"column":47},"end":{"line":720,"column":53}},{"start":{"line":720,"column":57},"end":{"line":720,"column":67}}],"line":720}},"s":{"0":0,"1":0,"2":0,"3":0,"4":0,"5":0,"6":0,"7":0,"8":0,"9":0,"10":0,"11":0,"12":0,"13":0,"14":0,"15":0,"16":0,"17":0,"18":0,"19":0,"20":0,"21":0,"22":0,"23":0,"24":0,"25":0,"26":0,"27":0,"28":0,"29":0,"30":0,"31":0,"32":0,"33":0,"34":0,"35":0,"36":0,"37":0,"38":0,"39":0,"40":0,"41":0,"42":0,"43":0,"44":0,"45":0,"46":0,"47":0,"48":0,"49":0,"50":0,"51":0,"52":0,"53":0,"54":0,"55":0,"56":0,"57":0,"58":0,"59":0,"60":0,"61":0,"62":0,"63":0,"64":0,"65":0,"66":0,"67":0,"68":0,"69":0,"70":0,"71":0,"72":0,"73":0,"74":0,"75":0,"76":0,"77":0,"78":0,"79":0,"80":0,"81":0,"82":0,"83":0,"84":0,"85":0,"86":0,"87":0,"88":0,"89":0,"90":0,"91":0,"92":0,"93":0,"94":0,"95":0,"96":0,"97":0,"98":0,"99":0,"100":0,"101":0,"102":0,"103":0,"104":0,"105":0,"106":0,"107":0,"108":0,"109":0,"110":0,"111":0,"112":0,"113":0,"114":0,"115":0,"116":0,"117":0,"118":0,"119":0,"120":0,"121":0,"122":0,"123":0,"124":0,"125":0,"126":0,"127":0,"128":0,"129":0,"130":0,"131":0,"132":0,"133":0,"134":0,"135":0,"136":0,"137":0,"138":0,"139":0,"140":0,"141":0,"142":0,"143":0,"144":0,"145":0,"146":0,"147":0,"148":0,"149":0,"150":0,"151":0,"152":0,"153":0,"154":0,"155":0,"156":0,"157":0,"158":0,"159":0,"160":0,"161":0,"162":0,"163":0,"164":0,"165":0,"166":0,"167":0,"168":0,"169":0,"170":0,"171":0,"172":0,"173":0,"174":0,"175":0,"176":0,"177":0,"178":0,"179":0,"180":0,"181":0,"182":0,"183":0,"184":0,"185":0,"186":0,"187":0,"188":0,"189":0,"190":0,"191":0,"192":0,"193":0,"194":0,"195":0,"196":0,"197":0,"198":0,"199":0,"200":0,"201":0,"202":0,"203":0,"204":0,"205":0,"206":0,"207":0,"208":0,"209":0,"210":0,"211":0,"212":0,"213":0,"214":0,"215":0,"216":0,"217":0,"218":0,"219":0,"220":0,"221":0,"222":0,"223":0,"224":0,"225":0},"f":{"0":0,"1":0,"2":0,"3":0,"4":0,"5":0,"6":0,"7":0,"8":0,"9":0,"10":0,"11":0,"12":0,"13":0,"14":0,"15":0,"16":0,"17":0,"18":0,"19":0,"20":0,"21":0,"22":0,"23":0},"b":{"0":[0,0],"1":[0,0],"2":[0,0,0],"3":[0,0],"4":[0,0],"5":[0,0],"6":[0,0],"7":[0,0],"8":[0,0],"9":[0,0],"10":[0,0],"11":[0,0],"12":[0,0],"13":[0,0],"14":[0,0,0,0],"15":[0,0],"16":[0,0],"17":[0,0],"18":[0,0],"19":[0,0],"20":[0,0],"21":[0,0],"22":[0,0,0],"23":[0,0],"24":[0,0],"25":[0,0],"26":[0,0],"27":[0,0],"28":[0,0,0,0,0],"29":[0,0],"30":[0,0],"31":[0,0],"32":[0,0],"33":[0,0],"34":[0,0],"35":[0,0],"36":[0,0],"37":[0,0],"38":[0,0],"39":[0,0,0,0],"40":[0,0],"41":[0,0],"42":[0,0],"43":[0,0],"44":[0,0],"45":[0,0],"46":[0,0],"47":[0,0],"48":[0,0,0,0],"49":[0,0],"50":[0,0,0],"51":[0,0],"52":[0,0],"53":[0,0],"54":[0,0,0,0,0,0,0,0,0,0,0],"55":[0,0],"56":[0,0],"57":[0,0],"58":[0,0],"59":[0,0]}}
,"C:\\Users\\Leancure\\Desktop\\LeancureAppReactNative-main\\jest.config.js": {"path":"C:\\Users\\Leancure\\Desktop\\LeancureAppReactNative-main\\jest.config.js","statementMap":{"0":{"start":{"line":1,"column":0},"end":{"line":21,"column":2}}},"fnMap":{},"branchMap":{},"s":{"0":0},"f":{},"b":{}}
,"C:\\Users\\Leancure\\Desktop\\LeancureAppReactNative-main\\react-native.config.js": {"path":"C:\\Users\\Leancure\\Desktop\\LeancureAppReactNative-main\\react-native.config.js","statementMap":{"0":{"start":{"line":1,"column":0},"end":{"line":8,"column":2}}},"fnMap":{},"branchMap":{},"s":{"0":0},"f":{},"b":{}}
,"C:\\Users\\Leancure\\Desktop\\LeancureAppReactNative-main\\test-notification.js": {"path":"C:\\Users\\Leancure\\Desktop\\LeancureAppReactNative-main\\test-notification.js","statementMap":{"0":{"start":{"line":1,"column":14},"end":{"line":1,"column":30}},"1":{"start":{"line":4,"column":18},"end":{"line":25,"column":3}},"2":{"start":{"line":27,"column":2},"end":{"line":27,"column":52}},"3":{"start":{"line":28,"column":2},"end":{"line":40,"column":3}},"4":{"start":{"line":29,"column":21},"end":{"line":34,"column":6}},"5":{"start":{"line":35,"column":4},"end":{"line":35,"column":43}},"6":{"start":{"line":36,"column":4},"end":{"line":36,"column":25}},"7":{"start":{"line":38,"column":4},"end":{"line":38,"column":68}},"8":{"start":{"line":39,"column":4},"end":{"line":39,"column":16}},"9":{"start":{"line":43,"column":14},"end":{"line":43,"column":57}},"10":{"start":{"line":44,"column":0},"end":{"line":44,"column":28}}},"fnMap":{"0":{"name":"sendTestNotification","decl":{"start":{"line":3,"column":15},"end":{"line":3,"column":35}},"loc":{"start":{"line":3,"column":43},"end":{"line":41,"column":1}},"line":3}},"branchMap":{"0":{"loc":{"start":{"line":38,"column":29},"end":{"line":38,"column":66}},"type":"binary-expr","locations":[{"start":{"line":38,"column":29},"end":{"line":38,"column":49}},{"start":{"line":38,"column":53},"end":{"line":38,"column":66}}],"line":38}},"s":{"0":0,"1":0,"2":0,"3":0,"4":0,"5":0,"6":0,"7":0,"8":0,"9":0,"10":0},"f":{"0":0},"b":{"0":[0,0]}}
,"C:\\Users\\Leancure\\Desktop\\LeancureAppReactNative-main\\.expo\\metro\\polyfill.js": {"path":"C:\\Users\\Leancure\\Desktop\\LeancureAppReactNative-main\\.expo\\metro\\polyfill.js","statementMap":{"0":{"start":{"line":1,"column":0},"end":{"line":1,"column":81}},"1":{"start":{"line":1,"column":76},"end":{"line":1,"column":80}}},"fnMap":{"0":{"name":"(anonymous_0)","decl":{"start":{"line":1,"column":70},"end":{"line":1,"column":71}},"loc":{"start":{"line":1,"column":76},"end":{"line":1,"column":80}},"line":1}},"branchMap":{"0":{"loc":{"start":{"line":1,"column":28},"end":{"line":1,"column":80}},"type":"cond-expr","locations":[{"start":{"line":1,"column":60},"end":{"line":1,"column":67}},{"start":{"line":1,"column":70},"end":{"line":1,"column":80}}],"line":1}},"s":{"0":0,"1":0},"f":{"0":0},"b":{"0":[0,0]}}
,"C:\\Users\\Leancure\\Desktop\\LeancureAppReactNative-main\\.expo\\metro\\polyfill.native.js": {"path":"C:\\Users\\Leancure\\Desktop\\LeancureAppReactNative-main\\.expo\\metro\\polyfill.native.js","statementMap":{"0":{"start":{"line":1,"column":0},"end":{"line":1,"column":155}},"1":{"start":{"line":1,"column":43},"end":{"line":1,"column":154}}},"fnMap":{"0":{"name":"(anonymous_0)","decl":{"start":{"line":1,"column":28},"end":{"line":1,"column":29}},"loc":{"start":{"line":1,"column":42},"end":{"line":1,"column":155}},"line":1}},"branchMap":{},"s":{"0":0,"1":0},"f":{"0":0},"b":{}}
,"C:\\Users\\Leancure\\Desktop\\LeancureAppReactNative-main\\.expo\\metro\\externals\\assert\\index.js": {"path":"C:\\Users\\Leancure\\Desktop\\LeancureAppReactNative-main\\.expo\\metro\\externals\\assert\\index.js","statementMap":{"0":{"start":{"line":1,"column":0},"end":{"line":1,"column":51}}},"fnMap":{},"branchMap":{},"s":{"0":0},"f":{},"b":{}}
,"C:\\Users\\Leancure\\Desktop\\LeancureAppReactNative-main\\.expo\\metro\\externals\\async_hooks\\index.js": {"path":"C:\\Users\\Leancure\\Desktop\\LeancureAppReactNative-main\\.expo\\metro\\externals\\async_hooks\\index.js","statementMap":{"0":{"start":{"line":1,"column":0},"end":{"line":1,"column":56}}},"fnMap":{},"branchMap":{},"s":{"0":0},"f":{},"b":{}}
,"C:\\Users\\Leancure\\Desktop\\LeancureAppReactNative-main\\.expo\\metro\\externals\\buffer\\index.js": {"path":"C:\\Users\\Leancure\\Desktop\\LeancureAppReactNative-main\\.expo\\metro\\externals\\buffer\\index.js","statementMap":{"0":{"start":{"line":1,"column":0},"end":{"line":1,"column":51}}},"fnMap":{},"branchMap":{},"s":{"0":0},"f":{},"b":{}}
,"C:\\Users\\Leancure\\Desktop\\LeancureAppReactNative-main\\.expo\\metro\\externals\\child_process\\index.js": {"path":"C:\\Users\\Leancure\\Desktop\\LeancureAppReactNative-main\\.expo\\metro\\externals\\child_process\\index.js","statementMap":{"0":{"start":{"line":1,"column":0},"end":{"line":1,"column":58}}},"fnMap":{},"branchMap":{},"s":{"0":0},"f":{},"b":{}}
,"C:\\Users\\Leancure\\Desktop\\LeancureAppReactNative-main\\.expo\\metro\\externals\\cluster\\index.js": {"path":"C:\\Users\\Leancure\\Desktop\\LeancureAppReactNative-main\\.expo\\metro\\externals\\cluster\\index.js","statementMap":{"0":{"start":{"line":1,"column":0},"end":{"line":1,"column":52}}},"fnMap":{},"branchMap":{},"s":{"0":0},"f":{},"b":{}}
,"C:\\Users\\Leancure\\Desktop\\LeancureAppReactNative-main\\.expo\\metro\\externals\\console\\index.js": {"path":"C:\\Users\\Leancure\\Desktop\\LeancureAppReactNative-main\\.expo\\metro\\externals\\console\\index.js","statementMap":{"0":{"start":{"line":1,"column":0},"end":{"line":1,"column":52}}},"fnMap":{},"branchMap":{},"s":{"0":0},"f":{},"b":{}}
,"C:\\Users\\Leancure\\Desktop\\LeancureAppReactNative-main\\.expo\\metro\\externals\\constants\\index.js": {"path":"C:\\Users\\Leancure\\Desktop\\LeancureAppReactNative-main\\.expo\\metro\\externals\\constants\\index.js","statementMap":{"0":{"start":{"line":1,"column":0},"end":{"line":1,"column":54}}},"fnMap":{},"branchMap":{},"s":{"0":0},"f":{},"b":{}}
,"C:\\Users\\Leancure\\Desktop\\LeancureAppReactNative-main\\.expo\\metro\\externals\\crypto\\index.js": {"path":"C:\\Users\\Leancure\\Desktop\\LeancureAppReactNative-main\\.expo\\metro\\externals\\crypto\\index.js","statementMap":{"0":{"start":{"line":1,"column":0},"end":{"line":1,"column":51}}},"fnMap":{},"branchMap":{},"s":{"0":0},"f":{},"b":{}}
,"C:\\Users\\Leancure\\Desktop\\LeancureAppReactNative-main\\.expo\\metro\\externals\\dgram\\index.js": {"path":"C:\\Users\\Leancure\\Desktop\\LeancureAppReactNative-main\\.expo\\metro\\externals\\dgram\\index.js","statementMap":{"0":{"start":{"line":1,"column":0},"end":{"line":1,"column":50}}},"fnMap":{},"branchMap":{},"s":{"0":0},"f":{},"b":{}}
,"C:\\Users\\Leancure\\Desktop\\LeancureAppReactNative-main\\.expo\\metro\\externals\\diagnostics_channel\\index.js": {"path":"C:\\Users\\Leancure\\Desktop\\LeancureAppReactNative-main\\.expo\\metro\\externals\\diagnostics_channel\\index.js","statementMap":{"0":{"start":{"line":1,"column":0},"end":{"line":1,"column":64}}},"fnMap":{},"branchMap":{},"s":{"0":0},"f":{},"b":{}}
,"C:\\Users\\Leancure\\Desktop\\LeancureAppReactNative-main\\.expo\\metro\\externals\\dns\\index.js": {"path":"C:\\Users\\Leancure\\Desktop\\LeancureAppReactNative-main\\.expo\\metro\\externals\\dns\\index.js","statementMap":{"0":{"start":{"line":1,"column":0},"end":{"line":1,"column":48}}},"fnMap":{},"branchMap":{},"s":{"0":0},"f":{},"b":{}}
,"C:\\Users\\Leancure\\Desktop\\LeancureAppReactNative-main\\.expo\\metro\\externals\\domain\\index.js": {"path":"C:\\Users\\Leancure\\Desktop\\LeancureAppReactNative-main\\.expo\\metro\\externals\\domain\\index.js","statementMap":{"0":{"start":{"line":1,"column":0},"end":{"line":1,"column":51}}},"fnMap":{},"branchMap":{},"s":{"0":0},"f":{},"b":{}}
,"C:\\Users\\Leancure\\Desktop\\LeancureAppReactNative-main\\.expo\\metro\\externals\\events\\index.js": {"path":"C:\\Users\\Leancure\\Desktop\\LeancureAppReactNative-main\\.expo\\metro\\externals\\events\\index.js","statementMap":{"0":{"start":{"line":1,"column":0},"end":{"line":1,"column":51}}},"fnMap":{},"branchMap":{},"s":{"0":0},"f":{},"b":{}}
,"C:\\Users\\Leancure\\Desktop\\LeancureAppReactNative-main\\.expo\\metro\\externals\\fs\\index.js": {"path":"C:\\Users\\Leancure\\Desktop\\LeancureAppReactNative-main\\.expo\\metro\\externals\\fs\\index.js","statementMap":{"0":{"start":{"line":1,"column":0},"end":{"line":1,"column":47}}},"fnMap":{},"branchMap":{},"s":{"0":0},"f":{},"b":{}}
,"C:\\Users\\Leancure\\Desktop\\LeancureAppReactNative-main\\.expo\\metro\\externals\\fs\\promises\\index.js": {"path":"C:\\Users\\Leancure\\Desktop\\LeancureAppReactNative-main\\.expo\\metro\\externals\\fs\\promises\\index.js","statementMap":{"0":{"start":{"line":1,"column":0},"end":{"line":1,"column":56}}},"fnMap":{},"branchMap":{},"s":{"0":0},"f":{},"b":{}}
,"C:\\Users\\Leancure\\Desktop\\LeancureAppReactNative-main\\.expo\\metro\\externals\\http\\index.js": {"path":"C:\\Users\\Leancure\\Desktop\\LeancureAppReactNative-main\\.expo\\metro\\externals\\http\\index.js","statementMap":{"0":{"start":{"line":1,"column":0},"end":{"line":1,"column":49}}},"fnMap":{},"branchMap":{},"s":{"0":0},"f":{},"b":{}}
,"C:\\Users\\Leancure\\Desktop\\LeancureAppReactNative-main\\.expo\\metro\\externals\\http2\\index.js": {"path":"C:\\Users\\Leancure\\Desktop\\LeancureAppReactNative-main\\.expo\\metro\\externals\\http2\\index.js","statementMap":{"0":{"start":{"line":1,"column":0},"end":{"line":1,"column":50}}},"fnMap":{},"branchMap":{},"s":{"0":0},"f":{},"b":{}}
,"C:\\Users\\Leancure\\Desktop\\LeancureAppReactNative-main\\.expo\\metro\\externals\\https\\index.js": {"path":"C:\\Users\\Leancure\\Desktop\\LeancureAppReactNative-main\\.expo\\metro\\externals\\https\\index.js","statementMap":{"0":{"start":{"line":1,"column":0},"end":{"line":1,"column":50}}},"fnMap":{},"branchMap":{},"s":{"0":0},"f":{},"b":{}}
,"C:\\Users\\Leancure\\Desktop\\LeancureAppReactNative-main\\.expo\\metro\\externals\\inspector\\index.js": {"path":"C:\\Users\\Leancure\\Desktop\\LeancureAppReactNative-main\\.expo\\metro\\externals\\inspector\\index.js","statementMap":{"0":{"start":{"line":1,"column":0},"end":{"line":1,"column":54}}},"fnMap":{},"branchMap":{},"s":{"0":0},"f":{},"b":{}}
,"C:\\Users\\Leancure\\Desktop\\LeancureAppReactNative-main\\.expo\\metro\\externals\\module\\index.js": {"path":"C:\\Users\\Leancure\\Desktop\\LeancureAppReactNative-main\\.expo\\metro\\externals\\module\\index.js","statementMap":{"0":{"start":{"line":1,"column":0},"end":{"line":1,"column":51}}},"fnMap":{},"branchMap":{},"s":{"0":0},"f":{},"b":{}}
,"C:\\Users\\Leancure\\Desktop\\LeancureAppReactNative-main\\.expo\\metro\\externals\\net\\index.js": {"path":"C:\\Users\\Leancure\\Desktop\\LeancureAppReactNative-main\\.expo\\metro\\externals\\net\\index.js","statementMap":{"0":{"start":{"line":1,"column":0},"end":{"line":1,"column":48}}},"fnMap":{},"branchMap":{},"s":{"0":0},"f":{},"b":{}}
,"C:\\Users\\Leancure\\Desktop\\LeancureAppReactNative-main\\.expo\\metro\\externals\\os\\index.js": {"path":"C:\\Users\\Leancure\\Desktop\\LeancureAppReactNative-main\\.expo\\metro\\externals\\os\\index.js","statementMap":{"0":{"start":{"line":1,"column":0},"end":{"line":1,"column":47}}},"fnMap":{},"branchMap":{},"s":{"0":0},"f":{},"b":{}}
,"C:\\Users\\Leancure\\Desktop\\LeancureAppReactNative-main\\.expo\\metro\\externals\\path\\index.js": {"path":"C:\\Users\\Leancure\\Desktop\\LeancureAppReactNative-main\\.expo\\metro\\externals\\path\\index.js","statementMap":{"0":{"start":{"line":1,"column":0},"end":{"line":1,"column":49}}},"fnMap":{},"branchMap":{},"s":{"0":0},"f":{},"b":{}}
,"C:\\Users\\Leancure\\Desktop\\LeancureAppReactNative-main\\.expo\\metro\\externals\\perf_hooks\\index.js": {"path":"C:\\Users\\Leancure\\Desktop\\LeancureAppReactNative-main\\.expo\\metro\\externals\\perf_hooks\\index.js","statementMap":{"0":{"start":{"line":1,"column":0},"end":{"line":1,"column":55}}},"fnMap":{},"branchMap":{},"s":{"0":0},"f":{},"b":{}}
,"C:\\Users\\Leancure\\Desktop\\LeancureAppReactNative-main\\.expo\\metro\\externals\\process\\index.js": {"path":"C:\\Users\\Leancure\\Desktop\\LeancureAppReactNative-main\\.expo\\metro\\externals\\process\\index.js","statementMap":{"0":{"start":{"line":1,"column":0},"end":{"line":1,"column":52}}},"fnMap":{},"branchMap":{},"s":{"0":0},"f":{},"b":{}}
,"C:\\Users\\Leancure\\Desktop\\LeancureAppReactNative-main\\.expo\\metro\\externals\\punycode\\index.js": {"path":"C:\\Users\\Leancure\\Desktop\\LeancureAppReactNative-main\\.expo\\metro\\externals\\punycode\\index.js","statementMap":{"0":{"start":{"line":1,"column":0},"end":{"line":1,"column":53}}},"fnMap":{},"branchMap":{},"s":{"0":0},"f":{},"b":{}}
,"C:\\Users\\Leancure\\Desktop\\LeancureAppReactNative-main\\.expo\\metro\\externals\\querystring\\index.js": {"path":"C:\\Users\\Leancure\\Desktop\\LeancureAppReactNative-main\\.expo\\metro\\externals\\querystring\\index.js","statementMap":{"0":{"start":{"line":1,"column":0},"end":{"line":1,"column":56}}},"fnMap":{},"branchMap":{},"s":{"0":0},"f":{},"b":{}}
,"C:\\Users\\Leancure\\Desktop\\LeancureAppReactNative-main\\.expo\\metro\\externals\\readline\\index.js": {"path":"C:\\Users\\Leancure\\Desktop\\LeancureAppReactNative-main\\.expo\\metro\\externals\\readline\\index.js","statementMap":{"0":{"start":{"line":1,"column":0},"end":{"line":1,"column":53}}},"fnMap":{},"branchMap":{},"s":{"0":0},"f":{},"b":{}}
,"C:\\Users\\Leancure\\Desktop\\LeancureAppReactNative-main\\.expo\\metro\\externals\\repl\\index.js": {"path":"C:\\Users\\Leancure\\Desktop\\LeancureAppReactNative-main\\.expo\\metro\\externals\\repl\\index.js","statementMap":{"0":{"start":{"line":1,"column":0},"end":{"line":1,"column":49}}},"fnMap":{},"branchMap":{},"s":{"0":0},"f":{},"b":{}}
,"C:\\Users\\Leancure\\Desktop\\LeancureAppReactNative-main\\.expo\\metro\\externals\\stream\\index.js": {"path":"C:\\Users\\Leancure\\Desktop\\LeancureAppReactNative-main\\.expo\\metro\\externals\\stream\\index.js","statementMap":{"0":{"start":{"line":1,"column":0},"end":{"line":1,"column":51}}},"fnMap":{},"branchMap":{},"s":{"0":0},"f":{},"b":{}}
,"C:\\Users\\Leancure\\Desktop\\LeancureAppReactNative-main\\.expo\\metro\\externals\\string_decoder\\index.js": {"path":"C:\\Users\\Leancure\\Desktop\\LeancureAppReactNative-main\\.expo\\metro\\externals\\string_decoder\\index.js","statementMap":{"0":{"start":{"line":1,"column":0},"end":{"line":1,"column":59}}},"fnMap":{},"branchMap":{},"s":{"0":0},"f":{},"b":{}}
,"C:\\Users\\Leancure\\Desktop\\LeancureAppReactNative-main\\.expo\\metro\\externals\\timers\\index.js": {"path":"C:\\Users\\Leancure\\Desktop\\LeancureAppReactNative-main\\.expo\\metro\\externals\\timers\\index.js","statementMap":{"0":{"start":{"line":1,"column":0},"end":{"line":1,"column":51}}},"fnMap":{},"branchMap":{},"s":{"0":0},"f":{},"b":{}}
,"C:\\Users\\Leancure\\Desktop\\LeancureAppReactNative-main\\.expo\\metro\\externals\\tls\\index.js": {"path":"C:\\Users\\Leancure\\Desktop\\LeancureAppReactNative-main\\.expo\\metro\\externals\\tls\\index.js","statementMap":{"0":{"start":{"line":1,"column":0},"end":{"line":1,"column":48}}},"fnMap":{},"branchMap":{},"s":{"0":0},"f":{},"b":{}}
,"C:\\Users\\Leancure\\Desktop\\LeancureAppReactNative-main\\.expo\\metro\\externals\\trace_events\\index.js": {"path":"C:\\Users\\Leancure\\Desktop\\LeancureAppReactNative-main\\.expo\\metro\\externals\\trace_events\\index.js","statementMap":{"0":{"start":{"line":1,"column":0},"end":{"line":1,"column":57}}},"fnMap":{},"branchMap":{},"s":{"0":0},"f":{},"b":{}}
,"C:\\Users\\Leancure\\Desktop\\LeancureAppReactNative-main\\.expo\\metro\\externals\\tty\\index.js": {"path":"C:\\Users\\Leancure\\Desktop\\LeancureAppReactNative-main\\.expo\\metro\\externals\\tty\\index.js","statementMap":{"0":{"start":{"line":1,"column":0},"end":{"line":1,"column":48}}},"fnMap":{},"branchMap":{},"s":{"0":0},"f":{},"b":{}}
,"C:\\Users\\Leancure\\Desktop\\LeancureAppReactNative-main\\.expo\\metro\\externals\\url\\index.js": {"path":"C:\\Users\\Leancure\\Desktop\\LeancureAppReactNative-main\\.expo\\metro\\externals\\url\\index.js","statementMap":{"0":{"start":{"line":1,"column":0},"end":{"line":1,"column":48}}},"fnMap":{},"branchMap":{},"s":{"0":0},"f":{},"b":{}}
,"C:\\Users\\Leancure\\Desktop\\LeancureAppReactNative-main\\.expo\\metro\\externals\\util\\index.js": {"path":"C:\\Users\\Leancure\\Desktop\\LeancureAppReactNative-main\\.expo\\metro\\externals\\util\\index.js","statementMap":{"0":{"start":{"line":1,"column":0},"end":{"line":1,"column":49}}},"fnMap":{},"branchMap":{},"s":{"0":0},"f":{},"b":{}}
,"C:\\Users\\Leancure\\Desktop\\LeancureAppReactNative-main\\.expo\\metro\\externals\\v8\\index.js": {"path":"C:\\Users\\Leancure\\Desktop\\LeancureAppReactNative-main\\.expo\\metro\\externals\\v8\\index.js","statementMap":{"0":{"start":{"line":1,"column":0},"end":{"line":1,"column":47}}},"fnMap":{},"branchMap":{},"s":{"0":0},"f":{},"b":{}}
,"C:\\Users\\Leancure\\Desktop\\LeancureAppReactNative-main\\.expo\\metro\\externals\\vm\\index.js": {"path":"C:\\Users\\Leancure\\Desktop\\LeancureAppReactNative-main\\.expo\\metro\\externals\\vm\\index.js","statementMap":{"0":{"start":{"line":1,"column":0},"end":{"line":1,"column":47}}},"fnMap":{},"branchMap":{},"s":{"0":0},"f":{},"b":{}}
,"C:\\Users\\Leancure\\Desktop\\LeancureAppReactNative-main\\.expo\\metro\\externals\\wasi\\index.js": {"path":"C:\\Users\\Leancure\\Desktop\\LeancureAppReactNative-main\\.expo\\metro\\externals\\wasi\\index.js","statementMap":{"0":{"start":{"line":1,"column":0},"end":{"line":1,"column":49}}},"fnMap":{},"branchMap":{},"s":{"0":0},"f":{},"b":{}}
,"C:\\Users\\Leancure\\Desktop\\LeancureAppReactNative-main\\.expo\\metro\\externals\\worker_threads\\index.js": {"path":"C:\\Users\\Leancure\\Desktop\\LeancureAppReactNative-main\\.expo\\metro\\externals\\worker_threads\\index.js","statementMap":{"0":{"start":{"line":1,"column":0},"end":{"line":1,"column":59}}},"fnMap":{},"branchMap":{},"s":{"0":0},"f":{},"b":{}}
,"C:\\Users\\Leancure\\Desktop\\LeancureAppReactNative-main\\.expo\\metro\\externals\\zlib\\index.js": {"path":"C:\\Users\\Leancure\\Desktop\\LeancureAppReactNative-main\\.expo\\metro\\externals\\zlib\\index.js","statementMap":{"0":{"start":{"line":1,"column":0},"end":{"line":1,"column":49}}},"fnMap":{},"branchMap":{},"s":{"0":0},"f":{},"b":{}}
,"C:\\Users\\Leancure\\Desktop\\LeancureAppReactNative-main\\.expo\\metro\\shims\\react-native-web\\dist\\cjs\\exports\\AppRegistry\\AppContainer.js": {"path":"C:\\Users\\Leancure\\Desktop\\LeancureAppReactNative-main\\.expo\\metro\\shims\\react-native-web\\dist\\cjs\\exports\\AppRegistry\\AppContainer.js","statementMap":{"0":{"start":{"line":5,"column":2},"end":{"line":5,"column":18}},"1":{"start":{"line":8,"column":0},"end":{"line":10,"column":1}},"2":{"start":{"line":9,"column":2},"end":{"line":9,"column":44}},"3":{"start":{"line":12,"column":0},"end":{"line":12,"column":30}},"4":{"start":{"line":13,"column":0},"end":{"line":13,"column":38}}},"fnMap":{"0":{"name":"AppContainer","decl":{"start":{"line":4,"column":9},"end":{"line":4,"column":21}},"loc":{"start":{"line":4,"column":36},"end":{"line":6,"column":1}},"line":4}},"branchMap":{"0":{"loc":{"start":{"line":8,"column":0},"end":{"line":10,"column":1}},"type":"if","locations":[{"start":{"line":8,"column":0},"end":{"line":10,"column":1}},{"start":{},"end":{}}],"line":8}},"s":{"0":0,"1":0,"2":0,"3":0,"4":0},"f":{"0":0},"b":{"0":[0,0]}}
,"C:\\Users\\Leancure\\Desktop\\LeancureAppReactNative-main\\.expo\\metro\\shims\\react-native-web\\dist\\cjs\\exports\\BackHandler\\index.js": {"path":"C:\\Users\\Leancure\\Desktop\\LeancureAppReactNative-main\\.expo\\metro\\shims\\react-native-web\\dist\\cjs\\exports\\BackHandler\\index.js","statementMap":{"0":{"start":{"line":3,"column":0},"end":{"line":3,"column":54}},"1":{"start":{"line":4,"column":18},"end":{"line":8,"column":3}},"2":{"start":{"line":6,"column":29},"end":{"line":6,"column":54}},"3":{"start":{"line":9,"column":13},"end":{"line":9,"column":24}},"4":{"start":{"line":10,"column":0},"end":{"line":10,"column":65}}},"fnMap":{"0":{"name":"emptyFunction","decl":{"start":{"line":2,"column":9},"end":{"line":2,"column":22}},"loc":{"start":{"line":2,"column":25},"end":{"line":2,"column":27}},"line":2},"1":{"name":"(anonymous_1)","decl":{"start":{"line":6,"column":22},"end":{"line":6,"column":23}},"loc":{"start":{"line":6,"column":29},"end":{"line":6,"column":54}},"line":6}},"branchMap":{},"s":{"0":0,"1":0,"2":0,"3":0,"4":0},"f":{"0":0,"1":0},"b":{}}
,"C:\\Users\\Leancure\\Desktop\\LeancureAppReactNative-main\\.expo\\metro\\shims\\react-native-web\\dist\\exports\\AppRegistry\\AppContainer.js": {"path":"C:\\Users\\Leancure\\Desktop\\LeancureAppReactNative-main\\.expo\\metro\\shims\\react-native-web\\dist\\exports\\AppRegistry\\AppContainer.js","statementMap":{"0":{"start":{"line":5,"column":2},"end":{"line":5,"column":18}},"1":{"start":{"line":8,"column":0},"end":{"line":10,"column":1}},"2":{"start":{"line":9,"column":2},"end":{"line":9,"column":44}}},"fnMap":{"0":{"name":"AppContainer","decl":{"start":{"line":4,"column":9},"end":{"line":4,"column":21}},"loc":{"start":{"line":4,"column":36},"end":{"line":6,"column":1}},"line":4}},"branchMap":{"0":{"loc":{"start":{"line":8,"column":0},"end":{"line":10,"column":1}},"type":"if","locations":[{"start":{"line":8,"column":0},"end":{"line":10,"column":1}},{"start":{},"end":{}}],"line":8}},"s":{"0":0,"1":0,"2":0},"f":{"0":0},"b":{"0":[0,0]}}
,"C:\\Users\\Leancure\\Desktop\\LeancureAppReactNative-main\\.expo\\metro\\shims\\react-native-web\\dist\\exports\\BackHandler\\index.js": {"path":"C:\\Users\\Leancure\\Desktop\\LeancureAppReactNative-main\\.expo\\metro\\shims\\react-native-web\\dist\\exports\\BackHandler\\index.js","statementMap":{"0":{"start":{"line":2,"column":18},"end":{"line":6,"column":1}},"1":{"start":{"line":4,"column":27},"end":{"line":4,"column":52}}},"fnMap":{"0":{"name":"emptyFunction","decl":{"start":{"line":1,"column":9},"end":{"line":1,"column":22}},"loc":{"start":{"line":1,"column":25},"end":{"line":1,"column":27}},"line":1},"1":{"name":"(anonymous_1)","decl":{"start":{"line":4,"column":20},"end":{"line":4,"column":21}},"loc":{"start":{"line":4,"column":27},"end":{"line":4,"column":52}},"line":4}},"branchMap":{},"s":{"0":0,"1":0},"f":{"0":0,"1":0},"b":{}}
,"C:\\Users\\Leancure\\Desktop\\LeancureAppReactNative-main\\components\\ErrorBoundary.js": {"path":"C:\\Users\\Leancure\\Desktop\\LeancureAppReactNative-main\\components\\ErrorBoundary.js","statementMap":{"0":{"start":{"line":6,"column":4},"end":{"line":6,"column":17}},"1":{"start":{"line":7,"column":4},"end":{"line":7,"column":50}},"2":{"start":{"line":11,"column":4},"end":{"line":11,"column":37}},"3":{"start":{"line":16,"column":4},"end":{"line":16,"column":63}},"4":{"start":{"line":20,"column":4},"end":{"line":27,"column":5}},"5":{"start":{"line":21,"column":6},"end":{"line":26,"column":8}},"6":{"start":{"line":29,"column":4},"end":{"line":29,"column":31}}},"fnMap":{"0":{"name":"(anonymous_0)","decl":{"start":{"line":5,"column":2},"end":{"line":5,"column":3}},"loc":{"start":{"line":5,"column":21},"end":{"line":8,"column":3}},"line":5},"1":{"name":"(anonymous_1)","decl":{"start":{"line":10,"column":2},"end":{"line":10,"column":3}},"loc":{"start":{"line":10,"column":41},"end":{"line":12,"column":3}},"line":10},"2":{"name":"(anonymous_2)","decl":{"start":{"line":14,"column":2},"end":{"line":14,"column":3}},"loc":{"start":{"line":14,"column":38},"end":{"line":17,"column":3}},"line":14},"3":{"name":"(anonymous_3)","decl":{"start":{"line":19,"column":2},"end":{"line":19,"column":3}},"loc":{"start":{"line":19,"column":11},"end":{"line":30,"column":3}},"line":19}},"branchMap":{"0":{"loc":{"start":{"line":20,"column":4},"end":{"line":27,"column":5}},"type":"if","locations":[{"start":{"line":20,"column":4},"end":{"line":27,"column":5}},{"start":{},"end":{}}],"line":20}},"s":{"0":0,"1":0,"2":0,"3":0,"4":0,"5":0,"6":0},"f":{"0":0,"1":0,"2":0,"3":0},"b":{"0":[0,0]}}
,"C:\\Users\\Leancure\\Desktop\\LeancureAppReactNative-main\\components\\Header.js": {"path":"C:\\Users\\Leancure\\Desktop\\LeancureAppReactNative-main\\components\\Header.js","statementMap":{"0":{"start":{"line":43,"column":27},"end":{"line":43,"column":42}},"1":{"start":{"line":44,"column":19},"end":{"line":44,"column":41}},"2":{"start":{"line":46,"column":28},"end":{"line":73,"column":3}},"3":{"start":{"line":47,"column":4},"end":{"line":72,"column":11}},"4":{"start":{"line":75,"column":29},"end":{"line":106,"column":3}},"5":{"start":{"line":76,"column":4},"end":{"line":76,"column":34}},"6":{"start":{"line":76,"column":21},"end":{"line":76,"column":33}},"7":{"start":{"line":78,"column":4},"end":{"line":105,"column":6}},"8":{"start":{"line":108,"column":2},"end":{"line":134,"column":4}},"9":{"start":{"line":137,"column":15},"end":{"line":203,"column":2}}},"fnMap":{"0":{"name":"Header","decl":{"start":{"line":29,"column":24},"end":{"line":29,"column":30}},"loc":{"start":{"line":42,"column":3},"end":{"line":135,"column":1}},"line":42},"1":{"name":"(anonymous_1)","decl":{"start":{"line":46,"column":28},"end":{"line":46,"column":29}},"loc":{"start":{"line":47,"column":4},"end":{"line":72,"column":11}},"line":47},"2":{"name":"(anonymous_2)","decl":{"start":{"line":75,"column":29},"end":{"line":75,"column":30}},"loc":{"start":{"line":75,"column":35},"end":{"line":106,"column":3}},"line":75}},"branchMap":{"0":{"loc":{"start":{"line":34,"column":2},"end":{"line":34,"column":18}},"type":"default-arg","locations":[{"start":{"line":34,"column":14},"end":{"line":34,"column":18}}],"line":34},"1":{"loc":{"start":{"line":36,"column":2},"end":{"line":36,"column":24}},"type":"default-arg","locations":[{"start":{"line":36,"column":19},"end":{"line":36,"column":24}}],"line":36},"2":{"loc":{"start":{"line":40,"column":2},"end":{"line":40,"column":18}},"type":"default-arg","locations":[{"start":{"line":40,"column":13},"end":{"line":40,"column":18}}],"line":40},"3":{"loc":{"start":{"line":44,"column":19},"end":{"line":44,"column":41}},"type":"cond-expr","locations":[{"start":{"line":44,"column":34},"end":{"line":44,"column":36}},{"start":{"line":44,"column":39},"end":{"line":44,"column":41}}],"line":44},"4":{"loc":{"start":{"line":48,"column":7},"end":{"line":59,"column":7}},"type":"binary-expr","locations":[{"start":{"line":48,"column":7},"end":{"line":48,"column":21}},{"start":{"line":49,"column":8},"end":{"line":58,"column":27}}],"line":48},"5":{"loc":{"start":{"line":60,"column":7},"end":{"line":71,"column":7}},"type":"binary-expr","locations":[{"start":{"line":60,"column":7},"end":{"line":60,"column":19}},{"start":{"line":61,"column":8},"end":{"line":70,"column":27}}],"line":60},"6":{"loc":{"start":{"line":62,"column":37},"end":{"line":62,"column":77}},"type":"binary-expr","locations":[{"start":{"line":62,"column":37},"end":{"line":62,"column":52}},{"start":{"line":62,"column":56},"end":{"line":62,"column":77}}],"line":62},"7":{"loc":{"start":{"line":76,"column":4},"end":{"line":76,"column":34}},"type":"if","locations":[{"start":{"line":76,"column":4},"end":{"line":76,"column":34}},{"start":{},"end":{}}],"line":76},"8":{"loc":{"start":{"line":80,"column":9},"end":{"line":91,"column":9}},"type":"binary-expr","locations":[{"start":{"line":80,"column":9},"end":{"line":80,"column":17}},{"start":{"line":81,"column":10},"end":{"line":90,"column":29}}],"line":80},"9":{"loc":{"start":{"line":92,"column":9},"end":{"line":103,"column":9}},"type":"binary-expr","locations":[{"start":{"line":92,"column":9},"end":{"line":92,"column":18}},{"start":{"line":93,"column":10},"end":{"line":102,"column":29}}],"line":92},"10":{"loc":{"start":{"line":109,"column":17},"end":{"line":109,"column":59}},"type":"binary-expr","locations":[{"start":{"line":109,"column":17},"end":{"line":109,"column":28}},{"start":{"line":109,"column":32},"end":{"line":109,"column":59}}],"line":109},"11":{"loc":{"start":{"line":112,"column":8},"end":{"line":112,"column":56}},"type":"binary-expr","locations":[{"start":{"line":112,"column":8},"end":{"line":112,"column":20}},{"start":{"line":112,"column":24},"end":{"line":112,"column":56}}],"line":112},"12":{"loc":{"start":{"line":113,"column":8},"end":{"line":113,"column":41}},"type":"binary-expr","locations":[{"start":{"line":113,"column":8},"end":{"line":113,"column":19}},{"start":{"line":113,"column":23},"end":{"line":113,"column":41}}],"line":113},"13":{"loc":{"start":{"line":114,"column":8},"end":{"line":114,"column":52}},"type":"binary-expr","locations":[{"start":{"line":114,"column":8},"end":{"line":114,"column":33}},{"start":{"line":114,"column":37},"end":{"line":114,"column":52}}],"line":114},"14":{"loc":{"start":{"line":118,"column":9},"end":{"line":127,"column":9}},"type":"binary-expr","locations":[{"start":{"line":118,"column":9},"end":{"line":118,"column":14}},{"start":{"line":119,"column":10},"end":{"line":126,"column":17}}],"line":118},"15":{"loc":{"start":{"line":122,"column":14},"end":{"line":122,"column":57}},"type":"binary-expr","locations":[{"start":{"line":122,"column":14},"end":{"line":122,"column":26}},{"start":{"line":122,"column":30},"end":{"line":122,"column":57}}],"line":122}},"s":{"0":0,"1":0,"2":0,"3":0,"4":0,"5":0,"6":0,"7":0,"8":0,"9":0},"f":{"0":0,"1":0,"2":0},"b":{"0":[0],"1":[0],"2":[0],"3":[0,0],"4":[0,0],"5":[0,0],"6":[0,0],"7":[0,0],"8":[0,0],"9":[0,0],"10":[0,0],"11":[0,0],"12":[0,0],"13":[0,0],"14":[0,0],"15":[0,0]}}
,"C:\\Users\\Leancure\\Desktop\\LeancureAppReactNative-main\\components\\TooltipComponent.js": {"path":"C:\\Users\\Leancure\\Desktop\\LeancureAppReactNative-main\\components\\TooltipComponent.js","statementMap":{"0":{"start":{"line":6,"column":25},"end":{"line":33,"column":1}},"1":{"start":{"line":7,"column":46},"end":{"line":7,"column":61}},"2":{"start":{"line":9,"column":2},"end":{"line":32,"column":4}},"3":{"start":{"line":19,"column":23},"end":{"line":19,"column":47}},"4":{"start":{"line":25,"column":25},"end":{"line":25,"column":48}},"5":{"start":{"line":35,"column":15},"end":{"line":58,"column":2}}},"fnMap":{"0":{"name":"(anonymous_0)","decl":{"start":{"line":6,"column":25},"end":{"line":6,"column":26}},"loc":{"start":{"line":6,"column":31},"end":{"line":33,"column":1}},"line":6},"1":{"name":"(anonymous_1)","decl":{"start":{"line":19,"column":17},"end":{"line":19,"column":18}},"loc":{"start":{"line":19,"column":23},"end":{"line":19,"column":47}},"line":19},"2":{"name":"(anonymous_2)","decl":{"start":{"line":25,"column":19},"end":{"line":25,"column":20}},"loc":{"start":{"line":25,"column":25},"end":{"line":25,"column":48}},"line":25}},"branchMap":{},"s":{"0":0,"1":0,"2":0,"3":0,"4":0,"5":0},"f":{"0":0,"1":0,"2":0},"b":{}}
,"C:\\Users\\Leancure\\Desktop\\LeancureAppReactNative-main\\components\\backgrounds\\GradientBackground.js": {"path":"C:\\Users\\Leancure\\Desktop\\LeancureAppReactNative-main\\components\\backgrounds\\GradientBackground.js","statementMap":{"0":{"start":{"line":21,"column":2},"end":{"line":36,"column":4}},"1":{"start":{"line":39,"column":15},"end":{"line":46,"column":2}}},"fnMap":{"0":{"name":"GradientBackground","decl":{"start":{"line":20,"column":24},"end":{"line":20,"column":42}},"loc":{"start":{"line":20,"column":87},"end":{"line":37,"column":1}},"line":20}},"branchMap":{"0":{"loc":{"start":{"line":20,"column":55},"end":{"line":20,"column":76}},"type":"default-arg","locations":[{"start":{"line":20,"column":71},"end":{"line":20,"column":76}}],"line":20},"1":{"loc":{"start":{"line":32,"column":32},"end":{"line":32,"column":69}},"type":"binary-expr","locations":[{"start":{"line":32,"column":32},"end":{"line":32,"column":45}},{"start":{"line":32,"column":49},"end":{"line":32,"column":69}}],"line":32}},"s":{"0":0,"1":0},"f":{"0":0},"b":{"0":[0],"1":[0,0]}}
,"C:\\Users\\Leancure\\Desktop\\LeancureAppReactNative-main\\components\\buttons\\Button.js": {"path":"C:\\Users\\Leancure\\Desktop\\LeancureAppReactNative-main\\components\\buttons\\Button.js","statementMap":{"0":{"start":{"line":29,"column":50},"end":{"line":29,"column":65}},"1":{"start":{"line":31,"column":2},"end":{"line":55,"column":4}},"2":{"start":{"line":58,"column":15},"end":{"line":97,"column":2}}},"fnMap":{"0":{"name":"Button","decl":{"start":{"line":17,"column":24},"end":{"line":17,"column":30}},"loc":{"start":{"line":26,"column":3},"end":{"line":56,"column":1}},"line":26}},"branchMap":{"0":{"loc":{"start":{"line":19,"column":2},"end":{"line":19,"column":33}},"type":"default-arg","locations":[{"start":{"line":19,"column":20},"end":{"line":19,"column":33}}],"line":19},"1":{"loc":{"start":{"line":20,"column":2},"end":{"line":20,"column":26}},"type":"default-arg","locations":[{"start":{"line":20,"column":14},"end":{"line":20,"column":26}}],"line":20},"2":{"loc":{"start":{"line":23,"column":2},"end":{"line":23,"column":21}},"type":"default-arg","locations":[{"start":{"line":23,"column":12},"end":{"line":23,"column":21}}],"line":23},"3":{"loc":{"start":{"line":36,"column":8},"end":{"line":36,"column":49}},"type":"binary-expr","locations":[{"start":{"line":36,"column":8},"end":{"line":36,"column":27}},{"start":{"line":36,"column":31},"end":{"line":36,"column":49}}],"line":36},"4":{"loc":{"start":{"line":37,"column":8},"end":{"line":37,"column":61}},"type":"binary-expr","locations":[{"start":{"line":37,"column":8},"end":{"line":37,"column":33}},{"start":{"line":37,"column":37},"end":{"line":37,"column":61}}],"line":37},"5":{"loc":{"start":{"line":39,"column":8},"end":{"line":39,"column":47}},"type":"binary-expr","locations":[{"start":{"line":39,"column":8},"end":{"line":39,"column":20}},{"start":{"line":39,"column":24},"end":{"line":39,"column":47}}],"line":39},"6":{"loc":{"start":{"line":40,"column":8},"end":{"line":40,"column":65}},"type":"binary-expr","locations":[{"start":{"line":40,"column":8},"end":{"line":40,"column":29}},{"start":{"line":40,"column":33},"end":{"line":40,"column":65}}],"line":40},"7":{"loc":{"start":{"line":49,"column":8},"end":{"line":49,"column":51}},"type":"binary-expr","locations":[{"start":{"line":49,"column":8},"end":{"line":49,"column":20}},{"start":{"line":49,"column":24},"end":{"line":49,"column":51}}],"line":49}},"s":{"0":0,"1":0,"2":0},"f":{"0":0},"b":{"0":[0],"1":[0],"2":[0],"3":[0,0],"4":[0,0],"5":[0,0],"6":[0,0],"7":[0,0]}}
,"C:\\Users\\Leancure\\Desktop\\LeancureAppReactNative-main\\components\\buttons\\ButtonWithSpinner.js": {"path":"C:\\Users\\Leancure\\Desktop\\LeancureAppReactNative-main\\components\\buttons\\ButtonWithSpinner.js","statementMap":{"0":{"start":{"line":23,"column":27},"end":{"line":23,"column":42}},"1":{"start":{"line":24,"column":16},"end":{"line":24,"column":32}},"2":{"start":{"line":25,"column":2},"end":{"line":41,"column":4}},"3":{"start":{"line":44,"column":15},"end":{"line":57,"column":2}}},"fnMap":{"0":{"name":"ButtonWithSpinner","decl":{"start":{"line":22,"column":24},"end":{"line":22,"column":41}},"loc":{"start":{"line":22,"column":82},"end":{"line":42,"column":1}},"line":22}},"branchMap":{"0":{"loc":{"start":{"line":30,"column":8},"end":{"line":37,"column":9}},"type":"cond-expr","locations":[{"start":{"line":31,"column":10},"end":{"line":34,"column":17}},{"start":{"line":36,"column":10},"end":{"line":36,"column":15}}],"line":30},"1":{"loc":{"start":{"line":33,"column":45},"end":{"line":33,"column":88}},"type":"binary-expr","locations":[{"start":{"line":33,"column":45},"end":{"line":33,"column":57}},{"start":{"line":33,"column":61},"end":{"line":33,"column":88}}],"line":33}},"s":{"0":0,"1":0,"2":0,"3":0},"f":{"0":0},"b":{"0":[0,0],"1":[0,0]}}
,"C:\\Users\\Leancure\\Desktop\\LeancureAppReactNative-main\\components\\buttons\\ParameterButton.js": {"path":"C:\\Users\\Leancure\\Desktop\\LeancureAppReactNative-main\\components\\buttons\\ParameterButton.js","statementMap":{"0":{"start":{"line":16,"column":27},"end":{"line":16,"column":42}},"1":{"start":{"line":18,"column":36},"end":{"line":18,"column":58}},"2":{"start":{"line":21,"column":24},"end":{"line":23,"column":3}},"3":{"start":{"line":22,"column":4},"end":{"line":22,"column":32}},"4":{"start":{"line":26,"column":25},"end":{"line":28,"column":3}},"5":{"start":{"line":27,"column":4},"end":{"line":27,"column":31}},"6":{"start":{"line":30,"column":2},"end":{"line":48,"column":4}},"7":{"start":{"line":51,"column":15},"end":{"line":74,"column":2}}},"fnMap":{"0":{"name":"ParameterButton","decl":{"start":{"line":13,"column":24},"end":{"line":13,"column":39}},"loc":{"start":{"line":13,"column":61},"end":{"line":49,"column":1}},"line":13},"1":{"name":"(anonymous_1)","decl":{"start":{"line":21,"column":24},"end":{"line":21,"column":25}},"loc":{"start":{"line":21,"column":30},"end":{"line":23,"column":3}},"line":21},"2":{"name":"(anonymous_2)","decl":{"start":{"line":26,"column":25},"end":{"line":26,"column":26}},"loc":{"start":{"line":26,"column":31},"end":{"line":28,"column":3}},"line":26}},"branchMap":{"0":{"loc":{"start":{"line":34,"column":40},"end":{"line":34,"column":88}},"type":"binary-expr","locations":[{"start":{"line":34,"column":40},"end":{"line":34,"column":52}},{"start":{"line":34,"column":56},"end":{"line":34,"column":88}}],"line":34},"1":{"loc":{"start":{"line":43,"column":18},"end":{"line":43,"column":40}},"type":"cond-expr","locations":[{"start":{"line":43,"column":33},"end":{"line":43,"column":35}},{"start":{"line":43,"column":38},"end":{"line":43,"column":40}}],"line":43}},"s":{"0":0,"1":0,"2":0,"3":0,"4":0,"5":0,"6":0,"7":0},"f":{"0":0,"1":0,"2":0},"b":{"0":[0,0],"1":[0,0]}}
,"C:\\Users\\Leancure\\Desktop\\LeancureAppReactNative-main\\components\\cards\\AppMenuCard.js": {"path":"C:\\Users\\Leancure\\Desktop\\LeancureAppReactNative-main\\components\\cards\\AppMenuCard.js","statementMap":{"0":{"start":{"line":16,"column":20},"end":{"line":39,"column":1}},"1":{"start":{"line":18,"column":27},"end":{"line":18,"column":42}},"2":{"start":{"line":20,"column":2},"end":{"line":38,"column":4}},"3":{"start":{"line":41,"column":15},"end":{"line":98,"column":2}}},"fnMap":{"0":{"name":"(anonymous_0)","decl":{"start":{"line":16,"column":20},"end":{"line":16,"column":21}},"loc":{"start":{"line":16,"column":63},"end":{"line":39,"column":1}},"line":16}},"branchMap":{"0":{"loc":{"start":{"line":22,"column":27},"end":{"line":22,"column":64}},"type":"binary-expr","locations":[{"start":{"line":22,"column":27},"end":{"line":22,"column":39}},{"start":{"line":22,"column":43},"end":{"line":22,"column":64}}],"line":22},"1":{"loc":{"start":{"line":26,"column":7},"end":{"line":30,"column":7}},"type":"binary-expr","locations":[{"start":{"line":26,"column":7},"end":{"line":26,"column":22}},{"start":{"line":27,"column":8},"end":{"line":29,"column":15}}],"line":26},"2":{"loc":{"start":{"line":27,"column":36},"end":{"line":27,"column":74}},"type":"binary-expr","locations":[{"start":{"line":27,"column":36},"end":{"line":27,"column":48}},{"start":{"line":27,"column":52},"end":{"line":27,"column":74}}],"line":27},"3":{"loc":{"start":{"line":28,"column":42},"end":{"line":28,"column":84}},"type":"binary-expr","locations":[{"start":{"line":28,"column":42},"end":{"line":28,"column":54}},{"start":{"line":28,"column":58},"end":{"line":28,"column":84}}],"line":28},"4":{"loc":{"start":{"line":33,"column":36},"end":{"line":33,"column":74}},"type":"binary-expr","locations":[{"start":{"line":33,"column":36},"end":{"line":33,"column":48}},{"start":{"line":33,"column":52},"end":{"line":33,"column":74}}],"line":33}},"s":{"0":0,"1":0,"2":0,"3":0},"f":{"0":0},"b":{"0":[0,0],"1":[0,0],"2":[0,0],"3":[0,0],"4":[0,0]}}
[...]
"column":103}}],"line":114},"11":{"loc":{"start":{"line":117,"column":19},"end":{"line":117,"column":58}},"type":"cond-expr","locations":[{"start":{"line":117,"column":28},"end":{"line":117,"column":51}},{"start":{"line":117,"column":54},"end":{"line":117,"column":58}}],"line":117},"12":{"loc":{"start":{"line":118,"column":4},"end":{"line":126,"column":5}},"type":"if","locations":[{"start":{"line":118,"column":4},"end":{"line":126,"column":5}},{"start":{"line":120,"column":11},"end":{"line":126,"column":5}}],"line":118},"13":{"loc":{"start":{"line":120,"column":11},"end":{"line":126,"column":5}},"type":"if","locations":[{"start":{"line":120,"column":11},"end":{"line":126,"column":5}},{"start":{"line":122,"column":11},"end":{"line":126,"column":5}}],"line":120},"14":{"loc":{"start":{"line":122,"column":11},"end":{"line":126,"column":5}},"type":"if","locations":[{"start":{"line":122,"column":11},"end":{"line":126,"column":5}},{"start":{"line":124,"column":11},"end":{"line":126,"column":5}}],"line":122},"15":{"loc":{"start":{"line":124,"column":11},"end":{"line":126,"column":5}},"type":"if","locations":[{"start":{"line":124,"column":11},"end":{"line":126,"column":5}},{"start":{},"end":{}}],"line":124},"16":{"loc":{"start":{"line":135,"column":23},"end":{"line":135,"column":83}},"type":"cond-expr","locations":[{"start":{"line":135,"column":32},"end":{"line":135,"column":58}},{"start":{"line":135,"column":61},"end":{"line":135,"column":83}}],"line":135},"17":{"loc":{"start":{"line":137,"column":20},"end":{"line":142,"column":20}},"type":"cond-expr","locations":[{"start":{"line":137,"column":29},"end":{"line":142,"column":13}},{"start":{"line":142,"column":16},"end":{"line":142,"column":20}}],"line":137},"18":{"loc":{"start":{"line":147,"column":39},"end":{"line":147,"column":72}},"type":"binary-expr","locations":[{"start":{"line":147,"column":39},"end":{"line":147,"column":66}},{"start":{"line":147,"column":70},"end":{"line":147,"column":72}}],"line":147},"19":{"loc":{"start":{"line":156,"column":4},"end":{"line":185,"column":5}},"type":"if","locations":[{"start":{"line":156,"column":4},"end":{"line":185,"column":5}},{"start":{},"end":{}}],"line":156},"20":{"loc":{"start":{"line":157,"column":6},"end":{"line":159,"column":7}},"type":"if","locations":[{"start":{"line":157,"column":6},"end":{"line":159,"column":7}},{"start":{},"end":{}}],"line":157},"21":{"loc":{"start":{"line":157,"column":10},"end":{"line":157,"column":85}},"type":"binary-expr","locations":[{"start":{"line":157,"column":10},"end":{"line":157,"column":43}},{"start":{"line":157,"column":47},"end":{"line":157,"column":85}}],"line":157},"22":{"loc":{"start":{"line":166,"column":14},"end":{"line":166,"column":42}},"type":"binary-expr","locations":[{"start":{"line":166,"column":14},"end":{"line":166,"column":29}},{"start":{"line":166,"column":33},"end":{"line":166,"column":42}}],"line":166},"23":{"loc":{"start":{"line":168,"column":19},"end":{"line":168,"column":79}},"type":"cond-expr","locations":[{"start":{"line":168,"column":28},"end":{"line":168,"column":54}},{"start":{"line":168,"column":57},"end":{"line":168,"column":79}}],"line":168},"24":{"loc":{"start":{"line":171,"column":20},"end":{"line":171,"column":46}},"type":"cond-expr","locations":[{"start":{"line":171,"column":29},"end":{"line":171,"column":37}},{"start":{"line":171,"column":40},"end":{"line":171,"column":46}}],"line":171},"25":{"loc":{"start":{"line":176,"column":14},"end":{"line":182,"column":11}},"type":"binary-expr","locations":[{"start":{"line":176,"column":14},"end":{"line":176,"column":20}},{"start":{"line":176,"column":24},"end":{"line":182,"column":11}}],"line":176},"26":{"loc":{"start":{"line":179,"column":22},"end":{"line":179,"column":89}},"type":"cond-expr","locations":[{"start":{"line":179,"column":48},"end":{"line":179,"column":85}},{"start":{"line":179,"column":88},"end":{"line":179,"column":89}}],"line":179},"27":{"loc":{"start":{"line":221,"column":4},"end":{"line":225,"column":5}},"type":"if","locations":[{"start":{"line":221,"column":4},"end":{"line":225,"column":5}},{"start":{},"end":{}}],"line":221},"28":{"loc":{"start":{"line":265,"column":4},"end":{"line":320,"column":5}},"type":"if","locations":[{"start":{"line":265,"column":4},"end":{"line":320,"column":5}},{"start":{},"end":{}}],"line":265},"29":{"loc":{"start":{"line":269,"column":6},"end":{"line":317,"column":7}},"type":"if","locations":[{"start":{"line":269,"column":6},"end":{"line":317,"column":7}},{"start":{},"end":{}}],"line":269},"30":{"loc":{"start":{"line":273,"column":10},"end":{"line":315,"column":11}},"type":"if","locations":[{"start":{"line":273,"column":10},"end":{"line":315,"column":11}},{"start":{},"end":{}}],"line":273},"31":{"loc":{"start":{"line":276,"column":14},"end":{"line":313,"column":15}},"type":"if","locations":[{"start":{"line":276,"column":14},"end":{"line":313,"column":15}},{"start":{},"end":{}}],"line":276},"32":{"loc":{"start":{"line":276,"column":18},"end":{"line":276,"column":56}},"type":"binary-expr","locations":[{"start":{"line":276,"column":18},"end":{"line":276,"column":36}},{"start":{"line":276,"column":40},"end":{"line":276,"column":56}}],"line":276},"33":{"loc":{"start":{"line":282,"column":36},"end":{"line":282,"column":91}},"type":"binary-expr","locations":[{"start":{"line":282,"column":36},"end":{"line":282,"column":48}},{"start":{"line":282,"column":52},"end":{"line":282,"column":64}},{"start":{"line":282,"column":68},"end":{"line":282,"column":91}}],"line":282},"34":{"loc":{"start":{"line":286,"column":20},"end":{"line":288,"column":21}},"type":"if","locations":[{"start":{"line":286,"column":20},"end":{"line":288,"column":21}},{"start":{},"end":{}}],"line":286},"35":{"loc":{"start":{"line":293,"column":29},"end":{"line":293,"column":44}},"type":"binary-expr","locations":[{"start":{"line":293,"column":29},"end":{"line":293,"column":38}},{"start":{"line":293,"column":42},"end":{"line":293,"column":44}}],"line":293},"36":{"loc":{"start":{"line":294,"column":31},"end":{"line":294,"column":61}},"type":"binary-expr","locations":[{"start":{"line":294,"column":31},"end":{"line":294,"column":42}},{"start":{"line":294,"column":46},"end":{"line":294,"column":55}},{"start":{"line":294,"column":59},"end":{"line":294,"column":61}}],"line":294},"37":{"loc":{"start":{"line":297,"column":33},"end":{"line":297,"column":55}},"type":"binary-expr","locations":[{"start":{"line":297,"column":33},"end":{"line":297,"column":45}},{"start":{"line":297,"column":49},"end":{"line":297,"column":55}}],"line":297},"38":{"loc":{"start":{"line":298,"column":29},"end":{"line":298,"column":102}},"type":"cond-expr","locations":[{"start":{"line":298,"column":44},"end":{"line":298,"column":65}},{"start":{"line":298,"column":68},"end":{"line":298,"column":102}}],"line":298},"39":{"loc":{"start":{"line":301,"column":32},"end":{"line":301,"column":89}},"type":"cond-expr","locations":[{"start":{"line":301,"column":47},"end":{"line":301,"column":52}},{"start":{"line":301,"column":55},"end":{"line":301,"column":89}}],"line":301},"40":{"loc":{"start":{"line":302,"column":28},"end":{"line":302,"column":53}},"type":"cond-expr","locations":[{"start":{"line":302,"column":38},"end":{"line":302,"column":44}},{"start":{"line":302,"column":47},"end":{"line":302,"column":53}}],"line":302},"41":{"loc":{"start":{"line":303,"column":28},"end":{"line":303,"column":89}},"type":"cond-expr","locations":[{"start":{"line":303,"column":71},"end":{"line":303,"column":82}},{"start":{"line":303,"column":85},"end":{"line":303,"column":89}}],"line":303},"42":{"loc":{"start":{"line":303,"column":28},"end":{"line":303,"column":68}},"type":"binary-expr","locations":[{"start":{"line":303,"column":28},"end":{"line":303,"column":39}},{"start":{"line":303,"column":43},"end":{"line":303,"column":68}}],"line":303},"43":{"loc":{"start":{"line":304,"column":26},"end":{"line":309,"column":23}},"type":"binary-expr","locations":[{"start":{"line":304,"column":26},"end":{"line":304,"column":33}},{"start":{"line":304,"column":37},"end":{"line":309,"column":23}}],"line":304},"44":{"loc":{"start":{"line":308,"column":32},"end":{"line":308,"column":46}},"type":"binary-expr","locations":[{"start":{"line":308,"column":32},"end":{"line":308,"column":38}},{"start":{"line":308,"column":42},"end":{"line":308,"column":46}}],"line":308},"45":{"loc":{"start":{"line":365,"column":4},"end":{"line":367,"column":5}},"type":"if","locations":[{"start":{"line":365,"column":4},"end":{"line":367,"column":5}},{"start":{},"end":{}}],"line":365},"46":{"loc":{"start":{"line":388,"column":25},"end":{"line":390,"column":23}},"type":"cond-expr","locations":[{"start":{"line":389,"column":8},"end":{"line":389,"column":44}},{"start":{"line":390,"column":8},"end":{"line":390,"column":23}}],"line":388},"47":{"loc":{"start":{"line":393,"column":24},"end":{"line":393,"column":49}},"type":"binary-expr","locations":[{"start":{"line":393,"column":24},"end":{"line":393,"column":43}},{"start":{"line":393,"column":47},"end":{"line":393,"column":49}}],"line":393},"48":{"loc":{"start":{"line":407,"column":39},"end":{"line":407,"column":72}},"type":"binary-expr","locations":[{"start":{"line":407,"column":39},"end":{"line":407,"column":66}},{"start":{"line":407,"column":70},"end":{"line":407,"column":72}}],"line":407},"49":{"loc":{"start":{"line":416,"column":4},"end":{"line":437,"column":5}},"type":"if","locations":[{"start":{"line":416,"column":4},"end":{"line":437,"column":5}},{"start":{},"end":{}}],"line":416},"50":{"loc":{"start":{"line":417,"column":6},"end":{"line":419,"column":7}},"type":"if","locations":[{"start":{"line":417,"column":6},"end":{"line":419,"column":7}},{"start":{},"end":{}}],"line":417},"51":{"loc":{"start":{"line":417,"column":10},"end":{"line":417,"column":85}},"type":"binary-expr","locations":[{"start":{"line":417,"column":10},"end":{"line":417,"column":43}},{"start":{"line":417,"column":47},"end":{"line":417,"column":85}}],"line":417}},"s":{"0":0,"1":0,"2":0,"3":0,"4":0,"5":0,"6":0,"7":0,"8":0,"9":0,"10":0,"11":0,"12":0,"13":0,"14":0,"15":0,"16":0,"17":0,"18":0,"19":0,"20":0,"21":0,"22":0,"23":0,"24":0,"25":0,"26":0,"27":0,"28":0,"29":0,"30":0,"31":0,"32":0,"33":0,"34":0,"35":0,"36":0,"37":0,"38":0,"39":0,"40":0,"41":0,"42":0,"43":0,"44":0,"45":0,"46":0,"47":0,"48":0,"49":0,"50":0,"51":0,"52":0,"53":0,"54":0,"55":0,"56":0,"57":0,"58":0,"59":0,"60":0,"61":0,"62":0,"63":0,"64":0,"65":0,"66":0,"67":0,"68":0,"69":0,"70":0,"71":0,"72":0,"73":0,"74":0,"75":0,"76":0,"77":0,"78":0,"79":0,"80":0,"81":0,"82":0,"83":0,"84":0,"85":0,"86":0,"87":0,"88":0,"89":0,"90":0,"91":0,"92":0,"93":0,"94":0,"95":0,"96":0,"97":0,"98":0,"99":0,"100":0},"f":{"0":0,"1":0,"2":0,"3":0,"4":0,"5":0,"6":0,"7":0,"8":0,"9":0,"10":0},"b":{"0":[0],"1":[0],"2":[0,0],"3":[0,0,0],"4":[0,0],"5":[0,0],"6":[0,0],"7":[0,0,0],"8":[0,0],"9":[0,0],"10":[0,0],"11":[0,0],"12":[0,0],"13":[0,0],"14":[0,0],"15":[0,0],"16":[0,0],"17":[0,0],"18":[0,0],"19":[0,0],"20":[0,0],"21":[0,0],"22":[0,0],"23":[0,0],"24":[0,0],"25":[0,0],"26":[0,0],"27":[0,0],"28":[0,0],"29":[0,0],"30":[0,0],"31":[0,0],"32":[0,0],"33":[0,0,0],"34":[0,0],"35":[0,0],"36":[0,0,0],"37":[0,0],"38":[0,0],"39":[0,0],"40":[0,0],"41":[0,0],"42":[0,0],"43":[0,0],"44":[0,0],"45":[0,0],"46":[0,0],"47":[0,0],"48":[0,0],"49":[0,0],"50":[0,0],"51":[0,0]}}
,"C:\\Users\\Leancure\\Desktop\\LeancureAppReactNative-main\\services\\websocket\\socketService.js": {"path":"C:\\Users\\Leancure\\Desktop\\LeancureAppReactNative-main\\services\\websocket\\socketService.js","statementMap":{},"fnMap":{},"branchMap":{},"s":{},"f":{},"b":{}}
,"C:\\Users\\Leancure\\Desktop\\LeancureAppReactNative-main\\utils\\encryption.js": {"path":"C:\\Users\\Leancure\\Desktop\\LeancureAppReactNative-main\\utils\\encryption.js","statementMap":{"0":{"start":{"line":11,"column":28},"end":{"line":19,"column":1}},"1":{"start":{"line":12,"column":4},"end":{"line":18,"column":5}},"2":{"start":{"line":14,"column":31},"end":{"line":14,"column":67}},"3":{"start":{"line":15,"column":8},"end":{"line":15,"column":30}},"4":{"start":{"line":17,"column":8},"end":{"line":17,"column":55}},"5":{"start":{"line":29,"column":30},"end":{"line":36,"column":1}},"6":{"start":{"line":30,"column":4},"end":{"line":35,"column":5}},"7":{"start":{"line":31,"column":29},"end":{"line":31,"column":65}},"8":{"start":{"line":32,"column":8},"end":{"line":32,"column":47}},"9":{"start":{"line":34,"column":8},"end":{"line":34,"column":57}},"10":{"start":{"line":45,"column":27},"end":{"line":78,"column":1}},"11":{"start":{"line":47,"column":8},"end":{"line":47,"column":87}},"12":{"start":{"line":56,"column":8},"end":{"line":64,"column":9}},"13":{"start":{"line":58,"column":32},"end":{"line":58,"column":81}},"14":{"start":{"line":60,"column":12},"end":{"line":60,"column":64}},"15":{"start":{"line":62,"column":12},"end":{"line":62,"column":61}},"16":{"start":{"line":63,"column":12},"end":{"line":63,"column":24}},"17":{"start":{"line":72,"column":8},"end":{"line":76,"column":9}},"18":{"start":{"line":73,"column":12},"end":{"line":73,"column":65}},"19":{"start":{"line":75,"column":12},"end":{"line":75,"column":59}},"20":{"start":{"line":80,"column":17},"end":{"line":84,"column":1}},"21":{"start":{"line":81,"column":4},"end":{"line":83,"column":5}},"22":{"start":{"line":82,"column":8},"end":{"line":82,"column":38}}},"fnMap":{"0":{"name":"(anonymous_0)","decl":{"start":{"line":11,"column":28},"end":{"line":11,"column":29}},"loc":{"start":{"line":11,"column":42},"end":{"line":19,"column":1}},"line":11},"1":{"name":"(anonymous_1)","decl":{"start":{"line":29,"column":30},"end":{"line":29,"column":31}},"loc":{"start":{"line":29,"column":60},"end":{"line":36,"column":1}},"line":29},"2":{"name":"(anonymous_2)","decl":{"start":{"line":46,"column":4},"end":{"line":46,"column":5}},"loc":{"start":{"line":46,"column":39},"end":{"line":48,"column":5}},"line":46},"3":{"name":"(anonymous_3)","decl":{"start":{"line":55,"column":4},"end":{"line":55,"column":5}},"loc":{"start":{"line":55,"column":27},"end":{"line":65,"column":5}},"line":55},"4":{"name":"(anonymous_4)","decl":{"start":{"line":71,"column":4},"end":{"line":71,"column":5}},"loc":{"start":{"line":71,"column":30},"end":{"line":77,"column":5}},"line":71},"5":{"name":"(anonymous_5)","decl":{"start":{"line":80,"column":17},"end":{"line":80,"column":18}},"loc":{"start":{"line":80,"column":37},"end":{"line":84,"column":1}},"line":80}},"branchMap":{"0":{"loc":{"start":{"line":60,"column":19},"end":{"line":60,"column":63}},"type":"cond-expr","locations":[{"start":{"line":60,"column":33},"end":{"line":60,"column":56}},{"start":{"line":60,"column":59},"end":{"line":60,"column":63}}],"line":60},"1":{"loc":{"start":{"line":81,"column":4},"end":{"line":83,"column":5}},"type":"if","locations":[{"start":{"line":81,"column":4},"end":{"line":83,"column":5}},{"start":{},"end":{}}],"line":81}},"s":{"0":0,"1":0,"2":0,"3":0,"4":0,"5":0,"6":0,"7":0,"8":0,"9":0,"10":0,"11":0,"12":0,"13":0,"14":0,"15":0,"16":0,"17":0,"18":0,"19":0,"20":0,"21":0,"22":0},"f":{"0":0,"1":0,"2":0,"3":0,"4":0,"5":0},"b":{"0":[0,0],"1":[0,0]}}
,"C:\\Users\\Leancure\\Desktop\\LeancureAppReactNative-main\\utils\\errorHandling.js": {"path":"C:\\Users\\Leancure\\Desktop\\LeancureAppReactNative-main\\utils\\errorHandling.js","statementMap":{"0":{"start":{"line":2,"column":25},"end":{"line":8,"column":1}},"1":{"start":{"line":11,"column":29},"end":{"line":16,"column":1}},"2":{"start":{"line":25,"column":27},"end":{"line":52,"column":1}},"3":{"start":{"line":30,"column":6},"end":{"line":30,"column":13}},"4":{"start":{"line":33,"column":25},"end":{"line":39,"column":3}},"5":{"start":{"line":42,"column":2},"end":{"line":44,"column":3}},"6":{"start":{"line":43,"column":4},"end":{"line":43,"column":59}},"7":{"start":{"line":47,"column":2},"end":{"line":49,"column":3}},"8":{"start":{"line":48,"column":4},"end":{"line":48,"column":29}},"9":{"start":{"line":51,"column":2},"end":{"line":51,"column":24}},"10":{"start":{"line":61,"column":30},"end":{"line":75,"column":1}},"11":{"start":{"line":62,"column":19},"end":{"line":68,"column":3}},"12":{"start":{"line":70,"column":2},"end":{"line":74,"column":4}},"13":{"start":{"line":84,"column":31},"end":{"line":90,"column":1}},"14":{"start":{"line":85,"column":2},"end":{"line":89,"column":4}}},"fnMap":{"0":{"name":"(anonymous_0)","decl":{"start":{"line":25,"column":27},"end":{"line":25,"column":28}},"loc":{"start":{"line":25,"column":60},"end":{"line":52,"column":1}},"line":25},"1":{"name":"(anonymous_1)","decl":{"start":{"line":61,"column":30},"end":{"line":61,"column":31}},"loc":{"start":{"line":61,"column":65},"end":{"line":75,"column":1}},"line":61},"2":{"name":"(anonymous_2)","decl":{"start":{"line":84,"column":31},"end":{"line":84,"column":32}},"loc":{"start":{"line":84,"column":64},"end":{"line":90,"column":1}},"line":84}},"branchMap":{"0":{"loc":{"start":{"line":25,"column":43},"end":{"line":25,"column":55}},"type":"default-arg","locations":[{"start":{"line":25,"column":53},"end":{"line":25,"column":55}}],"line":25},"1":{"loc":{"start":{"line":27,"column":4},"end":{"line":27,"column":27}},"type":"default-arg","locations":[{"start":{"line":27,"column":11},"end":{"line":27,"column":27}}],"line":27},"2":{"loc":{"start":{"line":28,"column":4},"end":{"line":28,"column":19}},"type":"default-arg","locations":[{"start":{"line":28,"column":15},"end":{"line":28,"column":19}}],"line":28},"3":{"loc":{"start":{"line":29,"column":4},"end":{"line":29,"column":18}},"type":"default-arg","locations":[{"start":{"line":29,"column":13},"end":{"line":29,"column":18}}],"line":29},"4":{"loc":{"start":{"line":34,"column":13},"end":{"line":34,"column":81}},"type":"cond-expr","locations":[{"start":{"line":34,"column":41},"end":{"line":34,"column":46}},{"start":{"line":34,"column":49},"end":{"line":34,"column":81}}],"line":34},"5":{"loc":{"start":{"line":34,"column":49},"end":{"line":34,"column":81}},"type":"binary-expr","locations":[{"start":{"line":34,"column":49},"end":{"line":34,"column":62}},{"start":{"line":34,"column":66},"end":{"line":34,"column":81}}],"line":34},"6":{"loc":{"start":{"line":42,"column":2},"end":{"line":44,"column":3}},"type":"if","locations":[{"start":{"line":42,"column":2},"end":{"line":44,"column":3}},{"start":{},"end":{}}],"line":42},"7":{"loc":{"start":{"line":47,"column":2},"end":{"line":49,"column":3}},"type":"if","locations":[{"start":{"line":47,"column":2},"end":{"line":49,"column":3}},{"start":{},"end":{}}],"line":47},"8":{"loc":{"start":{"line":61,"column":48},"end":{"line":61,"column":60}},"type":"default-arg","locations":[{"start":{"line":61,"column":58},"end":{"line":61,"column":60}}],"line":61},"9":{"loc":{"start":{"line":84,"column":47},"end":{"line":84,"column":59}},"type":"default-arg","locations":[{"start":{"line":84,"column":57},"end":{"line":84,"column":59}}],"line":84}},"s":{"0":0,"1":0,"2":0,"3":0,"4":0,"5":0,"6":0,"7":0,"8":0,"9":0,"10":0,"11":0,"12":0,"13":0,"14":0},"f":{"0":0,"1":0,"2":0},"b":{"0":[0],"1":[0],"2":[0],"3":[0],"4":[0,0],"5":[0,0],"6":[0,0],"7":[0,0],"8":[0],"9":[0]}}
,"C:\\Users\\Leancure\\Desktop\\LeancureAppReactNative-main\\utils\\secureStore.js": {"path":"C:\\Users\\Leancure\\Desktop\\LeancureAppReactNative-main\\utils\\secureStore.js","statementMap":{"0":{"start":{"line":3,"column":32},"end":{"line":22,"column":1}},"1":{"start":{"line":4,"column":4},"end":{"line":21,"column":5}},"2":{"start":{"line":6,"column":29},"end":{"line":11,"column":9}},"3":{"start":{"line":14,"column":8},"end":{"line":16,"column":9}},"4":{"start":{"line":15,"column":12},"end":{"line":15,"column":51}},"5":{"start":{"line":18,"column":8},"end":{"line":18,"column":55}},"6":{"start":{"line":20,"column":8},"end":{"line":20,"column":73}}},"fnMap":{"0":{"name":"(anonymous_0)","decl":{"start":{"line":3,"column":32},"end":{"line":3,"column":33}},"loc":{"start":{"line":3,"column":44},"end":{"line":22,"column":1}},"line":3}},"branchMap":{},"s":{"0":0,"1":0,"2":0,"3":0,"4":0,"5":0,"6":0},"f":{"0":0},"b":{}}
}
