TN:
SF:components\buttons\Button.js
FN:22,Button
FNF:1
FNH:1
FNDA:195,Button
DA:34,195
DA:36,195
DA:63,3
LF:3
LH:3
BRDA:24,0,0,4
BRDA:25,1,0,181
BRDA:28,2,0,195
BRDA:41,3,0,195
BRDA:41,3,1,0
BRDA:42,4,0,195
BRDA:42,4,1,0
BRDA:44,5,0,195
BRDA:44,5,1,195
BRDA:45,6,0,195
BRDA:45,6,1,0
BRDA:54,7,0,195
BRDA:54,7,1,195
BRF:13
BRH:10
end_of_record
TN:
SF:components\cards\SettingsCard.js
FN:16,SettingsCard
FNF:1
FNH:1
FNDA:132,SettingsCard
DA:18,132
DA:20,132
DA:52,1
LF:3
LH:3
BRDA:16,0,0,88
BRDA:32,1,0,132
BRDA:32,1,1,132
BRDA:33,2,0,132
BRDA:33,2,1,132
BRDA:40,3,0,132
BRDA:40,3,1,132
BRDA:44,4,0,132
BRDA:44,4,1,132
BRF:9
BRH:9
end_of_record
TN:
SF:components\inputs\InputModal.js
FN:22,InputModal
FN:57,(anonymous_1)
FN:58,(anonymous_2)
FN:62,(anonymous_3)
FNF:4
FNH:1
FNDA:126,InputModal
FNDA:0,(anonymous_1)
FNDA:0,(anonymous_2)
FNDA:0,(anonymous_3)
DA:32,126
DA:35,126
DA:36,126
DA:38,126
DA:57,0
DA:58,0
DA:62,0
DA:77,4
LF:8
LH:5
BRDA:27,0,0,0
BRDA:42,1,0,126
BRDA:42,1,1,0
BRDA:44,2,0,126
BRDA:44,2,1,126
BRDA:45,3,0,126
BRDA:45,3,1,126
BRDA:47,4,0,126
BRDA:47,4,1,126
BRDA:48,5,0,0
BRDA:48,5,1,126
BRDA:52,6,0,126
BRDA:52,6,1,78
BRDA:56,7,0,126
BRDA:56,7,1,126
BRDA:60,8,0,126
BRDA:60,8,1,78
BRDA:66,9,0,0
BRDA:66,9,1,78
BRF:19
BRH:15
end_of_record
TN:
SF:components\modals\common\HideMessagesModal.js
FN:17,HideMessagesModal
FN:27,(anonymous_1)
FN:63,(anonymous_2)
FN:69,(anonymous_3)
FNF:4
FNH:1
FNDA:22,HideMessagesModal
FNDA:0,(anonymous_1)
FNDA:0,(anonymous_2)
FNDA:0,(anonymous_3)
DA:20,22
DA:27,22
DA:28,0
DA:29,0
DA:32,22
DA:63,0
DA:69,0
DA:78,1
LF:8
LH:4
BRDA:44,0,0,22
BRDA:44,0,1,22
BRDA:45,1,0,22
BRDA:45,1,1,0
BRDA:46,2,0,22
BRDA:46,2,1,0
BRDA:53,3,0,22
BRDA:53,3,1,22
BRDA:58,4,0,22
BRDA:58,4,1,22
BRDA:62,5,0,22
BRDA:62,5,1,0
BRDA:68,6,0,22
BRDA:68,6,1,0
BRF:14
BRH:10
end_of_record
TN:
SF:components\modals\webviews\AutoRefreshModal.js
FN:22,(anonymous_0)
FN:70,(anonymous_1)
FN:77,(anonymous_2)
FN:103,(anonymous_3)
FNF:4
FNH:2
FNDA:22,(anonymous_0)
FNDA:242,(anonymous_1)
FNDA:0,(anonymous_2)
FNDA:0,(anonymous_3)
DA:22,1
DA:25,22
DA:28,22
DA:31,22
DA:45,22
DA:71,242
DA:77,0
DA:105,0
DA:106,0
DA:117,1
LF:10
LH:7
BRDA:56,0,0,22
BRDA:56,0,1,22
BRDA:60,1,0,22
BRDA:60,1,1,22
BRDA:61,2,0,22
BRDA:61,2,1,0
BRDA:62,3,0,22
BRDA:62,3,1,0
BRDA:68,4,0,22
BRDA:68,4,1,22
BRDA:75,5,0,242
BRDA:75,5,1,242
BRDA:80,6,0,22
BRDA:80,6,1,220
BRDA:81,7,0,242
BRDA:81,7,1,0
BRDA:82,8,0,22
BRDA:82,8,1,220
BRDA:87,9,0,242
BRDA:87,9,1,242
BRDA:96,10,0,22
BRDA:96,10,1,0
BRDA:102,11,0,22
BRDA:102,11,1,0
BRF:24
BRH:19
end_of_record
TN:
SF:components\modals\webviews\CustomAlert.js
FN:24,CustomAlert
FNF:1
FNH:1
FNDA:59,CustomAlert
DA:25,59
DA:27,59
DA:71,2
LF:3
LH:3
BRDA:24,0,0,0
BRDA:38,1,0,59
BRDA:38,1,1,59
BRDA:39,2,0,59
BRDA:39,2,1,0
BRDA:40,3,0,59
BRDA:40,3,1,0
BRDA:43,4,0,59
BRDA:43,4,1,59
BRDA:45,5,0,5
BRDA:45,5,1,54
BRF:11
BRH:8
end_of_record
TN:
SF:components\modals\webviews\DeleteWebviewModal.js
FN:19,DeleteWebviewModal
FN:63,(anonymous_1)
FNF:2
FNH:2
FNDA:47,DeleteWebviewModal
FNDA:1,(anonymous_1)
DA:22,47
DA:24,47
DA:63,1
DA:72,1
LF:4
LH:4
BRDA:36,0,0,47
BRDA:36,0,1,47
BRDA:37,1,0,47
BRDA:37,1,1,0
BRDA:38,2,0,47
BRDA:38,2,1,0
BRDA:42,3,0,47
BRDA:42,3,1,47
BRDA:43,4,0,47
BRDA:43,4,1,0
BRDA:47,5,0,47
BRDA:47,5,1,47
BRF:12
BRH:9
end_of_record
TN:
SF:components\modals\webviews\EditWebviewModal.js
FN:23,EditWebviewModal
FN:39,(anonymous_1)
FN:47,(anonymous_2)
FN:60,(anonymous_3)
FN:105,(anonymous_4)
FN:106,(anonymous_5)
FN:127,(anonymous_6)
FN:128,(anonymous_7)
FNF:8
FNH:4
FNDA:60,EditWebviewModal
FNDA:35,(anonymous_1)
FNDA:4,(anonymous_2)
FNDA:4,(anonymous_3)
FNDA:0,(anonymous_4)
FNDA:0,(anonymous_5)
FNDA:0,(anonymous_6)
FNDA:0,(anonymous_7)
DA:26,60
DA:29,60
DA:30,60
DA:31,60
DA:32,60
DA:33,60
DA:39,60
DA:40,35
DA:41,5
DA:42,5
DA:43,5
DA:47,60
DA:48,4
DA:49,4
DA:50,2
DA:52,2
DA:60,60
DA:61,4
DA:62,0
DA:63,0
DA:65,4
DA:66,2
DA:67,2
DA:69,2
DA:70,2
DA:71,2
DA:74,60
DA:105,0
DA:106,0
DA:127,0
DA:128,0
DA:162,1
LF:32
LH:26
BRDA:29,0,0,60
BRDA:29,0,1,42
BRDA:30,1,0,60
BRDA:30,1,1,42
BRDA:40,2,0,5
BRDA:40,2,1,30
BRDA:41,3,0,5
BRDA:41,3,1,0
BRDA:42,4,0,5
BRDA:42,4,1,0
BRDA:61,5,0,0
BRDA:61,5,1,4
BRDA:65,6,0,2
BRDA:65,6,1,2
BRDA:86,7,0,60
BRDA:86,7,1,60
BRDA:87,8,0,60
BRDA:87,8,1,0
BRDA:88,9,0,60
BRDA:88,9,1,0
BRDA:91,10,0,60
BRDA:91,10,1,2
BRDA:104,11,0,60
BRDA:104,11,1,60
BRDA:111,12,0,0
BRDA:111,12,1,60
BRDA:126,13,0,60
BRDA:126,13,1,60
BRDA:133,14,0,0
BRDA:133,14,1,60
BRF:30
BRH:23
end_of_record
TN:
SF:components\modals\webviews\ImportWebviewModal.js
FN:23,(anonymous_0)
FN:39,(anonymous_1)
FN:54,(anonymous_2)
FN:65,(anonymous_3)
FN:83,(anonymous_4)
FN:98,(anonymous_5)
FN:111,(anonymous_6)
FN:127,(anonymous_7)
FN:136,(anonymous_8)
FNF:9
FNH:9
FNDA:53,(anonymous_0)
FNDA:4,(anonymous_1)
FNDA:4,(anonymous_2)
FNDA:2,(anonymous_3)
FNDA:4,(anonymous_4)
FNDA:2,(anonymous_5)
FNDA:2,(anonymous_6)
FNDA:2,(anonymous_7)
FNDA:1,(anonymous_8)
DA:23,1
DA:26,53
DA:27,53
DA:28,53
DA:31,53
DA:39,53
DA:40,4
DA:46,4
DA:54,53
DA:55,4
DA:56,4
DA:65,53
DA:66,2
DA:68,2
DA:71,2
DA:72,2
DA:76,2
DA:83,53
DA:84,4
DA:85,0
DA:86,0
DA:90,4
DA:91,0
DA:92,0
DA:96,4
DA:97,4
DA:100,2
DA:102,2
DA:103,0
DA:105,2
DA:106,2
DA:108,0
DA:113,2
DA:114,2
DA:116,2
DA:117,0
DA:118,0
DA:121,2
DA:122,2
DA:124,0
DA:128,2
DA:136,53
DA:137,1
DA:138,1
DA:139,1
DA:142,53
DA:209,1
LF:47
LH:38
BRDA:84,0,0,0
BRDA:84,0,1,4
BRDA:90,1,0,0
BRDA:90,1,1,4
BRDA:102,2,0,0
BRDA:102,2,1,2
BRDA:102,3,0,2
BRDA:102,3,1,2
BRDA:105,4,0,2
BRDA:105,4,1,0
BRDA:105,5,0,2
BRDA:105,5,1,2
BRDA:113,6,0,2
BRDA:113,6,1,0
BRDA:116,7,0,0
BRDA:116,7,1,2
BRDA:154,8,0,53
BRDA:154,8,1,53
BRDA:155,9,0,53
BRDA:155,9,1,0
BRDA:156,10,0,53
BRDA:156,10,1,0
BRDA:169,11,0,0
BRDA:169,11,1,53
BRDA:173,12,0,2
BRDA:173,12,1,51
BRDA:179,13,0,2
BRDA:179,13,1,2
BRDA:191,14,0,53
BRDA:191,14,1,0
BRDA:198,15,0,53
BRDA:198,15,1,0
BRF:32
BRH:21
end_of_record
TN:
SF:components\modals\webviews\PasswordDefineModal.js
FN:24,PasswordDefineModal
FN:47,(anonymous_1)
FN:56,(anonymous_2)
FN:75,(anonymous_3)
FN:89,(anonymous_4)
FN:126,(anonymous_5)
FN:127,(anonymous_6)
FN:158,(anonymous_7)
FN:189,(anonymous_8)
FNF:9
FNH:7
FNDA:59,PasswordDefineModal
FNDA:7,(anonymous_1)
FNDA:7,(anonymous_2)
FNDA:2,(anonymous_3)
FNDA:3,(anonymous_4)
FNDA:0,(anonymous_5)
FNDA:0,(anonymous_6)
FNDA:1,(anonymous_7)
FNDA:2,(anonymous_8)
DA:27,59
DA:30,59
DA:31,59
DA:32,59
DA:33,59
DA:38,59
DA:47,59
DA:48,7
DA:49,7
DA:56,59
DA:58,7
DA:59,2
DA:60,2
DA:64,5
DA:65,3
DA:67,2
DA:75,59
DA:76,2
DA:77,2
DA:78,2
DA:79,2
DA:80,2
DA:82,2
DA:89,59
DA:90,3
DA:91,3
DA:92,3
DA:95,59
DA:126,0
DA:127,0
DA:159,1
DA:160,1
DA:189,2
DA:197,2
LF:34
LH:32
BRDA:47,0,0,4
BRDA:58,1,0,2
BRDA:58,1,1,5
BRDA:64,2,0,3
BRDA:64,2,1,2
BRDA:76,3,0,2
BRDA:76,3,1,0
BRDA:107,4,0,59
BRDA:107,4,1,59
BRDA:108,5,0,59
BRDA:108,5,1,0
BRDA:112,6,0,59
BRDA:112,6,1,59
BRDA:113,7,0,59
BRDA:113,7,1,0
BRDA:114,8,0,59
BRDA:114,8,1,0
BRDA:119,9,0,59
BRDA:119,9,1,59
BRDA:133,10,0,0
BRDA:133,10,1,59
BRDA:147,11,0,0
BRDA:147,11,1,59
BRDA:162,12,0,59
BRDA:162,12,1,0
BRDA:170,13,0,59
BRDA:170,13,1,0
BRDA:177,14,0,59
BRDA:177,14,1,0
BRF:29
BRH:20
end_of_record
TN:
SF:components\modals\webviews\ReadOnlyModal.js
FN:20,ReadOnly
FN:29,(anonymous_1)
FN:38,(anonymous_2)
FNF:3
FNH:1
FNDA:22,ReadOnly
FNDA:0,(anonymous_1)
FNDA:0,(anonymous_2)
DA:23,22
DA:29,22
DA:30,0
DA:31,0
DA:38,22
DA:39,0
DA:40,0
DA:43,22
DA:91,1
LF:9
LH:5
BRDA:55,0,0,22
BRDA:55,0,1,22
BRDA:56,1,0,22
BRDA:56,1,1,0
BRDA:57,2,0,22
BRDA:57,2,1,0
BRDA:64,3,0,22
BRDA:64,3,1,22
BRDA:69,4,0,22
BRDA:69,4,1,22
BRDA:74,5,0,22
BRDA:74,5,1,0
BRDA:81,6,0,22
BRDA:81,6,1,0
BRF:14
BRH:10
end_of_record
TN:
SF:components\text\CustomText.js
FN:5,(anonymous_0)
FNF:1
FNH:1
FNDA:937,(anonymous_0)
DA:5,3
DA:6,937
LF:2
LH:2
BRF:0
BRH:0
end_of_record
TN:
SF:components\text\TitleModal.js
FN:14,TitleModal
FNF:1
FNH:1
FNDA:77,TitleModal
DA:17,77
DA:19,77
DA:31,3
LF:3
LH:3
BRDA:23,0,0,77
BRDA:23,0,1,77
BRF:2
BRH:2
end_of_record
TN:
SF:constants\screens.js
FNF:0
FNH:0
DA:5,5
LF:1
LH:1
BRF:0
BRH:0
end_of_record
TN:
SF:constants\style.js
FNF:0
FNH:0
DA:1,4
DA:12,4
DA:49,4
DA:86,4
LF:4
LH:4
BRF:0
BRH:0
end_of_record
TN:
SF:hooks\useDeviceType.js
FN:10,(anonymous_0)
FNF:1
FNH:1
FNDA:310,(anonymous_0)
DA:10,1
DA:11,310
DA:12,310
DA:13,310
DA:16,310
DA:17,310
DA:18,310
DA:19,310
DA:22,310
DA:23,310
DA:24,310
DA:25,310
DA:27,310
LF:13
LH:13
BRDA:22,0,0,310
BRDA:22,0,1,310
BRDA:23,1,0,310
BRDA:23,1,1,0
BRDA:24,2,0,310
BRDA:24,2,1,310
BRDA:25,3,0,310
BRDA:25,3,1,0
BRF:8
BRH:6
end_of_record
TN:
SF:hooks\useNavigation.js
FN:9,(anonymous_0)
FN:11,(anonymous_1)
FN:19,(anonymous_2)
FN:29,(anonymous_3)
FNF:4
FNH:4
FNDA:35,(anonymous_0)
FNDA:11,(anonymous_1)
FNDA:3,(anonymous_2)
FNDA:3,(anonymous_3)
DA:9,2
DA:11,35
DA:12,11
DA:13,3
DA:14,3
DA:16,8
DA:19,35
DA:20,3
DA:29,3
DA:30,3
DA:34,35
LF:11
LH:11
BRDA:12,0,0,3
BRDA:12,0,1,8
BRDA:19,1,0,2
BRDA:30,2,0,3
BRDA:30,2,1,2
BRF:5
BRH:5
end_of_record
TN:
SF:hooks\useTimeout.js
FN:4,(anonymous_0)
FN:13,(anonymous_1)
FN:30,(anonymous_2)
FN:50,(anonymous_3)
FNF:4
FNH:4
FNDA:9,(anonymous_0)
FNDA:3,(anonymous_1)
FNDA:3,(anonymous_2)
FNDA:2,(anonymous_3)
DA:4,1
DA:5,9
DA:13,9
DA:14,3
DA:15,2
DA:16,0
DA:17,0
DA:18,0
DA:19,1
DA:20,0
DA:30,9
DA:31,3
DA:33,3
DA:34,1
DA:35,1
DA:36,1
DA:38,0
DA:41,2
DA:42,2
DA:43,2
DA:45,1
DA:50,9
DA:51,2
DA:52,2
DA:53,1
DA:54,1
DA:57,1
DA:61,9
LF:28
LH:23
BRDA:14,0,0,2
BRDA:14,0,1,0
BRDA:14,0,2,0
BRDA:14,0,3,0
BRDA:14,0,4,1
BRDA:14,0,5,0
BRDA:33,1,0,1
BRDA:33,1,1,2
BRDA:53,2,0,1
BRDA:53,2,1,0
BRF:10
BRH:5
end_of_record
TN:
SF:hooks\useWebviews.js
FN:12,useWebviews
FN:40,(anonymous_1)
FN:44,(anonymous_2)
FN:60,(anonymous_3)
FN:82,(anonymous_4)
FN:94,(anonymous_5)
FN:108,(anonymous_6)
FN:123,(anonymous_7)
FN:145,(anonymous_8)
FN:165,(anonymous_9)
FN:181,(anonymous_10)
FN:196,(anonymous_11)
FN:205,(anonymous_12)
FN:207,(anonymous_13)
FN:210,(anonymous_14)
FN:214,(anonymous_15)
FNF:16
FNH:15
FNDA:25,useWebviews
FNDA:1,(anonymous_1)
FNDA:4,(anonymous_2)
FNDA:4,(anonymous_3)
FNDA:4,(anonymous_4)
FNDA:4,(anonymous_5)
FNDA:4,(anonymous_6)
FNDA:39,(anonymous_7)
FNDA:25,(anonymous_8)
FNDA:1,(anonymous_9)
FNDA:1,(anonymous_10)
FNDA:14,(anonymous_11)
FNDA:18,(anonymous_12)
FNDA:0,(anonymous_13)
FNDA:4,(anonymous_14)
FNDA:25,(anonymous_15)
DA:13,25
DA:14,25
DA:15,25
DA:16,25
DA:17,25
DA:18,25
DA:20,25
DA:38,25
DA:40,25
DA:41,1
DA:44,25
DA:45,4
DA:46,4
DA:47,4
DA:48,4
DA:50,0
DA:60,25
DA:61,4
DA:62,4
DA:63,0
DA:64,0
DA:65,0
DA:66,0
DA:67,0
DA:68,0
DA:69,0
DA:70,0
DA:71,0
DA:72,0
DA:82,25
DA:83,4
DA:84,4
DA:85,4
DA:94,25
DA:95,4
DA:96,4
DA:98,0
DA:108,25
DA:109,4
DA:110,4
DA:111,4
DA:112,4
DA:114,1
DA:123,25
DA:124,39
DA:125,39
DA:126,39
DA:127,0
DA:128,0
DA:129,0
DA:130,0
DA:134,0
DA:135,0
DA:145,25
DA:146,25
DA:147,25
DA:148,25
DA:149,0
DA:150,0
DA:153,0
DA:154,0
DA:165,25
DA:166,1
DA:167,1
DA:169,1
DA:181,25
DA:182,1
DA:183,1
DA:184,1
DA:185,1
DA:187,0
DA:196,25
DA:197,14
DA:205,25
DA:206,18
DA:207,4
DA:210,4
DA:214,25
DA:215,25
DA:216,25
DA:217,25
DA:220,25
LF:82
LH:59
BRDA:41,0,0,1
BRDA:41,0,1,0
BRDA:46,1,0,4
BRDA:46,1,1,0
BRDA:46,2,0,4
BRDA:46,2,1,0
BRDA:61,3,0,4
BRDA:61,3,1,0
BRDA:61,3,2,0
BRDA:61,3,3,0
BRDA:61,3,4,0
BRDA:61,3,5,0
BRDA:61,3,6,0
BRDA:61,3,7,0
BRDA:61,3,8,0
BRDA:61,3,9,0
BRDA:61,3,10,0
BRDA:110,4,0,4
BRDA:110,4,1,0
BRDA:126,5,0,0
BRDA:126,5,1,39
BRDA:129,6,0,0
BRDA:129,6,1,0
BRDA:134,7,0,0
BRDA:134,7,1,0
BRDA:148,8,0,0
BRDA:148,8,1,25
BRDA:153,9,0,0
BRDA:153,9,1,0
BRDA:184,10,0,1
BRDA:184,10,1,0
BRDA:206,11,0,4
BRDA:206,11,1,14
BRF:33
BRH:10
end_of_record
TN:
SF:hooks\useWebviewsPassword.js
FN:12,(anonymous_0)
FN:23,(anonymous_1)
FN:29,(anonymous_2)
FN:37,(anonymous_3)
FN:53,(anonymous_4)
FN:72,(anonymous_5)
FN:94,(anonymous_6)
FN:107,(anonymous_7)
FN:121,(anonymous_8)
FNF:9
FNH:7
FNDA:33,(anonymous_0)
FNDA:0,(anonymous_1)
FNDA:3,(anonymous_2)
FNDA:3,(anonymous_3)
FNDA:3,(anonymous_4)
FNDA:43,(anonymous_5)
FNDA:2,(anonymous_6)
FNDA:0,(anonymous_7)
FNDA:18,(anonymous_8)
DA:12,2
DA:14,33
DA:15,33
DA:16,33
DA:17,33
DA:23,33
DA:29,33
DA:37,33
DA:38,3
DA:39,3
DA:40,3
DA:45,3
DA:53,33
DA:54,3
DA:55,3
DA:57,0
DA:58,0
DA:60,3
DA:61,3
DA:64,0
DA:72,33
DA:73,43
DA:74,43
DA:76,43
DA:78,43
DA:79,0
DA:81,43
DA:82,0
DA:85,0
DA:94,33
DA:95,2
DA:96,1
DA:97,1
DA:99,1
DA:107,33
DA:108,0
DA:109,0
DA:110,0
DA:121,33
DA:122,18
DA:126,33
LF:41
LH:32
BRDA:55,0,0,0
BRDA:55,0,1,3
BRDA:78,1,0,0
BRDA:78,1,1,43
BRDA:81,2,0,0
BRDA:81,2,1,43
BRDA:95,3,0,1
BRDA:95,3,1,1
BRF:8
BRH:5
end_of_record
TN:
SF:screens\webviews\SettingsWebviews.js
FN:32,SettingsWebviews
FN:59,(anonymous_1)
FN:67,(anonymous_2)
FN:69,(anonymous_3)
FN:71,(anonymous_4)
FN:73,(anonymous_5)
FN:75,(anonymous_6)
FN:81,(anonymous_7)
FN:95,(anonymous_8)
FN:125,(anonymous_9)
FN:190,(anonymous_10)
FN:291,(anonymous_11)
FN:297,(anonymous_12)
FN:310,(anonymous_13)
FN:329,(anonymous_14)
FNF:15
FNH:8
FNDA:22,SettingsWebviews
FNDA:2,(anonymous_1)
FNDA:2,(anonymous_2)
FNDA:1,(anonymous_3)
FNDA:0,(anonymous_4)
FNDA:1,(anonymous_5)
FNDA:0,(anonymous_6)
FNDA:3,(anonymous_7)
FNDA:22,(anonymous_8)
FNDA:0,(anonymous_9)
FNDA:0,(anonymous_10)
FNDA:2,(anonymous_11)
FNDA:0,(anonymous_12)
FNDA:0,(anonymous_13)
FNDA:0,(anonymous_14)
DA:48,22
DA:50,22
DA:51,22
DA:52,22
DA:53,22
DA:59,22
DA:60,2
DA:67,22
DA:69,22
DA:71,22
DA:73,22
DA:75,22
DA:81,22
DA:82,3
DA:83,1
DA:85,2
DA:95,22
DA:97,22
DA:99,22
DA:101,22
DA:102,22
DA:103,21
DA:104,21
DA:105,21
DA:108,0
DA:111,0
DA:112,0
DA:113,0
DA:114,0
DA:117,0
DA:125,22
DA:126,0
DA:127,0
DA:128,0
DA:130,0
DA:134,22
DA:190,0
DA:291,2
DA:297,0
DA:310,0
DA:329,0
DA:336,1
LF:42
LH:28
BRDA:82,0,0,1
BRDA:82,0,1,2
BRDA:82,1,0,3
BRDA:82,1,1,3
BRDA:97,2,0,0
BRDA:97,2,1,22
BRDA:97,3,0,22
BRDA:97,3,1,22
BRDA:101,4,0,22
BRDA:101,4,1,0
BRDA:102,5,0,1
BRDA:102,5,1,21
BRDA:103,6,0,0
BRDA:103,6,1,21
BRDA:104,7,0,0
BRDA:104,7,1,21
BRDA:111,8,0,0
BRDA:111,8,1,0
BRDA:113,9,0,0
BRDA:113,9,1,0
BRDA:145,10,0,22
BRDA:145,10,1,0
BRDA:153,11,0,22
BRDA:153,11,1,22
BRDA:156,12,0,22
BRDA:156,12,1,22
BRDA:160,13,0,22
BRDA:160,13,1,22
BRDA:161,14,0,22
BRDA:161,14,1,0
BRDA:169,15,0,22
BRDA:169,15,1,0
BRDA:179,16,0,22
BRDA:179,16,1,22
BRDA:183,17,0,22
BRDA:183,17,1,22
BRDA:184,18,0,22
BRDA:184,18,1,0
BRDA:189,19,0,22
BRDA:189,19,1,0
BRDA:198,20,0,22
BRDA:198,20,1,0
BRDA:209,21,0,22
BRDA:209,21,1,22
BRDA:217,22,0,22
BRDA:217,22,1,22
BRDA:221,23,0,22
BRDA:221,23,1,22
BRDA:222,24,0,22
BRDA:222,24,1,0
BRDA:229,25,0,22
BRDA:229,25,1,0
BRDA:240,26,0,22
BRDA:240,26,1,22
BRDA:242,27,0,1
BRDA:242,27,1,21
BRDA:252,28,0,22
BRDA:252,28,1,0
BRDA:263,29,0,22
BRDA:263,29,1,22
BRDA:265,30,0,1
BRDA:265,30,1,21
BRDA:275,31,0,22
BRDA:275,31,1,22
BRDA:276,32,0,22
BRDA:276,32,1,0
BRDA:286,33,0,22
BRDA:286,33,1,0
BRDA:299,34,0,22
BRDA:299,34,1,22
BRDA:300,35,0,1
BRDA:300,35,1,21
BRF:72
BRH:53
end_of_record
TN:
SF:screens\webviews\WebviewsManagementScreen.js
FN:28,WebviewsManagementScreen
FN:56,(anonymous_1)
FN:57,(anonymous_2)
FN:59,(anonymous_3)
FN:64,(anonymous_4)
FN:69,(anonymous_5)
FN:74,(anonymous_6)
FN:81,(anonymous_7)
FN:85,(anonymous_8)
FN:107,(anonymous_9)
FN:127,(anonymous_10)
FN:150,(anonymous_11)
FN:152,(anonymous_12)
FN:169,(anonymous_13)
FN:214,(anonymous_14)
FN:221,(anonymous_15)
FN:226,(anonymous_16)
FN:242,(anonymous_17)
FN:244,(anonymous_18)
FN:246,(anonymous_19)
FN:275,(anonymous_20)
FN:276,(anonymous_21)
FN:277,(anonymous_22)
FN:291,(anonymous_23)
FN:292,(anonymous_24)
FN:293,(anonymous_25)
FN:315,(anonymous_26)
FN:316,(anonymous_27)
FN:317,(anonymous_28)
FN:332,(anonymous_29)
FN:333,(anonymous_30)
FN:334,(anonymous_31)
FNF:32
FNH:22
FNDA:47,WebviewsManagementScreen
FNDA:6,(anonymous_1)
FNDA:3,(anonymous_2)
FNDA:5,(anonymous_3)
FNDA:2,(anonymous_4)
FNDA:2,(anonymous_5)
FNDA:1,(anonymous_6)
FNDA:1,(anonymous_7)
FNDA:2,(anonymous_8)
FNDA:4,(anonymous_9)
FNDA:2,(anonymous_10)
FNDA:2,(anonymous_11)
FNDA:4,(anonymous_12)
FNDA:1,(anonymous_13)
FNDA:2,(anonymous_14)
FNDA:1,(anonymous_15)
FNDA:186,(anonymous_16)
FNDA:2,(anonymous_17)
FNDA:0,(anonymous_18)
FNDA:0,(anonymous_19)
FNDA:4,(anonymous_20)
FNDA:0,(anonymous_21)
FNDA:0,(anonymous_22)
FNDA:2,(anonymous_23)
FNDA:0,(anonymous_24)
FNDA:0,(anonymous_25)
FNDA:5,(anonymous_26)
FNDA:0,(anonymous_27)
FNDA:0,(anonymous_28)
FNDA:2,(anonymous_29)
FNDA:0,(anonymous_30)
FNDA:0,(anonymous_31)
DA:40,47
DA:42,47
DA:43,47
DA:44,47
DA:45,47
DA:46,47
DA:47,47
DA:48,47
DA:49,47
DA:50,47
DA:51,47
DA:56,47
DA:57,47
DA:59,47
DA:60,5
DA:61,5
DA:64,47
DA:65,2
DA:66,2
DA:69,47
DA:70,2
DA:71,2
DA:74,47
DA:81,47
DA:82,1
DA:84,1
DA:85,2
DA:87,1
DA:88,1
DA:89,1
DA:92,1
DA:93,1
DA:96,0
DA:107,47
DA:109,4
DA:111,2
DA:113,2
DA:114,2
DA:115,2
DA:117,2
DA:118,2
DA:127,47
DA:129,2
DA:131,1
DA:133,1
DA:134,1
DA:135,1
DA:137,1
DA:139,1
DA:150,47
DA:152,2
DA:154,4
DA:155,2
DA:157,2
DA:160,2
DA:161,2
DA:164,47
DA:169,1
DA:214,2
DA:221,1
DA:227,186
DA:242,2
DA:244,0
DA:246,0
DA:275,4
DA:276,0
DA:277,0
DA:291,2
DA:292,0
DA:293,0
DA:315,5
DA:316,0
DA:317,0
DA:332,2
DA:333,0
DA:334,0
DA:354,1
LF:77
LH:66
BRDA:82,0,0,1
BRDA:82,0,1,0
BRDA:109,1,0,2
BRDA:109,1,1,2
BRDA:129,2,0,1
BRDA:129,2,1,1
BRDA:154,3,0,2
BRDA:154,3,1,2
BRDA:173,4,0,47
BRDA:173,4,1,0
BRDA:177,5,0,47
BRDA:177,5,1,45
BRDA:184,6,0,45
BRDA:184,6,1,0
BRDA:191,7,0,47
BRDA:191,7,1,3
BRDA:194,8,0,3
BRDA:194,8,1,3
BRDA:226,9,0,47
BRDA:226,9,1,47
BRDA:231,10,0,186
BRDA:231,10,1,186
BRDA:239,11,0,186
BRDA:239,11,1,186
BRDA:251,12,0,186
BRDA:251,12,1,186
BRDA:252,13,0,186
BRDA:252,13,1,0
BRDA:263,14,0,186
BRDA:263,14,1,182
BRDA:266,15,0,182
BRDA:266,15,1,182
BRDA:270,16,0,182
BRDA:270,16,1,182
BRDA:271,17,0,182
BRDA:271,17,1,0
BRDA:282,18,0,0
BRDA:282,18,1,182
BRDA:284,19,0,182
BRDA:284,19,1,0
BRDA:285,20,0,0
BRDA:285,20,1,182
BRDA:298,21,0,0
BRDA:298,21,1,182
BRDA:300,22,0,182
BRDA:300,22,1,0
BRDA:301,23,0,182
BRDA:301,23,1,0
BRDA:302,24,0,0
BRDA:302,24,1,182
BRDA:310,25,0,182
BRDA:310,25,1,182
BRDA:311,26,0,182
BRDA:311,26,1,0
BRDA:322,27,0,0
BRDA:322,27,1,182
BRDA:324,28,0,182
BRDA:324,28,1,0
BRDA:325,29,0,0
BRDA:325,29,1,182
BRDA:325,30,0,182
BRDA:325,30,1,0
BRDA:339,31,0,0
BRDA:339,31,1,182
BRDA:340,32,0,0
BRDA:340,32,1,182
BRF:66
BRH:47
end_of_record
