TN:
SF:.eslintrc.js
FNF:0
FNH:0
DA:1,0
LF:1
LH:0
BRF:0
BRH:0
end_of_record
TN:
SF:App.js
FN:36,(anonymous_0)
FN:120,(anonymous_1)
FN:131,App
FN:195,(anonymous_3)
FN:209,(anonymous_4)
FN:220,(anonymous_5)
FN:244,(anonymous_6)
FN:262,(anonymous_7)
FN:263,(anonymous_8)
FN:368,(anonymous_9)
FN:371,(anonymous_10)
FN:423,(anonymous_11)
FN:433,(anonymous_12)
FN:438,(anonymous_13)
FN:458,(anonymous_14)
FN:500,(anonymous_15)
FN:508,(anonymous_16)
FN:509,(anonymous_17)
FN:545,(anonymous_18)
FN:574,(anonymous_19)
FN:579,(anonymous_20)
FN:655,(anonymous_21)
FN:704,(anonymous_22)
FN:731,(anonymous_23)
FNF:24
FNH:0
FNDA:0,(anonymous_0)
FNDA:0,(anonymous_1)
FNDA:0,App
FNDA:0,(anonymous_3)
FNDA:0,(anonymous_4)
FNDA:0,(anonymous_5)
FNDA:0,(anonymous_6)
FNDA:0,(anonymous_7)
FNDA:0,(anonymous_8)
FNDA:0,(anonymous_9)
FNDA:0,(anonymous_10)
FNDA:0,(anonymous_11)
FNDA:0,(anonymous_12)
FNDA:0,(anonymous_13)
FNDA:0,(anonymous_14)
FNDA:0,(anonymous_15)
FNDA:0,(anonymous_16)
FNDA:0,(anonymous_17)
FNDA:0,(anonymous_18)
FNDA:0,(anonymous_19)
FNDA:0,(anonymous_20)
FNDA:0,(anonymous_21)
FNDA:0,(anonymous_22)
FNDA:0,(anonymous_23)
DA:35,0
DA:37,0
DA:39,0
DA:45,0
DA:50,0
DA:54,0
DA:57,0
DA:58,0
DA:59,0
DA:60,0
DA:64,0
DA:65,0
DA:66,0
DA:74,0
DA:76,0
DA:77,0
DA:79,0
DA:81,0
DA:84,0
DA:85,0
DA:86,0
DA:94,0
DA:99,0
DA:105,0
DA:107,0
DA:120,0
DA:121,0
DA:134,0
DA:144,0
DA:145,0
DA:146,0
DA:147,0
DA:148,0
DA:149,0
DA:150,0
DA:151,0
DA:152,0
DA:155,0
DA:156,0
DA:157,0
DA:176,0
DA:189,0
DA:195,0
DA:197,0
DA:198,0
DA:200,0
DA:209,0
DA:210,0
DA:211,0
DA:214,0
DA:215,0
DA:218,0
DA:219,0
DA:220,0
DA:221,0
DA:222,0
DA:226,0
DA:229,0
DA:234,0
DA:235,0
DA:236,0
DA:239,0
DA:240,0
DA:242,0
DA:243,0
DA:244,0
DA:245,0
DA:246,0
DA:250,0
DA:251,0
DA:254,0
DA:262,0
DA:263,0
DA:264,0
DA:267,0
DA:268,0
DA:271,0
DA:273,0
DA:274,0
DA:277,0
DA:283,0
DA:294,0
DA:295,0
DA:297,0
DA:298,0
DA:301,0
DA:302,0
DA:305,0
DA:306,0
DA:309,0
DA:310,0
DA:311,0
DA:312,0
DA:315,0
DA:316,0
DA:317,0
DA:318,0
DA:319,0
DA:323,0
DA:327,0
DA:333,0
DA:334,0
DA:335,0
DA:337,0
DA:338,0
DA:340,0
DA:344,0
DA:345,0
DA:346,0
DA:347,0
DA:351,0
DA:352,0
DA:353,0
DA:354,0
DA:358,0
DA:362,0
DA:368,0
DA:369,0
DA:371,0
DA:373,0
DA:376,0
DA:377,0
DA:380,0
DA:383,0
DA:384,0
DA:387,0
DA:388,0
DA:391,0
DA:394,0
DA:399,0
DA:400,0
DA:401,0
DA:402,0
DA:405,0
DA:406,0
DA:408,0
DA:411,0
DA:416,0
DA:423,0
DA:424,0
DA:425,0
DA:426,0
DA:428,0
DA:429,0
DA:433,0
DA:435,0
DA:438,0
DA:439,0
DA:440,0
DA:441,0
DA:442,0
DA:443,0
DA:447,0
DA:448,0
DA:450,0
DA:455,0
DA:458,0
DA:460,0
DA:466,0
DA:468,0
DA:471,0
DA:472,0
DA:475,0
DA:482,0
DA:485,0
DA:486,0
DA:489,0
DA:490,0
DA:491,0
DA:495,0
DA:500,0
DA:501,0
DA:502,0
DA:508,0
DA:509,0
DA:510,0
DA:512,0
DA:513,0
DA:514,0
DA:517,0
DA:522,0
DA:523,0
DA:524,0
DA:528,0
DA:532,0
DA:536,0
DA:537,0
DA:545,0
DA:546,0
DA:548,0
DA:550,0
DA:554,0
DA:555,0
DA:557,0
DA:558,0
DA:560,0
DA:561,0
DA:563,0
DA:565,0
DA:574,0
DA:575,0
DA:577,0
DA:580,0
DA:581,0
DA:582,0
DA:584,0
DA:586,0
DA:587,0
DA:589,0
DA:597,0
DA:610,0
DA:637,0
DA:650,0
DA:655,0
DA:660,0
DA:671,0
DA:679,0
DA:691,0
DA:702,0
DA:704,0
DA:713,0
DA:717,0
DA:731,0
DA:743,0
LF:224
LH:0
BRDA:42,0,0,0
BRDA:42,0,1,0
BRDA:50,1,0,0
BRDA:50,1,1,0
BRDA:50,2,0,0
BRDA:50,2,1,0
BRDA:50,2,2,0
BRDA:57,3,0,0
BRDA:57,3,1,0
BRDA:60,4,0,0
BRDA:60,4,1,0
BRDA:64,5,0,0
BRDA:64,5,1,0
BRDA:77,6,0,0
BRDA:77,6,1,0
BRDA:79,7,0,0
BRDA:79,7,1,0
BRDA:84,8,0,0
BRDA:84,8,1,0
BRDA:84,9,0,0
BRDA:84,9,1,0
BRDA:197,10,0,0
BRDA:197,10,1,0
BRDA:211,11,0,0
BRDA:211,11,1,0
BRDA:218,12,0,0
BRDA:218,12,1,0
BRDA:222,13,0,0
BRDA:222,13,1,0
BRDA:229,14,0,0
BRDA:229,14,1,0
BRDA:229,15,0,0
BRDA:229,15,1,0
BRDA:229,15,2,0
BRDA:229,15,3,0
BRDA:242,16,0,0
BRDA:242,16,1,0
BRDA:246,17,0,0
BRDA:246,17,1,0
BRDA:267,18,0,0
BRDA:267,18,1,0
BRDA:294,19,0,0
BRDA:294,19,1,0
BRDA:298,20,0,0
BRDA:298,20,1,0
BRDA:301,21,0,0
BRDA:301,21,1,0
BRDA:309,22,0,0
BRDA:309,22,1,0
BRDA:309,23,0,0
BRDA:309,23,1,0
BRDA:309,23,2,0
BRDA:310,24,0,0
BRDA:310,24,1,0
BRDA:311,25,0,0
BRDA:311,25,1,0
BRDA:311,26,0,0
BRDA:311,26,1,0
BRDA:318,27,0,0
BRDA:318,27,1,0
BRDA:327,28,0,0
BRDA:327,28,1,0
BRDA:327,29,0,0
BRDA:327,29,1,0
BRDA:327,29,2,0
BRDA:327,29,3,0
BRDA:327,29,4,0
BRDA:346,30,0,0
BRDA:346,30,1,0
BRDA:353,31,0,0
BRDA:353,31,1,0
BRDA:369,32,0,0
BRDA:369,32,1,0
BRDA:373,33,0,0
BRDA:373,33,1,0
BRDA:383,34,0,0
BRDA:383,34,1,0
BRDA:383,35,0,0
BRDA:383,35,1,0
BRDA:384,36,0,0
BRDA:384,36,1,0
BRDA:387,37,0,0
BRDA:387,37,1,0
BRDA:387,38,0,0
BRDA:387,38,1,0
BRDA:394,39,0,0
BRDA:394,39,1,0
BRDA:394,40,0,0
BRDA:394,40,1,0
BRDA:394,40,2,0
BRDA:394,40,3,0
BRDA:442,41,0,0
BRDA:442,41,1,0
BRDA:471,42,0,0
BRDA:471,42,1,0
BRDA:472,43,0,0
BRDA:472,43,1,0
BRDA:485,44,0,0
BRDA:485,44,1,0
BRDA:489,45,0,0
BRDA:489,45,1,0
BRDA:489,46,0,0
BRDA:489,46,1,0
BRDA:501,47,0,0
BRDA:501,47,1,0
BRDA:517,48,0,0
BRDA:517,48,1,0
BRDA:517,49,0,0
BRDA:517,49,1,0
BRDA:517,49,2,0
BRDA:517,49,3,0
BRDA:536,50,0,0
BRDA:536,50,1,0
BRDA:536,51,0,0
BRDA:536,51,1,0
BRDA:536,51,2,0
BRDA:548,52,0,0
BRDA:548,52,1,0
BRDA:558,53,0,0
BRDA:558,53,1,0
BRDA:558,54,0,0
BRDA:558,54,1,0
BRDA:575,55,0,0
BRDA:575,55,1,0
BRDA:575,55,2,0
BRDA:575,55,3,0
BRDA:575,55,4,0
BRDA:575,55,5,0
BRDA:575,55,6,0
BRDA:575,55,7,0
BRDA:575,55,8,0
BRDA:575,55,9,0
BRDA:575,55,10,0
BRDA:580,56,0,0
BRDA:580,56,1,0
BRDA:581,57,0,0
BRDA:581,57,1,0
BRDA:586,58,0,0
BRDA:586,58,1,0
BRDA:652,59,0,0
BRDA:652,59,1,0
BRDA:719,60,0,0
BRDA:719,60,1,0
BRF:143
BRH:0
end_of_record
TN:
SF:jest.config.js
FNF:0
FNH:0
DA:1,0
LF:1
LH:0
BRF:0
BRH:0
end_of_record
TN:
SF:react-native.config.js
FNF:0
FNH:0
DA:1,0
LF:1
LH:0
BRF:0
BRH:0
end_of_record
TN:
SF:test-notification.js
FN:3,sendTestNotification
FNF:1
FNH:0
FNDA:0,sendTestNotification
DA:1,0
DA:4,0
DA:27,0
DA:28,0
DA:29,0
DA:35,0
DA:36,0
DA:38,0
DA:39,0
DA:43,0
DA:44,0
LF:11
LH:0
BRDA:38,0,0,0
BRDA:38,0,1,0
BRF:2
BRH:0
end_of_record
TN:
SF:.expo\metro\polyfill.js
FN:1,(anonymous_0)
FNF:1
FNH:0
FNDA:0,(anonymous_0)
DA:1,0
LF:1
LH:0
BRDA:1,0,0,0
BRDA:1,0,1,0
BRF:2
BRH:0
end_of_record
TN:
SF:.expo\metro\polyfill.native.js
FN:1,(anonymous_0)
FNF:1
FNH:0
FNDA:0,(anonymous_0)
DA:1,0
LF:1
LH:0
BRF:0
BRH:0
end_of_record
TN:
SF:.expo\metro\externals\assert\index.js
FNF:0
FNH:0
DA:1,0
LF:1
LH:0
BRF:0
BRH:0
end_of_record
TN:
SF:.expo\metro\externals\async_hooks\index.js
FNF:0
FNH:0
DA:1,0
LF:1
LH:0
BRF:0
BRH:0
end_of_record
TN:
SF:.expo\metro\externals\buffer\index.js
FNF:0
FNH:0
DA:1,0
LF:1
LH:0
BRF:0
BRH:0
end_of_record
TN:
SF:.expo\metro\externals\child_process\index.js
FNF:0
FNH:0
DA:1,0
LF:1
LH:0
BRF:0
BRH:0
end_of_record
TN:
SF:.expo\metro\externals\cluster\index.js
FNF:0
FNH:0
DA:1,0
LF:1
LH:0
BRF:0
BRH:0
end_of_record
TN:
SF:.expo\metro\externals\console\index.js
FNF:0
FNH:0
DA:1,0
LF:1
LH:0
BRF:0
BRH:0
end_of_record
TN:
SF:.expo\metro\externals\constants\index.js
FNF:0
FNH:0
DA:1,0
LF:1
LH:0
BRF:0
BRH:0
end_of_record
TN:
SF:.expo\metro\externals\crypto\index.js
FNF:0
FNH:0
DA:1,0
LF:1
LH:0
BRF:0
BRH:0
end_of_record
TN:
SF:.expo\metro\externals\dgram\index.js
FNF:0
FNH:0
DA:1,0
LF:1
LH:0
BRF:0
BRH:0
end_of_record
TN:
SF:.expo\metro\externals\diagnostics_channel\index.js
FNF:0
FNH:0
DA:1,0
LF:1
LH:0
BRF:0
BRH:0
end_of_record
TN:
SF:.expo\metro\externals\dns\index.js
FNF:0
FNH:0
DA:1,0
LF:1
LH:0
BRF:0
BRH:0
end_of_record
TN:
SF:.expo\metro\externals\domain\index.js
FNF:0
FNH:0
DA:1,0
LF:1
LH:0
BRF:0
BRH:0
end_of_record
TN:
SF:.expo\metro\externals\events\index.js
FNF:0
FNH:0
DA:1,0
LF:1
LH:0
BRF:0
BRH:0
end_of_record
TN:
SF:.expo\metro\externals\fs\index.js
FNF:0
FNH:0
DA:1,0
LF:1
LH:0
BRF:0
BRH:0
end_of_record
TN:
SF:.expo\metro\externals\fs\promises\index.js
FNF:0
FNH:0
DA:1,0
LF:1
LH:0
BRF:0
BRH:0
end_of_record
TN:
SF:.expo\metro\externals\http\index.js
FNF:0
FNH:0
DA:1,0
LF:1
LH:0
BRF:0
BRH:0
end_of_record
TN:
SF:.expo\metro\externals\http2\index.js
FNF:0
FNH:0
DA:1,0
LF:1
LH:0
BRF:0
BRH:0
end_of_record
TN:
SF:.expo\metro\externals\https\index.js
FNF:0
FNH:0
DA:1,0
LF:1
LH:0
BRF:0
BRH:0
end_of_record
TN:
SF:.expo\metro\externals\inspector\index.js
FNF:0
FNH:0
DA:1,0
LF:1
LH:0
BRF:0
BRH:0
end_of_record
TN:
SF:.expo\metro\externals\module\index.js
FNF:0
FNH:0
DA:1,0
LF:1
LH:0
BRF:0
BRH:0
end_of_record
TN:
SF:.expo\metro\externals\net\index.js
FNF:0
FNH:0
DA:1,0
LF:1
LH:0
BRF:0
BRH:0
end_of_record
TN:
SF:.expo\metro\externals\os\index.js
FNF:0
FNH:0
DA:1,0
LF:1
LH:0
BRF:0
BRH:0
end_of_record
TN:
SF:.expo\metro\externals\path\index.js
FNF:0
FNH:0
DA:1,0
LF:1
LH:0
BRF:0
BRH:0
end_of_record
TN:
SF:.expo\metro\externals\perf_hooks\index.js
FNF:0
FNH:0
DA:1,0
LF:1
LH:0
BRF:0
BRH:0
end_of_record
TN:
SF:.expo\metro\externals\process\index.js
FNF:0
FNH:0
DA:1,0
LF:1
LH:0
BRF:0
BRH:0
end_of_record
TN:
SF:.expo\metro\externals\punycode\index.js
FNF:0
FNH:0
DA:1,0
LF:1
LH:0
BRF:0
BRH:0
end_of_record
TN:
SF:.expo\metro\externals\querystring\index.js
FNF:0
FNH:0
DA:1,0
LF:1
LH:0
BRF:0
BRH:0
end_of_record
TN:
SF:.expo\metro\externals\readline\index.js
FNF:0
FNH:0
DA:1,0
LF:1
LH:0
BRF:0
BRH:0
end_of_record
TN:
SF:.expo\metro\externals\repl\index.js
FNF:0
FNH:0
DA:1,0
LF:1
LH:0
BRF:0
BRH:0
end_of_record
TN:
SF:.expo\metro\externals\stream\index.js
FNF:0
FNH:0
DA:1,0
LF:1
LH:0
BRF:0
BRH:0
end_of_record
TN:
SF:.expo\metro\externals\string_decoder\index.js
FNF:0
FNH:0
DA:1,0
LF:1
LH:0
BRF:0
BRH:0
end_of_record
TN:
SF:.expo\metro\externals\timers\index.js
FNF:0
FNH:0
DA:1,0
LF:1
LH:0
BRF:0
BRH:0
end_of_record
TN:
SF:.expo\metro\externals\tls\index.js
FNF:0
FNH:0
DA:1,0
LF:1
LH:0
BRF:0
BRH:0
end_of_record
TN:
SF:.expo\metro\externals\trace_events\index.js
FNF:0
FNH:0
DA:1,0
LF:1
LH:0
BRF:0
BRH:0
end_of_record
TN:
SF:.expo\metro\externals\tty\index.js
FNF:0
FNH:0
DA:1,0
LF:1
LH:0
BRF:0
BRH:0
end_of_record
TN:
SF:.expo\metro\externals\url\index.js
FNF:0
FNH:0
DA:1,0
LF:1
LH:0
BRF:0
BRH:0
end_of_record
TN:
SF:.expo\metro\externals\util\index.js
FNF:0
FNH:0
DA:1,0
LF:1
LH:0
BRF:0
BRH:0
end_of_record
TN:
SF:.expo\metro\externals\v8\index.js
FNF:0
FNH:0
DA:1,0
LF:1
LH:0
BRF:0
BRH:0
end_of_record
TN:
SF:.expo\metro\externals\vm\index.js
FNF:0
FNH:0
DA:1,0
LF:1
LH:0
BRF:0
BRH:0
end_of_record
TN:
SF:.expo\metro\externals\wasi\index.js
FNF:0
FNH:0
DA:1,0
LF:1
LH:0
BRF:0
BRH:0
end_of_record
TN:
SF:.expo\metro\externals\worker_threads\index.js
FNF:0
FNH:0
DA:1,0
LF:1
LH:0
BRF:0
BRH:0
end_of_record
TN:
SF:.expo\metro\externals\zlib\index.js
FNF:0
FNH:0
DA:1,0
LF:1
LH:0
BRF:0
BRH:0
end_of_record
TN:
SF:.expo\metro\shims\react-native-web\dist\cjs\exports\AppRegistry\AppContainer.js
FN:4,AppContainer
FNF:1
FNH:0
FNDA:0,AppContainer
DA:5,0
DA:8,0
DA:9,0
DA:12,0
DA:13,0
LF:5
LH:0
BRDA:8,0,0,0
BRDA:8,0,1,0
BRF:2
BRH:0
end_of_record
TN:
SF:.expo\metro\shims\react-native-web\dist\cjs\exports\BackHandler\index.js
FN:2,emptyFunction
FN:6,(anonymous_1)
FNF:2
FNH:0
FNDA:0,emptyFunction
FNDA:0,(anonymous_1)
DA:3,0
DA:4,0
DA:6,0
DA:9,0
DA:10,0
LF:5
LH:0
BRF:0
BRH:0
end_of_record
TN:
SF:.expo\metro\shims\react-native-web\dist\exports\AppRegistry\AppContainer.js
FN:4,AppContainer
FNF:1
FNH:0
FNDA:0,AppContainer
DA:5,0
DA:8,0
DA:9,0
LF:3
LH:0
BRDA:8,0,0,0
BRDA:8,0,1,0
BRF:2
BRH:0
end_of_record
TN:
SF:.expo\metro\shims\react-native-web\dist\exports\BackHandler\index.js
FN:1,emptyFunction
FN:4,(anonymous_1)
FNF:2
FNH:0
FNDA:0,emptyFunction
FNDA:0,(anonymous_1)
DA:2,0
DA:4,0
LF:2
LH:0
BRF:0
BRH:0
end_of_record
TN:
SF:components\ErrorBoundary.js
FN:5,(anonymous_0)
FN:10,(anonymous_1)
FN:14,(anonymous_2)
FN:19,(anonymous_3)
FNF:4
FNH:0
FNDA:0,(anonymous_0)
FNDA:0,(anonymous_1)
FNDA:0,(anonymous_2)
FNDA:0,(anonymous_3)
DA:6,0
DA:7,0
DA:11,0
DA:16,0
DA:20,0
DA:21,0
DA:29,0
LF:7
LH:0
BRDA:20,0,0,0
BRDA:20,0,1,0
BRF:2
BRH:0
end_of_record
TN:
SF:components\Header.js
FN:29,Header
FN:46,(anonymous_1)
FN:75,(anonymous_2)
FNF:3
FNH:0
FNDA:0,Header
FNDA:0,(anonymous_1)
FNDA:0,(anonymous_2)
DA:43,0
DA:44,0
DA:46,0
DA:47,0
DA:75,0
DA:76,0
DA:78,0
DA:108,0
DA:137,0
LF:9
LH:0
BRDA:34,0,0,0
BRDA:36,1,0,0
BRDA:40,2,0,0
BRDA:44,3,0,0
BRDA:44,3,1,0
BRDA:48,4,0,0
BRDA:48,4,1,0
BRDA:60,5,0,0
BRDA:60,5,1,0
BRDA:62,6,0,0
BRDA:62,6,1,0
BRDA:76,7,0,0
BRDA:76,7,1,0
BRDA:80,8,0,0
BRDA:80,8,1,0
BRDA:92,9,0,0
BRDA:92,9,1,0
BRDA:109,10,0,0
BRDA:109,10,1,0
BRDA:112,11,0,0
BRDA:112,11,1,0
BRDA:113,12,0,0
BRDA:113,12,1,0
BRDA:114,13,0,0
BRDA:114,13,1,0
BRDA:118,14,0,0
BRDA:118,14,1,0
BRDA:122,15,0,0
BRDA:122,15,1,0
BRF:29
BRH:0
end_of_record
TN:
SF:components\backgrounds\GradientBackground.js
FN:20,GradientBackground
FNF:1
FNH:0
FNDA:0,GradientBackground
DA:21,0
DA:39,0
LF:2
LH:0
BRDA:20,0,0,0
BRDA:32,1,0,0
BRDA:32,1,1,0
BRF:3
BRH:0
end_of_record
TN:
SF:components\buttons\Button.js
FN:17,Button
FNF:1
FNH:0
FNDA:0,Button
DA:29,0
DA:31,0
DA:58,0
LF:3
LH:0
BRDA:19,0,0,0
BRDA:20,1,0,0
BRDA:23,2,0,0
BRDA:36,3,0,0
BRDA:36,3,1,0
BRDA:37,4,0,0
BRDA:37,4,1,0
BRDA:39,5,0,0
BRDA:39,5,1,0
BRDA:40,6,0,0
BRDA:40,6,1,0
BRDA:49,7,0,0
BRDA:49,7,1,0
BRF:13
BRH:0
end_of_record
TN:
SF:components\buttons\ButtonWithSpinner.js
FN:22,ButtonWithSpinner
FNF:1
FNH:0
FNDA:0,ButtonWithSpinner
DA:23,0
DA:24,0
DA:25,0
DA:44,0
LF:4
LH:0
BRDA:30,0,0,0
BRDA:30,0,1,0
BRDA:33,1,0,0
BRDA:33,1,1,0
BRF:4
BRH:0
end_of_record
TN:
SF:components\buttons\ParameterButton.js
FN:13,ParameterButton
FN:21,(anonymous_1)
FN:26,(anonymous_2)
FNF:3
FNH:0
FNDA:0,ParameterButton
FNDA:0,(anonymous_1)
FNDA:0,(anonymous_2)
DA:16,0
DA:18,0
DA:21,0
DA:22,0
DA:26,0
DA:27,0
DA:30,0
DA:51,0
LF:8
LH:0
BRDA:34,0,0,0
BRDA:34,0,1,0
BRDA:43,1,0,0
BRDA:43,1,1,0
BRF:4
BRH:0
end_of_record
TN:
SF:components\cards\AppMenuCard.js
FN:16,(anonymous_0)
FNF:1
FNH:0
FNDA:0,(anonymous_0)
DA:16,0
DA:18,0
DA:20,0
DA:41,0
LF:4
LH:0
BRDA:22,0,0,0
BRDA:22,0,1,0
BRDA:26,1,0,0
BRDA:26,1,1,0
BRDA:27,2,0,0
BRDA:27,2,1,0
BRDA:28,3,0,0
BRDA:28,3,1,0
BRDA:33,4,0,0
BRDA:33,4,1,0
BRF:10
BRH:0
end_of_record
TN:
SF:components\cards\SettingsCard.js
FN:15,SettingsCard
FNF:1
FNH:0
FNDA:0,SettingsCard
DA:18,0
DA:20,0
DA:52,0
LF:3
LH:0
BRDA:15,0,0,0
BRDA:32,1,0,0
BRDA:32,1,1,0
BRDA:33,2,0,0
BRDA:33,2,1,0
BRDA:40,3,0,0
BRDA:40,3,1,0
BRDA:44,4,0,0
BRDA:44,4,1,0
BRF:9
BRH:0
end_of_record
TN:
SF:components\chat\ChatMessage.js
FN:17,(anonymous_0)
FN:32,(anonymous_1)
FN:99,ChatMessage
FN:116,(anonymous_3)
FN:128,(anonymous_4)
FN:143,(anonymous_5)
FN:161,(anonymous_6)
FN:181,(anonymous_7)
FN:303,(anonymous_8)
FN:342,(anonymous_9)
FN:348,(anonymous_10)
FN:380,(anonymous_11)
FN:386,(anonymous_12)
FN:444,(anonymous_13)
FNF:14
FNH:0
FNDA:0,(anonymous_0)
FNDA:0,(anonymous_1)
FNDA:0,ChatMessage
FNDA:0,(anonymous_3)
FNDA:0,(anonymous_4)
FNDA:0,(anonymous_5)
FNDA:0,(anonymous_6)
FNDA:0,(anonymous_7)
FNDA:0,(anonymous_8)
FNDA:0,(anonymous_9)
FNDA:0,(anonymous_10)
FNDA:0,(anonymous_11)
FNDA:0,(anonymous_12)
FNDA:0,(anonymous_13)
DA:17,0
DA:18,0
DA:19,0
DA:20,0
DA:32,0
DA:34,0
DA:35,0
DA:39,0
DA:40,0
DA:43,0
DA:44,0
DA:48,0
DA:50,0
DA:51,0
DA:54,0
DA:55,0
DA:56,0
DA:60,0
DA:61,0
DA:65,0
DA:66,0
DA:69,0
DA:70,0
DA:74,0
DA:75,0
DA:76,0
DA:80,0
DA:81,0
DA:82,0
DA:86,0
DA:87,0
DA:100,0
DA:101,0
DA:104,0
DA:105,0
DA:108,0
DA:116,0
DA:117,0
DA:128,0
DA:129,0
DA:131,0
DA:132,0
DA:135,0
DA:143,0
DA:144,0
DA:145,0
DA:146,0
DA:147,0
DA:148,0
DA:150,0
DA:153,0
DA:161,0
DA:162,0
DA:163,0
DA:164,0
DA:165,0
DA:168,0
DA:169,0
DA:171,0
DA:173,0
DA:181,0
DA:182,0
DA:183,0
DA:184,0
DA:185,0
DA:188,0
DA:189,0
DA:200,0
DA:206,0
DA:208,0
DA:212,0
DA:214,0
DA:215,0
DA:216,0
DA:217,0
DA:226,0
DA:227,0
DA:230,0
DA:232,0
DA:237,0
DA:238,0
DA:239,0
DA:240,0
DA:241,0
DA:242,0
DA:244,0
DA:249,0
DA:304,0
DA:305,0
DA:306,0
DA:307,0
DA:336,0
DA:342,0
DA:348,0
DA:374,0
DA:380,0
DA:386,0
DA:425,0
DA:428,0
DA:443,0
DA:444,0
LF:101
LH:0
BRDA:18,0,0,0
BRDA:18,0,1,0
BRDA:34,1,0,0
BRDA:34,1,1,0
BRDA:39,2,0,0
BRDA:39,2,1,0
BRDA:39,3,0,0
BRDA:39,3,1,0
BRDA:39,3,2,0
BRDA:48,4,0,0
BRDA:48,4,1,0
BRDA:54,5,0,0
BRDA:54,5,1,0
BRDA:69,6,0,0
BRDA:69,6,1,0
BRDA:74,7,0,0
BRDA:74,7,1,0
BRDA:80,8,0,0
BRDA:80,8,1,0
BRDA:116,9,0,0
BRDA:131,10,0,0
BRDA:131,10,1,0
BRDA:131,11,0,0
BRDA:131,11,1,0
BRDA:145,12,0,0
BRDA:145,12,1,0
BRDA:146,13,0,0
BRDA:146,13,1,0
BRDA:163,14,0,0
BRDA:163,14,1,0
BRDA:168,15,0,0
BRDA:168,15,1,0
BRDA:183,16,0,0
BRDA:183,16,1,0
BRDA:188,17,0,0
BRDA:188,17,1,0
BRDA:191,18,0,0
BRDA:191,18,1,0
BRDA:193,19,0,0
BRDA:193,19,1,0
BRDA:214,20,0,0
BRDA:214,20,1,0
BRDA:217,21,0,0
BRDA:217,21,1,0
BRDA:217,21,2,0
BRDA:217,21,3,0
BRDA:226,22,0,0
BRDA:226,22,1,0
BRDA:226,23,0,0
BRDA:226,23,1,0
BRDA:230,24,0,0
BRDA:230,24,1,0
BRDA:237,25,0,0
BRDA:237,25,1,0
BRDA:239,26,0,0
BRDA:239,26,1,0
BRDA:241,27,0,0
BRDA:241,27,1,0
BRDA:255,28,0,0
BRDA:255,28,1,0
BRDA:257,29,0,0
BRDA:257,29,1,0
BRDA:258,30,0,0
BRDA:258,30,1,0
BRDA:264,31,0,0
BRDA:264,31,1,0
BRDA:264,32,0,0
BRDA:264,32,1,0
BRDA:264,32,2,0
BRDA:264,32,3,0
BRDA:266,33,0,0
BRDA:266,33,1,0
BRDA:270,34,0,0
BRDA:270,34,1,0
BRDA:270,34,2,0
BRDA:273,35,0,0
BRDA:273,35,1,0
BRDA:273,35,2,0
BRDA:276,36,0,0
BRDA:276,36,1,0
BRDA:279,37,0,0
BRDA:279,37,1,0
BRDA:279,38,0,0
BRDA:279,38,1,0
BRDA:282,39,0,0
BRDA:282,39,1,0
BRDA:282,40,0,0
BRDA:282,40,1,0
BRDA:289,41,0,0
BRDA:289,41,1,0
BRDA:289,41,2,0
BRDA:318,42,0,0
BRDA:318,42,1,0
BRDA:321,43,0,0
BRDA:321,43,1,0
BRDA:328,44,0,0
BRDA:328,44,1,0
BRDA:328,44,2,0
BRDA:329,45,0,0
BRDA:329,45,1,0
BRDA:338,46,0,0
BRDA:338,46,1,0
BRDA:347,47,0,0
BRDA:347,47,1,0
BRDA:351,48,0,0
BRDA:351,48,1,0
BRDA:358,49,0,0
BRDA:358,49,1,0
BRDA:362,50,0,0
BRDA:362,50,1,0
BRDA:376,51,0,0
BRDA:376,51,1,0
BRDA:385,52,0,0
BRDA:385,52,1,0
BRDA:389,53,0,0
BRDA:389,53,1,0
BRDA:396,54,0,0
BRDA:396,54,1,0
BRDA:400,55,0,0
BRDA:400,55,1,0
BRDA:412,56,0,0
BRDA:412,56,1,0
BRDA:413,57,0,0
BRDA:413,57,1,0
BRDA:416,58,0,0
BRDA:416,58,1,0
BRDA:447,59,0,0
BRDA:447,59,1,0
BRF:128
BRH:0
end_of_record
TN:
SF:components\chat\ChatWindow.js
FN:24,ChatWindow
FN:62,(anonymous_1)
FN:66,(anonymous_2)
FN:77,(anonymous_3)
FN:92,(anonymous_4)
FN:101,(anonymous_5)
FN:134,(anonymous_6)
FN:147,(anonymous_7)
FN:162,(anonymous_8)
FN:185,(anonymous_9)
FN:245,(anonymous_10)
FN:247,(anonymous_11)
FN:249,(anonymous_12)
FN:256,(anonymous_13)
FN:260,(anonymous_14)
FN:268,(anonymous_15)
FN:272,(anonymous_16)
FN:319,(anonymous_17)
FN:323,(anonymous_18)
FN:343,(anonymous_19)
FN:350,(anonymous_20)
FN:351,(anonymous_21)
FN:359,(anonymous_22)
FN:360,(anonymous_23)
FN:388,(anonymous_24)
FN:403,(anonymous_25)
FN:413,(anonymous_26)
FN:448,(anonymous_27)
FN:449,(anonymous_28)
FN:576,(anonymous_29)
FN:578,(anonymous_30)
FN:590,(anonymous_31)
FN:601,(anonymous_32)
FN:620,(anonymous_33)
FN:660,(anonymous_34)
FN:680,(anonymous_35)
FN:682,(anonymous_36)
FN:683,(anonymous_37)
FNF:38
FNH:0
FNDA:0,ChatWindow
FNDA:0,(anonymous_1)
FNDA:0,(anonymous_2)
FNDA:0,(anonymous_3)
FNDA:0,(anonymous_4)
FNDA:0,(anonymous_5)
FNDA:0,(anonymous_6)
FNDA:0,(anonymous_7)
FNDA:0,(anonymous_8)
FNDA:0,(anonymous_9)
FNDA:0,(anonymous_10)
FNDA:0,(anonymous_11)
FNDA:0,(anonymous_12)
FNDA:0,(anonymous_13)
FNDA:0,(anonymous_14)
FNDA:0,(anonymous_15)
FNDA:0,(anonymous_16)
FNDA:0,(anonymous_17)
FNDA:0,(anonymous_18)
FNDA:0,(anonymous_19)
FNDA:0,(anonymous_20)
FNDA:0,(anonymous_21)
FNDA:0,(anonymous_22)
FNDA:0,(anonymous_23)
FNDA:0,(anonymous_24)
FNDA:0,(anonymous_25)
FNDA:0,(anonymous_26)
FNDA:0,(anonymous_27)
FNDA:0,(anonymous_28)
FNDA:0,(anonymous_29)
FNDA:0,(anonymous_30)
FNDA:0,(anonymous_31)
FNDA:0,(anonymous_32)
FNDA:0,(anonymous_33)
FNDA:0,(anonymous_34)
FNDA:0,(anonymous_35)
FNDA:0,(anonymous_36)
FNDA:0,(anonymous_37)
DA:27,0
DA:28,0
DA:31,0
DA:32,0
DA:33,0
DA:35,0
DA:36,0
DA:37,0
DA:38,0
DA:39,0
DA:40,0
DA:41,0
DA:42,0
DA:43,0
DA:44,0
DA:45,0
DA:46,0
DA:49,0
DA:62,0
DA:64,0
DA:66,0
DA:67,0
DA:74,0
DA:77,0
DA:78,0
DA:80,0
DA:82,0
DA:83,0
DA:85,0
DA:87,0
DA:89,0
DA:91,0
DA:93,0
DA:95,0
DA:101,0
DA:103,0
DA:104,0
DA:109,0
DA:112,0
DA:118,0
DA:119,0
DA:123,0
DA:127,0
DA:134,0
DA:135,0
DA:137,0
DA:138,0
DA:147,0
DA:148,0
DA:149,0
DA:162,0
DA:163,0
DA:164,0
DA:166,0
DA:185,0
DA:186,0
DA:187,0
DA:190,0
DA:191,0
DA:192,0
DA:196,0
DA:197,0
DA:201,0
DA:203,0
DA:204,0
DA:207,0
DA:208,0
DA:209,0
DA:213,0
DA:214,0
DA:217,0
DA:218,0
DA:219,0
DA:223,0
DA:226,0
DA:227,0
DA:228,0
DA:232,0
DA:235,0
DA:236,0
DA:241,0
DA:244,0
DA:245,0
DA:246,0
DA:249,0
DA:250,0
DA:251,0
DA:253,0
DA:257,0
DA:258,0
DA:260,0
DA:261,0
DA:264,0
DA:268,0
DA:269,0
DA:272,0
DA:274,0
DA:275,0
DA:278,0
DA:280,0
DA:284,0
DA:285,0
DA:286,0
DA:288,0
DA:289,0
DA:290,0
DA:294,0
DA:295,0
DA:296,0
DA:300,0
DA:303,0
DA:304,0
DA:307,0
DA:316,0
DA:319,0
DA:320,0
DA:323,0
DA:325,0
DA:326,0
DA:329,0
DA:331,0
DA:335,0
DA:343,0
DA:344,0
DA:350,0
DA:351,0
DA:352,0
DA:359,0
DA:360,0
DA:361,0
DA:363,0
DA:365,0
DA:366,0
DA:369,0
DA:370,0
DA:371,0
DA:372,0
DA:375,0
DA:377,0
DA:381,0
DA:388,0
DA:389,0
DA:390,0
DA:391,0
DA:392,0
DA:393,0
DA:394,0
DA:395,0
DA:396,0
DA:403,0
DA:404,0
DA:405,0
DA:413,0
DA:414,0
DA:415,0
DA:416,0
DA:419,0
DA:420,0
DA:421,0
DA:422,0
DA:426,0
DA:427,0
DA:430,0
DA:432,0
DA:433,0
DA:435,0
DA:436,0
DA:437,0
DA:438,0
DA:442,0
DA:443,0
DA:446,0
DA:448,0
DA:449,0
DA:450,0
DA:451,0
DA:453,0
DA:461,0
DA:463,0
DA:466,0
DA:467,0
DA:469,0
DA:470,0
DA:476,0
DA:477,0
DA:478,0
DA:479,0
DA:480,0
DA:482,0
DA:483,0
DA:484,0
DA:485,0
DA:488,0
DA:489,0
DA:490,0
DA:493,0
DA:494,0
DA:496,0
DA:497,0
DA:498,0
DA:499,0
DA:503,0
DA:504,0
DA:505,0
DA:508,0
DA:509,0
DA:510,0
DA:511,0
DA:516,0
DA:517,0
DA:521,0
DA:534,0
DA:537,0
DA:538,0
DA:539,0
DA:542,0
DA:544,0
DA:547,0
DA:548,0
DA:549,0
DA:553,0
DA:554,0
DA:555,0
DA:556,0
DA:560,0
DA:562,0
DA:565,0
DA:566,0
DA:567,0
DA:576,0
DA:577,0
DA:578,0
DA:579,0
DA:580,0
DA:582,0
DA:583,0
DA:584,0
DA:587,0
DA:589,0
DA:590,0
DA:591,0
DA:593,0
DA:596,0
DA:597,0
DA:601,0
DA:602,0
DA:603,0
DA:604,0
DA:605,0
DA:608,0
DA:610,0
DA:620,0
DA:622,0
DA:623,0
DA:627,0
DA:630,0
DA:631,0
DA:634,0
DA:635,0
DA:637,0
DA:638,0
DA:641,0
DA:642,0
DA:643,0
DA:644,0
DA:648,0
DA:655,0
DA:656,0
DA:660,0
DA:661,0
DA:662,0
DA:665,0
DA:666,0
DA:667,0
DA:668,0
DA:670,0
DA:673,0
DA:680,0
DA:683,0
DA:685,0
DA:686,0
DA:689,0
DA:690,0
DA:691,0
DA:693,0
DA:694,0
DA:702,0
DA:718,0
DA:754,0
LF:289
LH:0
BRDA:52,0,0,0
BRDA:52,0,1,0
BRDA:53,1,0,0
BRDA:53,1,1,0
BRDA:64,2,0,0
BRDA:64,2,1,0
BRDA:64,3,0,0
BRDA:64,3,1,0
BRDA:64,3,2,0
BRDA:64,3,3,0
BRDA:64,3,4,0
BRDA:67,4,0,0
BRDA:67,4,1,0
BRDA:67,4,2,0
BRDA:67,4,3,0
BRDA:74,5,0,0
BRDA:74,5,1,0
BRDA:103,6,0,0
BRDA:103,6,1,0
BRDA:103,7,0,0
BRDA:103,7,1,0
BRDA:118,8,0,0
BRDA:118,8,1,0
BRDA:135,9,0,0
BRDA:135,9,1,0
BRDA:135,10,0,0
BRDA:135,10,1,0
BRDA:137,11,0,0
BRDA:137,11,1,0
BRDA:147,12,0,0
BRDA:163,13,0,0
BRDA:163,13,1,0
BRDA:167,14,0,0
BRDA:167,14,1,0
BRDA:168,15,0,0
BRDA:168,15,1,0
BRDA:171,16,0,0
BRDA:171,16,1,0
BRDA:172,17,0,0
BRDA:172,17,1,0
BRDA:173,18,0,0
BRDA:173,18,1,0
BRDA:176,19,0,0
BRDA:176,19,1,0
BRDA:176,20,0,0
BRDA:176,20,1,0
BRDA:187,21,0,0
BRDA:187,21,1,0
BRDA:190,22,0,0
BRDA:190,22,1,0
BRDA:190,23,0,0
BRDA:190,23,1,0
BRDA:196,24,0,0
BRDA:196,24,1,0
BRDA:201,25,0,0
BRDA:201,25,1,0
BRDA:201,26,0,0
BRDA:201,26,1,0
BRDA:207,27,0,0
BRDA:207,27,1,0
BRDA:217,28,0,0
BRDA:217,28,1,0
BRDA:226,29,0,0
BRDA:226,29,1,0
BRDA:235,30,0,0
BRDA:235,30,1,0
BRDA:235,31,0,0
BRDA:235,31,1,0
BRDA:235,31,2,0
BRDA:244,32,0,0
BRDA:244,32,1,0
BRDA:244,33,0,0
BRDA:244,33,1,0
BRDA:250,34,0,0
BRDA:250,34,1,0
BRDA:274,35,0,0
BRDA:274,35,1,0
BRDA:284,36,0,0
BRDA:284,36,1,0
BRDA:286,37,0,0
BRDA:286,37,1,0
BRDA:288,38,0,0
BRDA:288,38,1,0
BRDA:288,39,0,0
BRDA:288,39,1,0
BRDA:295,40,0,0
BRDA:295,40,1,0
BRDA:303,41,0,0
BRDA:303,41,1,0
BRDA:303,42,0,0
BRDA:303,42,1,0
BRDA:303,42,2,0
BRDA:325,43,0,0
BRDA:325,43,1,0
BRDA:366,44,0,0
BRDA:366,44,1,0
BRDA:369,45,0,0
BRDA:369,45,1,0
BRDA:389,46,0,0
BRDA:389,46,1,0
BRDA:419,47,0,0
BRDA:419,47,1,0
BRDA:426,48,0,0
BRDA:426,48,1,0
BRDA:430,49,0,0
BRDA:430,49,1,0
BRDA:435,50,0,0
BRDA:435,50,1,0
BRDA:446,51,0,0
BRDA:446,51,1,0
BRDA:450,52,0,0
BRDA:450,52,1,0
BRDA:451,53,0,0
BRDA:451,53,1,0
BRDA:476,54,0,0
BRDA:476,54,1,0
BRDA:482,55,0,0
BRDA:482,55,1,0
BRDA:488,56,0,0
BRDA:488,56,1,0
BRDA:493,57,0,0
BRDA:493,57,1,0
BRDA:496,58,0,0
BRDA:496,58,1,0
BRDA:496,59,0,0
BRDA:496,59,1,0
BRDA:508,60,0,0
BRDA:508,60,1,0
BRDA:521,61,0,0
BRDA:521,61,1,0
BRDA:528,62,0,0
BRDA:528,62,1,0
BRDA:547,63,0,0
BRDA:547,63,1,0
BRDA:547,64,0,0
BRDA:547,64,1,0
BRDA:547,64,2,0
BRDA:553,65,0,0
BRDA:553,65,1,0
BRDA:582,66,0,0
BRDA:582,66,1,0
BRDA:582,67,0,0
BRDA:582,67,1,0
BRDA:589,68,0,0
BRDA:589,68,1,0
BRDA:603,69,0,0
BRDA:603,69,1,0
BRDA:603,70,0,0
BRDA:603,70,1,0
BRDA:622,71,0,0
BRDA:622,71,1,0
BRDA:627,72,0,0
BRDA:627,72,1,0
BRDA:630,73,0,0
BRDA:630,73,1,0
BRDA:641,74,0,0
BRDA:641,74,1,0
BRDA:643,75,0,0
BRDA:643,75,1,0
BRDA:655,76,0,0
BRDA:655,76,1,0
BRDA:661,77,0,0
BRDA:661,77,1,0
BRDA:668,78,0,0
BRDA:668,78,1,0
BRDA:668,78,2,0
BRDA:675,79,0,0
BRDA:675,79,1,0
BRDA:685,80,0,0
BRDA:685,80,1,0
BRDA:685,81,0,0
BRDA:685,81,1,0
BRDA:685,81,2,0
BRDA:685,81,3,0
BRDA:691,82,0,0
BRDA:691,82,1,0
BRDA:693,83,0,0
BRDA:693,83,1,0
BRDA:704,84,0,0
BRDA:704,84,1,0
BRDA:707,85,0,0
BRDA:707,85,1,0
BRDA:707,85,2,0
BRDA:744,86,0,0
BRDA:744,86,1,0
BRF:185
BRH:0
end_of_record
TN:
SF:components\chat\DateBanner.js
FN:21,DateBanner
FNF:1
FNH:0
FNDA:0,DateBanner
DA:24,0
DA:26,0
DA:29,0
DA:32,0
DA:33,0
DA:40,0
DA:41,0
DA:49,0
DA:51,0
DA:52,0
DA:54,0
DA:55,0
DA:57,0
DA:61,0
DA:64,0
DA:65,0
DA:66,0
DA:68,0
DA:69,0
DA:72,0
DA:73,0
DA:76,0
DA:84,0
LF:23
LH:0
BRDA:29,0,0,0
BRDA:29,0,1,0
BRDA:32,1,0,0
BRDA:32,1,1,0
BRDA:32,2,0,0
BRDA:32,2,1,0
BRDA:32,2,2,0
BRDA:34,3,0,0
BRDA:34,3,1,0
BRDA:35,4,0,0
BRDA:35,4,1,0
BRDA:40,5,0,0
BRDA:40,5,1,0
BRDA:40,6,0,0
BRDA:40,6,1,0
BRDA:40,6,2,0
BRDA:42,7,0,0
BRDA:42,7,1,0
BRDA:43,8,0,0
BRDA:43,8,1,0
BRDA:51,9,0,0
BRDA:51,9,1,0
BRDA:51,10,0,0
BRDA:51,10,1,0
BRDA:54,11,0,0
BRDA:54,11,1,0
BRDA:61,12,0,0
BRDA:61,12,1,0
BRDA:64,13,0,0
BRDA:64,13,1,0
BRDA:77,14,0,0
BRDA:77,14,1,0
BRDA:79,15,0,0
BRDA:79,15,1,0
BRF:34
BRH:0
end_of_record
TN:
SF:components\chat\MenuMessage.js
FN:15,(anonymous_0)
FN:63,(anonymous_1)
FN:66,(anonymous_2)
FNF:3
FNH:0
FNDA:0,(anonymous_0)
FNDA:0,(anonymous_1)
FNDA:0,(anonymous_2)
DA:15,0
DA:16,0
DA:17,0
DA:19,0
DA:48,0
DA:64,0
DA:67,0
LF:7
LH:0
BRDA:21,0,0,0
BRDA:21,0,1,0
BRDA:24,1,0,0
BRDA:24,1,1,0
BRDA:27,2,0,0
BRDA:27,2,1,0
BRDA:28,3,0,0
BRDA:28,3,1,0
BRDA:36,4,0,0
BRDA:36,4,1,0
BRDA:39,5,0,0
BRDA:39,5,1,0
BRDA:40,6,0,0
BRDA:40,6,1,0
BRF:14
BRH:0
end_of_record
TN:
SF:components\inputs\CheckBox.js
FN:18,CheckBox
FNF:1
FNH:0
FNDA:0,CheckBox
DA:27,0
DA:29,0
DA:60,0
LF:3
LH:0
BRDA:22,0,0,0
BRDA:37,1,0,0
BRDA:37,1,1,0
BRDA:38,2,0,0
BRDA:38,2,1,0
BRDA:40,3,0,0
BRDA:40,3,1,0
BRDA:44,4,0,0
BRDA:44,4,1,0
BRDA:48,5,0,0
BRDA:48,5,1,0
BRDA:51,6,0,0
BRDA:51,6,1,0
BRF:13
BRH:0
end_of_record
TN:
SF:components\inputs\InputChatWindow.js
FN:17,(anonymous_0)
FN:59,InputChatWindow
FN:75,(anonymous_2)
FN:88,(anonymous_3)
FN:142,(anonymous_4)
FN:148,(anonymous_5)
FN:154,(anonymous_6)
FN:175,(anonymous_7)
FN:212,(anonymous_8)
FN:220,(anonymous_9)
FN:283,(anonymous_10)
FNF:11
FNH:0
FNDA:0,(anonymous_0)
FNDA:0,InputChatWindow
FNDA:0,(anonymous_2)
FNDA:0,(anonymous_3)
FNDA:0,(anonymous_4)
FNDA:0,(anonymous_5)
FNDA:0,(anonymous_6)
FNDA:0,(anonymous_7)
FNDA:0,(anonymous_8)
FNDA:0,(anonymous_9)
FNDA:0,(anonymous_10)
DA:17,0
DA:20,0
DA:22,0
DA:61,0
DA:62,0
DA:63,0
DA:64,0
DA:65,0
DA:67,0
DA:75,0
DA:76,0
DA:78,0
DA:79,0
DA:80,0
DA:81,0
DA:88,0
DA:89,0
DA:90,0
DA:102,0
DA:103,0
DA:106,0
DA:114,0
DA:115,0
DA:116,0
DA:119,0
DA:122,0
DA:127,0
DA:137,0
DA:142,0
DA:143,0
DA:144,0
DA:148,0
DA:149,0
DA:150,0
DA:154,0
DA:155,0
DA:156,0
DA:157,0
DA:159,0
DA:160,0
DA:166,0
DA:167,0
DA:175,0
DA:176,0
DA:179,0
DA:181,0
DA:190,0
DA:191,0
DA:196,0
DA:203,0
DA:204,0
DA:205,0
DA:212,0
DA:213,0
DA:220,0
DA:221,0
DA:222,0
DA:223,0
DA:224,0
DA:228,0
DA:284,0
DA:285,0
DA:286,0
DA:319,0
LF:64
LH:0
BRDA:23,0,0,0
BRDA:23,0,1,0
BRDA:59,1,0,0
BRDA:76,2,0,0
BRDA:76,2,1,0
BRDA:102,3,0,0
BRDA:102,3,1,0
BRDA:102,4,0,0
BRDA:102,4,1,0
BRDA:114,5,0,0
BRDA:114,5,1,0
BRDA:155,6,0,0
BRDA:155,6,1,0
BRDA:156,7,0,0
BRDA:156,7,1,0
BRDA:159,8,0,0
BRDA:159,8,1,0
BRDA:159,9,0,0
BRDA:159,9,1,0
BRDA:176,10,0,0
BRDA:176,10,1,0
BRDA:176,11,0,0
BRDA:176,11,1,0
BRDA:179,12,0,0
BRDA:179,12,1,0
BRDA:179,13,0,0
BRDA:179,13,1,0
BRDA:190,14,0,0
BRDA:190,14,1,0
BRDA:190,15,0,0
BRDA:190,15,1,0
BRDA:193,16,0,0
BRDA:193,16,1,0
BRDA:222,17,0,0
BRDA:222,17,1,0
BRDA:230,18,0,0
BRDA:230,18,1,0
BRDA:235,19,0,0
BRDA:235,19,1,0
BRDA:236,20,0,0
BRDA:236,20,1,0
BRDA:242,21,0,0
BRDA:242,21,1,0
BRDA:243,22,0,0
BRDA:243,22,1,0
BRDA:248,23,0,0
BRDA:248,23,1,0
BRDA:259,24,0,0
BRDA:259,24,1,0
BRDA:260,25,0,0
BRDA:260,25,1,0
BRDA:261,26,0,0
BRDA:261,26,1,0
BRDA:262,27,0,0
BRDA:262,27,1,0
BRDA:281,28,0,0
BRDA:281,28,1,0
BRDA:292,29,0,0
BRDA:292,29,1,0
BRDA:302,30,0,0
BRDA:302,30,1,0
BRDA:303,31,0,0
BRDA:303,31,1,0
BRDA:303,31,2,0
BRDA:309,32,0,0
BRDA:309,32,1,0
BRDA:310,33,0,0
BRDA:310,33,1,0
BRDA:310,34,0,0
BRDA:310,34,1,0
BRF:70
BRH:0
end_of_record
TN:
SF:components\inputs\InputLogin.js
FN:22,InputLogin
FN:43,(anonymous_1)
FN:82,(anonymous_2)
FN:83,(anonymous_3)
FN:87,(anonymous_4)
FNF:5
FNH:0
FNDA:0,InputLogin
FNDA:0,(anonymous_1)
FNDA:0,(anonymous_2)
FNDA:0,(anonymous_3)
FNDA:0,(anonymous_4)
DA:32,0
DA:35,0
DA:36,0
DA:43,0
DA:44,0
DA:51,0
DA:53,0
DA:55,0
DA:57,0
DA:59,0
DA:61,0
DA:65,0
DA:82,0
DA:83,0
DA:87,0
DA:101,0
LF:16
LH:0
BRDA:28,0,0,0
BRDA:47,1,0,0
BRDA:47,1,1,0
BRDA:51,2,0,0
BRDA:51,2,1,0
BRDA:51,2,2,0
BRDA:51,2,3,0
BRDA:51,2,4,0
BRDA:68,3,0,0
BRDA:68,3,1,0
BRDA:69,4,0,0
BRDA:69,4,1,0
BRDA:75,5,0,0
BRDA:75,5,1,0
BRDA:80,6,0,0
BRDA:80,6,1,0
BRDA:85,7,0,0
BRDA:85,7,1,0
BRDA:91,8,0,0
BRDA:91,8,1,0
BRF:20
BRH:0
end_of_record
TN:
SF:components\inputs\InputModal.js
FN:17,InputModal
FN:51,(anonymous_1)
FN:52,(anonymous_2)
FN:56,(anonymous_3)
FNF:4
FNH:0
FNDA:0,InputModal
FNDA:0,(anonymous_1)
FNDA:0,(anonymous_2)
FNDA:0,(anonymous_3)
DA:27,0
DA:30,0
DA:31,0
DA:33,0
DA:51,0
DA:52,0
DA:56,0
DA:71,0
LF:8
LH:0
BRDA:22,0,0,0
BRDA:37,1,0,0
BRDA:37,1,1,0
BRDA:39,2,0,0
BRDA:39,2,1,0
BRDA:41,3,0,0
BRDA:41,3,1,0
BRDA:42,4,0,0
BRDA:42,4,1,0
BRDA:46,5,0,0
BRDA:46,5,1,0
BRDA:50,6,0,0
BRDA:50,6,1,0
BRDA:54,7,0,0
BRDA:54,7,1,0
BRDA:60,8,0,0
BRDA:60,8,1,0
BRF:17
BRH:0
end_of_record
TN:
SF:components\modals\chat\DocumentPreviewModal.js
FN:29,DocumentPreviewModal
FN:46,(anonymous_1)
FN:49,(anonymous_2)
FN:90,(anonymous_3)
FN:98,(anonymous_4)
FN:129,(anonymous_5)
FN:152,(anonymous_6)
FN:165,(anonymous_7)
FN:189,(anonymous_8)
FN:259,(anonymous_9)
FN:272,(anonymous_10)
FN:279,(anonymous_11)
FN:281,(anonymous_12)
FN:294,(anonymous_13)
FN:294,(anonymous_14)
FN:304,(anonymous_15)
FN:304,(anonymous_16)
FN:318,(anonymous_17)
FN:405,(anonymous_18)
FNF:19
FNH:0
FNDA:0,DocumentPreviewModal
FNDA:0,(anonymous_1)
FNDA:0,(anonymous_2)
FNDA:0,(anonymous_3)
FNDA:0,(anonymous_4)
FNDA:0,(anonymous_5)
FNDA:0,(anonymous_6)
FNDA:0,(anonymous_7)
FNDA:0,(anonymous_8)
FNDA:0,(anonymous_9)
FNDA:0,(anonymous_10)
FNDA:0,(anonymous_11)
FNDA:0,(anonymous_12)
FNDA:0,(anonymous_13)
FNDA:0,(anonymous_14)
FNDA:0,(anonymous_15)
FNDA:0,(anonymous_16)
FNDA:0,(anonymous_17)
FNDA:0,(anonymous_18)
DA:32,0
DA:33,0
DA:35,0
DA:36,0
DA:37,0
DA:38,0
DA:39,0
DA:40,0
DA:41,0
DA:46,0
DA:47,0
DA:49,0
DA:50,0
DA:52,0
DA:53,0
DA:55,0
DA:56,0
DA:58,0
DA:59,0
DA:63,0
DA:67,0
DA:68,0
DA:71,0
DA:75,0
DA:77,0
DA:81,0
DA:82,0
DA:90,0
DA:91,0
DA:93,0
DA:95,0
DA:98,0
DA:99,0
DA:100,0
DA:101,0
DA:102,0
DA:104,0
DA:105,0
DA:107,0
DA:109,0
DA:110,0
DA:111,0
DA:113,0
DA:114,0
DA:116,0
DA:117,0
DA:118,0
DA:119,0
DA:121,0
DA:122,0
DA:127,0
DA:128,0
DA:129,0
DA:132,0
DA:133,0
DA:135,0
DA:140,0
DA:141,0
DA:152,0
DA:153,0
DA:154,0
DA:155,0
DA:156,0
DA:157,0
DA:165,0
DA:166,0
DA:167,0
DA:170,0
DA:175,0
DA:177,0
DA:181,0
DA:189,0
DA:190,0
DA:191,0
DA:194,0
DA:195,0
DA:198,0
DA:199,0
DA:203,0
DA:204,0
DA:205,0
DA:206,0
DA:207,0
DA:208,0
DA:210,0
DA:214,0
DA:218,0
DA:219,0
DA:220,0
DA:224,0
DA:225,0
DA:226,0
DA:229,0
DA:230,0
DA:234,0
DA:235,0
DA:236,0
DA:240,0
DA:241,0
DA:245,0
DA:247,0
DA:251,0
DA:259,0
DA:260,0
DA:262,0
DA:263,0
DA:264,0
DA:266,0
DA:273,0
DA:280,0
DA:282,0
DA:294,0
DA:304,0
DA:318,0
DA:319,0
DA:320,0
DA:321,0
DA:382,0
DA:383,0
DA:388,0
DA:389,0
DA:393,0
DA:399,0
DA:406,0
DA:410,0
DA:425,0
DA:429,0
DA:430,0
DA:434,0
DA:500,0
LF:130
LH:0
BRDA:50,0,0,0
BRDA:50,0,1,0
BRDA:50,1,0,0
BRDA:50,1,1,0
BRDA:50,1,2,0
BRDA:58,2,0,0
BRDA:58,2,1,0
BRDA:67,3,0,0
BRDA:67,3,1,0
BRDA:81,4,0,0
BRDA:81,4,1,0
BRDA:81,5,0,0
BRDA:81,5,1,0
BRDA:81,5,2,0
BRDA:81,5,3,0
BRDA:107,6,0,0
BRDA:107,6,1,0
BRDA:109,7,0,0
BRDA:109,7,1,0
BRDA:116,8,0,0
BRDA:116,8,1,0
BRDA:116,9,0,0
BRDA:116,9,1,0
BRDA:132,10,0,0
BRDA:132,10,1,0
BRDA:153,11,0,0
BRDA:153,11,1,0
BRDA:153,12,0,0
BRDA:153,12,1,0
BRDA:153,12,2,0
BRDA:194,13,0,0
BRDA:194,13,1,0
BRDA:194,14,0,0
BRDA:194,14,1,0
BRDA:198,15,0,0
BRDA:198,15,1,0
BRDA:203,16,0,0
BRDA:203,16,1,0
BRDA:205,17,0,0
BRDA:205,17,1,0
BRDA:207,18,0,0
BRDA:207,18,1,0
BRDA:214,19,0,0
BRDA:214,19,1,0
BRDA:218,20,0,0
BRDA:218,20,1,0
BRDA:220,21,0,0
BRDA:220,21,1,0
BRDA:229,22,0,0
BRDA:229,22,1,0
BRDA:234,23,0,0
BRDA:234,23,1,0
BRDA:240,24,0,0
BRDA:240,24,1,0
BRDA:260,25,0,0
BRDA:260,25,1,0
BRDA:260,26,0,0
BRDA:260,26,1,0
BRDA:293,27,0,0
BRDA:293,27,1,0
BRDA:303,28,0,0
BRDA:303,28,1,0
BRDA:320,29,0,0
BRDA:320,29,1,0
BRDA:382,30,0,0
BRDA:382,30,1,0
BRDA:388,31,0,0
BRDA:388,31,1,0
BRDA:389,32,0,0
BRDA:389,32,1,0
BRDA:389,33,0,0
BRDA:389,33,1,0
BRDA:394,34,0,0
BRDA:394,34,1,0
BRDA:413,35,0,0
BRDA:413,35,1,0
BRDA:418,36,0,0
BRDA:418,36,1,0
BRDA:443,37,0,0
BRDA:443,37,1,0
BRDA:448,38,0,0
BRDA:448,38,1,0
BRDA:449,39,0,0
BRDA:449,39,1,0
BRDA:461,40,0,0
BRDA:461,40,1,0
BRDA:462,41,0,0
BRDA:462,41,1,0
BRDA:468,42,0,0
BRDA:468,42,1,0
BRDA:469,43,0,0
BRDA:469,43,1,0
BRDA:470,44,0,0
BRDA:470,44,1,0
BRDA:480,45,0,0
BRDA:480,45,1,0
BRF:96
BRH:0
end_of_record
TN:
SF:components\modals\chat\SettingsMessage.js
FN:22,SettingsMessage
FN:31,(anonymous_1)
FN:35,(anonymous_2)
FN:39,(anonymous_3)
FNF:4
FNH:0
FNDA:0,SettingsMessage
FNDA:0,(anonymous_1)
FNDA:0,(anonymous_2)
FNDA:0,(anonymous_3)
DA:23,0
DA:24,0
DA:25,0
DA:31,0
DA:32,0
DA:35,0
DA:36,0
DA:39,0
DA:40,0
DA:43,0
DA:86,0
LF:11
LH:0
BRDA:54,0,0,0
BRDA:54,0,1,0
BRDA:59,1,0,0
BRDA:59,1,1,0
BRDA:60,2,0,0
BRDA:60,2,1,0
BRDA:68,3,0,0
BRDA:68,3,1,0
BRF:8
BRH:0
end_of_record
TN:
SF:components\modals\chat\TimeOutModal.js
FN:22,(anonymous_0)
FN:63,(anonymous_1)
FN:70,(anonymous_2)
FN:96,(anonymous_3)
FNF:4
FNH:0
FNDA:0,(anonymous_0)
FNDA:0,(anonymous_1)
FNDA:0,(anonymous_2)
FNDA:0,(anonymous_3)
DA:22,0
DA:25,0
DA:28,0
DA:31,0
DA:39,0
DA:64,0
DA:70,0
DA:98,0
DA:100,0
DA:111,0
LF:10
LH:0
BRDA:49,0,0,0
BRDA:49,0,1,0
BRDA:53,1,0,0
BRDA:53,1,1,0
BRDA:54,2,0,0
BRDA:54,2,1,0
BRDA:55,3,0,0
BRDA:55,3,1,0
BRDA:61,4,0,0
BRDA:61,4,1,0
BRDA:68,5,0,0
BRDA:68,5,1,0
BRDA:73,6,0,0
BRDA:73,6,1,0
BRDA:74,7,0,0
BRDA:74,7,1,0
BRDA:75,8,0,0
BRDA:75,8,1,0
BRDA:80,9,0,0
BRDA:80,9,1,0
BRDA:89,10,0,0
BRDA:89,10,1,0
BRDA:95,11,0,0
BRDA:95,11,1,0
BRF:24
BRH:0
end_of_record
TN:
SF:components\modals\common\ChangeServerAddressModal.js
FN:19,ChangeServerAddressModal
FN:32,(anonymous_1)
FN:33,(anonymous_2)
FN:57,(anonymous_3)
FN:94,(anonymous_4)
FNF:5
FNH:0
FNDA:0,ChangeServerAddressModal
FNDA:0,(anonymous_1)
FNDA:0,(anonymous_2)
FNDA:0,(anonymous_3)
FNDA:0,(anonymous_4)
DA:20,0
DA:21,0
DA:22,0
DA:25,0
DA:26,0
DA:32,0
DA:33,0
DA:34,0
DA:36,0
DA:38,0
DA:39,0
DA:41,0
DA:45,0
DA:46,0
DA:48,0
DA:49,0
DA:57,0
DA:58,0
DA:60,0
DA:61,0
DA:64,0
DA:65,0
DA:66,0
DA:70,0
DA:71,0
DA:73,0
DA:74,0
DA:75,0
DA:77,0
DA:78,0
DA:79,0
DA:83,0
DA:85,0
DA:88,0
DA:91,0
DA:94,0
DA:95,0
DA:98,0
DA:101,0
DA:105,0
DA:157,0
LF:41
LH:0
BRDA:45,0,0,0
BRDA:45,0,1,0
BRDA:64,1,0,0
BRDA:64,1,1,0
BRDA:73,2,0,0
BRDA:73,2,1,0
BRDA:73,3,0,0
BRDA:73,3,1,0
BRDA:77,4,0,0
BRDA:77,4,1,0
BRDA:116,5,0,0
BRDA:116,5,1,0
BRDA:117,6,0,0
BRDA:117,6,1,0
BRDA:118,7,0,0
BRDA:118,7,1,0
BRDA:121,8,0,0
BRDA:121,8,1,0
BRDA:127,9,0,0
BRDA:127,9,1,0
BRDA:128,10,0,0
BRDA:128,10,1,0
BRDA:137,11,0,0
BRDA:137,11,1,0
BRDA:141,12,0,0
BRDA:141,12,1,0
BRDA:147,13,0,0
BRDA:147,13,1,0
BRF:28
BRH:0
end_of_record
TN:
SF:components\modals\common\HideMessagesModal.js
FN:17,HideMessagesModal
FN:32,(anonymous_1)
FN:70,(anonymous_2)
FN:76,(anonymous_3)
FNF:4
FNH:0
FNDA:0,HideMessagesModal
FNDA:0,(anonymous_1)
FNDA:0,(anonymous_2)
FNDA:0,(anonymous_3)
DA:20,0
DA:32,0
DA:33,0
DA:34,0
DA:39,0
DA:70,0
DA:76,0
DA:85,0
LF:8
LH:0
BRDA:51,0,0,0
BRDA:51,0,1,0
BRDA:52,1,0,0
BRDA:52,1,1,0
BRDA:53,2,0,0
BRDA:53,2,1,0
BRDA:60,3,0,0
BRDA:60,3,1,0
BRDA:65,4,0,0
BRDA:65,4,1,0
BRDA:69,5,0,0
BRDA:69,5,1,0
BRDA:75,6,0,0
BRDA:75,6,1,0
BRF:14
BRH:0
end_of_record
TN:
SF:components\modals\webviews\AutoRefreshModal.js
FN:11,(anonymous_0)
FN:23,(anonymous_1)
FN:29,(anonymous_2)
FN:51,(anonymous_3)
FN:60,(anonymous_4)
FN:62,(anonymous_5)
FN:69,(anonymous_6)
FN:73,(anonymous_7)
FN:79,(anonymous_8)
FN:89,(anonymous_9)
FN:92,(anonymous_10)
FN:127,(anonymous_11)
FN:145,(anonymous_12)
FNF:13
FNH:0
FNDA:0,(anonymous_0)
FNDA:0,(anonymous_1)
FNDA:0,(anonymous_2)
FNDA:0,(anonymous_3)
FNDA:0,(anonymous_4)
FNDA:0,(anonymous_5)
FNDA:0,(anonymous_6)
FNDA:0,(anonymous_7)
FNDA:0,(anonymous_8)
FNDA:0,(anonymous_9)
FNDA:0,(anonymous_10)
FNDA:0,(anonymous_11)
FNDA:0,(anonymous_12)
DA:11,0
DA:23,0
DA:24,0
DA:29,0
DA:51,0
DA:53,0
DA:55,0
DA:57,0
DA:60,0
DA:62,0
DA:63,0
DA:64,0
DA:69,0
DA:70,0
DA:73,0
DA:74,0
DA:75,0
DA:79,0
DA:80,0
DA:89,0
DA:92,0
DA:97,0
DA:127,0
DA:147,0
DA:148,0
DA:158,0
LF:26
LH:0
BRDA:27,0,0,0
BRDA:27,0,1,0
BRDA:32,1,0,0
BRDA:32,1,1,0
BRDA:33,2,0,0
BRDA:33,2,1,0
BRDA:34,3,0,0
BRDA:34,3,1,0
BRDA:39,4,0,0
BRDA:39,4,1,0
BRDA:63,5,0,0
BRDA:63,5,1,0
BRDA:94,6,0,0
BRDA:94,6,1,0
BRDA:108,7,0,0
BRDA:108,7,1,0
BRDA:112,8,0,0
BRDA:112,8,1,0
BRDA:113,9,0,0
BRDA:113,9,1,0
BRDA:114,10,0,0
BRDA:114,10,1,0
BRDA:128,11,0,0
BRDA:128,11,1,0
BRDA:129,12,0,0
BRDA:129,12,1,0
BRDA:138,13,0,0
BRDA:138,13,1,0
BRDA:144,14,0,0
BRDA:144,14,1,0
BRF:30
BRH:0
end_of_record
TN:
SF:components\modals\webviews\CustomAlert.js
FN:19,CustomAlert
FNF:1
FNH:0
FNDA:0,CustomAlert
DA:22,0
DA:24,0
DA:69,0
LF:3
LH:0
BRDA:19,0,0,0
BRDA:35,1,0,0
BRDA:35,1,1,0
BRDA:36,2,0,0
BRDA:36,2,1,0
BRDA:37,3,0,0
BRDA:37,3,1,0
BRDA:38,4,0,0
BRDA:38,4,1,0
BRDA:41,5,0,0
BRDA:41,5,1,0
BRDA:43,6,0,0
BRDA:43,6,1,0
BRDA:48,7,0,0
BRDA:48,7,1,0
BRDA:57,8,0,0
BRDA:57,8,1,0
BRF:17
BRH:0
end_of_record
TN:
SF:components\modals\webviews\DeleteWebviewModal.js
FN:16,DeleteWebviewModal
FN:25,(anonymous_1)
FNF:2
FNH:0
FNDA:0,DeleteWebviewModal
FNDA:0,(anonymous_1)
DA:19,0
DA:21,0
DA:23,0
DA:25,0
DA:26,0
DA:27,0
DA:28,0
DA:30,0
DA:32,0
DA:36,0
DA:91,0
LF:11
LH:0
BRDA:48,0,0,0
BRDA:48,0,1,0
BRDA:49,1,0,0
BRDA:49,1,1,0
BRDA:50,2,0,0
BRDA:50,2,1,0
BRDA:51,3,0,0
BRDA:51,3,1,0
BRDA:52,4,0,0
BRDA:52,4,1,0
BRDA:56,5,0,0
BRDA:56,5,1,0
BRDA:57,6,0,0
BRDA:57,6,1,0
BRDA:61,7,0,0
BRDA:61,7,1,0
BRDA:69,8,0,0
BRDA:69,8,1,0
BRDA:76,9,0,0
BRDA:76,9,1,0
BRDA:79,10,0,0
BRDA:79,10,1,0
BRF:22
BRH:0
end_of_record
TN:
SF:components\modals\webviews\EditWebviewModal.js
FN:20,EditWebviewModal
FN:38,(anonymous_1)
FN:46,(anonymous_2)
FN:59,(anonymous_3)
FN:106,(anonymous_4)
FN:107,(anonymous_5)
FN:128,(anonymous_6)
FN:129,(anonymous_7)
FNF:8
FNH:0
FNDA:0,EditWebviewModal
FNDA:0,(anonymous_1)
FNDA:0,(anonymous_2)
FNDA:0,(anonymous_3)
FNDA:0,(anonymous_4)
FNDA:0,(anonymous_5)
FNDA:0,(anonymous_6)
FNDA:0,(anonymous_7)
DA:23,0
DA:25,0
DA:28,0
DA:29,0
DA:30,0
DA:31,0
DA:32,0
DA:38,0
DA:39,0
DA:40,0
DA:41,0
DA:42,0
DA:46,0
DA:47,0
DA:48,0
DA:49,0
DA:51,0
DA:59,0
DA:60,0
DA:61,0
DA:62,0
DA:64,0
DA:65,0
DA:66,0
DA:68,0
DA:69,0
DA:70,0
DA:73,0
DA:106,0
DA:107,0
DA:128,0
DA:129,0
DA:163,0
LF:33
LH:0
BRDA:28,0,0,0
BRDA:28,0,1,0
BRDA:29,1,0,0
BRDA:29,1,1,0
BRDA:39,2,0,0
BRDA:39,2,1,0
BRDA:40,3,0,0
BRDA:40,3,1,0
BRDA:41,4,0,0
BRDA:41,4,1,0
BRDA:60,5,0,0
BRDA:60,5,1,0
BRDA:64,6,0,0
BRDA:64,6,1,0
BRDA:84,7,0,0
BRDA:84,7,1,0
BRDA:87,8,0,0
BRDA:87,8,1,0
BRDA:88,9,0,0
BRDA:88,9,1,0
BRDA:89,10,0,0
BRDA:89,10,1,0
BRDA:92,11,0,0
BRDA:92,11,1,0
BRDA:105,12,0,0
BRDA:105,12,1,0
BRDA:112,13,0,0
BRDA:112,13,1,0
BRDA:127,14,0,0
BRDA:127,14,1,0
BRDA:134,15,0,0
BRDA:134,15,1,0
BRDA:144,16,0,0
BRDA:144,16,1,0
BRDA:152,17,0,0
BRDA:152,17,1,0
BRF:36
BRH:0
end_of_record
TN:
SF:components\modals\webviews\ImportFullUrlModal.js
FN:20,(anonymous_0)
FN:35,(anonymous_1)
FN:50,(anonymous_2)
FN:59,(anonymous_3)
FN:95,(anonymous_4)
FNF:5
FNH:0
FNDA:0,(anonymous_0)
FNDA:0,(anonymous_1)
FNDA:0,(anonymous_2)
FNDA:0,(anonymous_3)
FNDA:0,(anonymous_4)
DA:20,0
DA:21,0
DA:22,0
DA:23,0
DA:24,0
DA:25,0
DA:27,0
DA:35,0
DA:36,0
DA:42,0
DA:50,0
DA:51,0
DA:52,0
DA:59,0
DA:60,0
DA:62,0
DA:63,0
DA:64,0
DA:65,0
DA:68,0
DA:69,0
DA:70,0
DA:71,0
DA:74,0
DA:75,0
DA:77,0
DA:78,0
DA:79,0
DA:80,0
DA:81,0
DA:83,0
DA:84,0
DA:85,0
DA:87,0
DA:95,0
DA:96,0
DA:97,0
DA:98,0
DA:101,0
DA:167,0
LF:40
LH:0
BRDA:62,0,0,0
BRDA:62,0,1,0
BRDA:68,1,0,0
BRDA:68,1,1,0
BRDA:113,2,0,0
BRDA:113,2,1,0
BRDA:114,3,0,0
BRDA:114,3,1,0
BRDA:115,4,0,0
BRDA:115,4,1,0
BRDA:127,5,0,0
BRDA:127,5,1,0
BRDA:131,6,0,0
BRDA:131,6,1,0
BRDA:135,7,0,0
BRDA:135,7,1,0
BRDA:145,8,0,0
BRDA:145,8,1,0
BRDA:149,9,0,0
BRDA:149,9,1,0
BRDA:152,10,0,0
BRDA:152,10,1,0
BRDA:154,11,0,0
BRDA:154,11,1,0
BRF:24
BRH:0
end_of_record
TN:
SF:components\modals\webviews\ImportWebviewModal.js
FN:22,(anonymous_0)
FN:42,(anonymous_1)
FN:57,(anonymous_2)
FN:68,(anonymous_3)
FN:86,(anonymous_4)
FN:154,(anonymous_5)
FN:155,(anonymous_6)
FN:183,(anonymous_7)
FN:192,(anonymous_8)
FNF:9
FNH:0
FNDA:0,(anonymous_0)
FNDA:0,(anonymous_1)
FNDA:0,(anonymous_2)
FNDA:0,(anonymous_3)
FNDA:0,(anonymous_4)
FNDA:0,(anonymous_5)
FNDA:0,(anonymous_6)
FNDA:0,(anonymous_7)
FNDA:0,(anonymous_8)
DA:22,0
DA:25,0
DA:27,0
DA:28,0
DA:29,0
DA:30,0
DA:31,0
DA:34,0
DA:42,0
DA:43,0
DA:49,0
DA:57,0
DA:58,0
DA:59,0
DA:68,0
DA:69,0
DA:71,0
DA:74,0
DA:75,0
DA:79,0
DA:86,0
DA:87,0
DA:89,0
DA:90,0
DA:91,0
DA:92,0
DA:95,0
DA:96,0
DA:97,0
DA:98,0
DA:101,0
DA:102,0
DA:104,0
DA:106,0
DA:107,0
DA:109,0
DA:110,0
DA:111,0
DA:113,0
DA:114,0
DA:116,0
DA:117,0
DA:118,0
DA:119,0
DA:123,0
DA:124,0
DA:125,0
DA:126,0
DA:127,0
DA:128,0
DA:129,0
DA:130,0
DA:132,0
DA:133,0
DA:134,0
DA:135,0
DA:136,0
DA:138,0
DA:139,0
DA:140,0
DA:143,0
DA:144,0
DA:145,0
DA:146,0
DA:148,0
DA:149,0
DA:150,0
DA:151,0
DA:154,0
DA:155,0
DA:156,0
DA:159,0
DA:161,0
DA:162,0
DA:163,0
DA:165,0
DA:166,0
DA:167,0
DA:168,0
DA:171,0
DA:172,0
DA:175,0
DA:176,0
DA:177,0
DA:179,0
DA:183,0
DA:184,0
DA:185,0
DA:192,0
DA:193,0
DA:194,0
DA:195,0
DA:198,0
DA:280,0
LF:94
LH:0
BRDA:22,0,0,0
BRDA:89,1,0,0
BRDA:89,1,1,0
BRDA:95,2,0,0
BRDA:95,2,1,0
BRDA:116,3,0,0
BRDA:116,3,1,0
BRDA:123,4,0,0
BRDA:123,4,1,0
BRDA:127,5,0,0
BRDA:127,5,1,0
BRDA:132,6,0,0
BRDA:132,6,1,0
BRDA:143,7,0,0
BRDA:143,7,1,0
BRDA:148,8,0,0
BRDA:148,8,1,0
BRDA:161,9,0,0
BRDA:161,9,1,0
BRDA:211,10,0,0
BRDA:211,10,1,0
BRDA:212,11,0,0
BRDA:212,11,1,0
BRDA:213,12,0,0
BRDA:213,12,1,0
BRDA:226,13,0,0
BRDA:226,13,1,0
BRDA:230,14,0,0
BRDA:230,14,1,0
BRDA:236,15,0,0
BRDA:236,15,1,0
BRDA:248,16,0,0
BRDA:248,16,1,0
BRDA:252,17,0,0
BRDA:252,17,1,0
BRDA:255,18,0,0
BRDA:255,18,1,0
BRDA:257,19,0,0
BRDA:257,19,1,0
BRF:39
BRH:0
end_of_record
TN:
SF:components\modals\webviews\PasswordCheckModal.js
FN:20,PasswordCheckModal
FN:40,(anonymous_1)
FN:58,(anonymous_2)
FN:119,(anonymous_3)
FN:120,(anonymous_4)
FNF:5
FNH:0
FNDA:0,PasswordCheckModal
FNDA:0,(anonymous_1)
FNDA:0,(anonymous_2)
FNDA:0,(anonymous_3)
FNDA:0,(anonymous_4)
DA:23,0
DA:25,0
DA:28,0
DA:29,0
DA:30,0
DA:40,0
DA:42,0
DA:43,0
DA:48,0
DA:49,0
DA:51,0
DA:58,0
DA:59,0
DA:60,0
DA:63,0
DA:119,0
DA:120,0
DA:126,0
LF:18
LH:0
BRDA:42,0,0,0
BRDA:42,0,1,0
BRDA:75,1,0,0
BRDA:75,1,1,0
BRDA:76,2,0,0
BRDA:76,2,1,0
BRDA:77,3,0,0
BRDA:77,3,1,0
BRDA:78,4,0,0
BRDA:78,4,1,0
BRDA:90,5,0,0
BRDA:90,5,1,0
BRDA:101,6,0,0
BRDA:101,6,1,0
BRDA:108,7,0,0
BRDA:108,7,1,0
BRF:16
BRH:0
end_of_record
TN:
SF:components\modals\webviews\PasswordDefineModal.js
FN:20,PasswordDefineModal
FN:44,(anonymous_1)
FN:53,(anonymous_2)
FN:72,(anonymous_3)
FN:86,(anonymous_4)
FN:124,(anonymous_5)
FN:125,(anonymous_6)
FN:157,(anonymous_7)
FN:188,(anonymous_8)
FNF:9
FNH:0
FNDA:0,PasswordDefineModal
FNDA:0,(anonymous_1)
FNDA:0,(anonymous_2)
FNDA:0,(anonymous_3)
FNDA:0,(anonymous_4)
FNDA:0,(anonymous_5)
FNDA:0,(anonymous_6)
FNDA:0,(anonymous_7)
FNDA:0,(anonymous_8)
DA:22,0
DA:24,0
DA:27,0
DA:28,0
DA:29,0
DA:30,0
DA:35,0
DA:44,0
DA:45,0
DA:46,0
DA:53,0
DA:55,0
DA:56,0
DA:57,0
DA:61,0
DA:62,0
DA:64,0
DA:72,0
DA:73,0
DA:74,0
DA:75,0
DA:76,0
DA:77,0
DA:79,0
DA:86,0
DA:87,0
DA:88,0
DA:89,0
DA:92,0
DA:124,0
DA:125,0
DA:158,0
DA:159,0
DA:188,0
DA:196,0
LF:35
LH:0
BRDA:44,0,0,0
BRDA:55,1,0,0
BRDA:55,1,1,0
BRDA:61,2,0,0
BRDA:61,2,1,0
BRDA:73,3,0,0
BRDA:73,3,1,0
BRDA:104,4,0,0
BRDA:104,4,1,0
BRDA:105,5,0,0
BRDA:105,5,1,0
BRDA:109,6,0,0
BRDA:109,6,1,0
BRDA:110,7,0,0
BRDA:110,7,1,0
BRDA:111,8,0,0
BRDA:111,8,1,0
BRDA:112,9,0,0
BRDA:112,9,1,0
BRDA:117,10,0,0
BRDA:117,10,1,0
BRDA:131,11,0,0
BRDA:131,11,1,0
BRDA:146,12,0,0
BRDA:146,12,1,0
BRDA:161,13,0,0
BRDA:161,13,1,0
BRDA:169,14,0,0
BRDA:169,14,1,0
BRDA:176,15,0,0
BRDA:176,15,1,0
BRF:31
BRH:0
end_of_record
TN:
SF:components\modals\webviews\ReadOnlyModal.js
FN:16,ReadOnly
FN:27,(anonymous_1)
FN:36,(anonymous_2)
FNF:3
FNH:0
FNDA:0,ReadOnly
FNDA:0,(anonymous_1)
FNDA:0,(anonymous_2)
DA:19,0
DA:21,0
DA:27,0
DA:28,0
DA:29,0
DA:36,0
DA:37,0
DA:38,0
DA:41,0
DA:90,0
LF:10
LH:0
BRDA:53,0,0,0
BRDA:53,0,1,0
BRDA:54,1,0,0
BRDA:54,1,1,0
BRDA:55,2,0,0
BRDA:55,2,1,0
BRDA:56,3,0,0
BRDA:56,3,1,0
BRDA:63,4,0,0
BRDA:63,4,1,0
BRDA:68,5,0,0
BRDA:68,5,1,0
BRDA:73,6,0,0
BRDA:73,6,1,0
BRDA:80,7,0,0
BRDA:80,7,1,0
BRF:16
BRH:0
end_of_record
TN:
SF:components\navigation\Sidebar.js
FN:31,Sidebar
FN:62,(anonymous_1)
FN:81,(anonymous_2)
FN:82,(anonymous_3)
FN:120,(anonymous_4)
FN:121,(anonymous_5)
FN:136,(anonymous_6)
FN:141,(anonymous_7)
FN:143,(anonymous_8)
FN:148,(anonymous_9)
FN:152,(anonymous_10)
FN:153,(anonymous_11)
FN:166,(anonymous_12)
FN:179,(anonymous_13)
FN:254,(anonymous_14)
FN:261,(anonymous_15)
FN:277,(anonymous_16)
FN:282,(anonymous_17)
FNF:18
FNH:0
FNDA:0,Sidebar
FNDA:0,(anonymous_1)
FNDA:0,(anonymous_2)
FNDA:0,(anonymous_3)
FNDA:0,(anonymous_4)
FNDA:0,(anonymous_5)
FNDA:0,(anonymous_6)
FNDA:0,(anonymous_7)
FNDA:0,(anonymous_8)
FNDA:0,(anonymous_9)
FNDA:0,(anonymous_10)
FNDA:0,(anonymous_11)
FNDA:0,(anonymous_12)
FNDA:0,(anonymous_13)
FNDA:0,(anonymous_14)
FNDA:0,(anonymous_15)
FNDA:0,(anonymous_16)
FNDA:0,(anonymous_17)
DA:32,0
DA:33,0
DA:34,0
DA:35,0
DA:36,0
DA:37,0
DA:40,0
DA:42,0
DA:48,0
DA:56,0
DA:62,0
DA:63,0
DA:81,0
DA:82,0
DA:83,0
DA:84,0
DA:85,0
DA:87,0
DA:88,0
DA:89,0
DA:90,0
DA:93,0
DA:94,0
DA:95,0
DA:97,0
DA:98,0
DA:99,0
DA:101,0
DA:104,0
DA:105,0
DA:106,0
DA:110,0
DA:111,0
DA:113,0
DA:117,0
DA:120,0
DA:121,0
DA:122,0
DA:123,0
DA:124,0
DA:125,0
DA:132,0
DA:136,0
DA:137,0
DA:138,0
DA:141,0
DA:144,0
DA:145,0
DA:146,0
DA:148,0
DA:152,0
DA:153,0
DA:154,0
DA:156,0
DA:166,0
DA:167,0
DA:168,0
DA:169,0
DA:170,0
DA:172,0
DA:179,0
DA:180,0
DA:181,0
DA:183,0
DA:186,0
DA:255,0
DA:261,0
DA:278,0
DA:282,0
DA:349,0
LF:70
LH:0
BRDA:49,0,0,0
BRDA:49,0,1,0
BRDA:65,1,0,0
BRDA:65,1,1,0
BRDA:65,2,0,0
BRDA:65,2,1,0
BRDA:70,3,0,0
BRDA:70,3,1,0
BRDA:87,4,0,0
BRDA:87,4,1,0
BRDA:89,5,0,0
BRDA:89,5,1,0
BRDA:97,6,0,0
BRDA:97,6,1,0
BRDA:97,7,0,0
BRDA:97,7,1,0
BRDA:99,8,0,0
BRDA:99,8,1,0
BRDA:104,9,0,0
BRDA:104,9,1,0
BRDA:106,10,0,0
BRDA:106,10,1,0
BRDA:111,11,0,0
BRDA:111,11,1,0
BRDA:123,12,0,0
BRDA:123,12,1,0
BRDA:126,13,0,0
BRDA:126,13,1,0
BRDA:127,14,0,0
BRDA:127,14,1,0
BRDA:137,15,0,0
BRDA:137,15,1,0
BRDA:154,16,0,0
BRDA:154,16,1,0
BRDA:167,17,0,0
BRDA:167,17,1,0
BRDA:180,18,0,0
BRDA:180,18,1,0
BRDA:189,19,0,0
BRDA:189,19,1,0
BRDA:199,20,0,0
BRDA:199,20,1,0
BRDA:213,21,0,0
BRDA:213,21,1,0
BRDA:219,22,0,0
BRDA:219,22,1,0
BRDA:233,23,0,0
BRDA:233,23,1,0
BRDA:239,24,0,0
BRDA:239,24,1,0
BRDA:240,25,0,0
BRDA:240,25,1,0
BRDA:244,26,0,0
BRDA:244,26,1,0
BRDA:245,27,0,0
BRDA:245,27,1,0
BRDA:250,28,0,0
BRDA:250,28,1,0
BRDA:252,29,0,0
BRDA:252,29,1,0
BRDA:265,30,0,0
BRDA:265,30,1,0
BRDA:266,31,0,0
BRDA:266,31,1,0
BRDA:271,32,0,0
BRDA:271,32,1,0
BRDA:277,33,0,0
BRDA:277,33,1,0
BRDA:277,33,2,0
BRDA:287,34,0,0
BRDA:287,34,1,0
BRDA:291,35,0,0
BRDA:291,35,1,0
BRDA:294,36,0,0
BRDA:294,36,1,0
BRDA:332,37,0,0
BRDA:332,37,1,0
BRF:77
BRH:0
end_of_record
TN:
SF:components\text\CustomText.js
FN:5,(anonymous_0)
FNF:1
FNH:0
FNDA:0,(anonymous_0)
DA:5,0
DA:6,0
LF:2
LH:0
BRF:0
BRH:0
end_of_record
TN:
SF:components\text\TitleModal.js
FN:14,TitleModal
FNF:1
FNH:0
FNDA:0,TitleModal
DA:17,0
DA:19,0
DA:31,0
LF:3
LH:0
BRDA:23,0,0,0
BRDA:23,0,1,0
BRF:2
BRH:0
end_of_record
TN:
SF:config\env.js
FN:25,(anonymous_0)
FN:64,(anonymous_1)
FN:110,(anonymous_2)
FNF:3
FNH:0
FNDA:0,(anonymous_0)
FNDA:0,(anonymous_1)
FNDA:0,(anonymous_2)
DA:12,0
DA:15,0
DA:16,0
DA:19,0
DA:28,0
DA:30,0
DA:33,0
DA:35,0
DA:36,0
DA:37,0
DA:38,0
DA:41,0
DA:42,0
DA:47,0
DA:54,0
DA:66,0
DA:67,0
DA:68,0
DA:71,0
DA:72,0
DA:74,0
DA:77,0
DA:78,0
DA:79,0
DA:82,0
DA:83,0
DA:87,0
DA:88,0
DA:90,0
DA:92,0
DA:93,0
DA:95,0
DA:97,0
DA:101,0
DA:111,0
DA:113,0
DA:114,0
DA:115,0
DA:116,0
DA:120,0
DA:121,0
DA:122,0
DA:124,0
DA:126,0
DA:127,0
DA:129,0
DA:131,0
DA:132,0
DA:134,0
DA:139,0
DA:140,0
DA:141,0
DA:143,0
DA:144,0
LF:54
LH:0
BRDA:15,0,0,0
BRDA:15,0,1,0
BRDA:33,1,0,0
BRDA:33,1,1,0
BRDA:66,2,0,0
BRDA:66,2,1,0
BRDA:66,3,0,0
BRDA:66,3,1,0
BRDA:88,4,0,0
BRDA:88,4,1,0
BRDA:114,5,0,0
BRDA:114,5,1,0
BRDA:121,6,0,0
BRDA:121,6,1,0
BRDA:127,7,0,0
BRDA:127,7,1,0
BRF:16
BRH:0
end_of_record
TN:
SF:config\firebase.js
FNF:0
FNH:0
DA:4,0
DA:14,0
DA:15,0
DA:16,0
DA:18,0
LF:5
LH:0
BRF:0
BRH:0
end_of_record
TN:
SF:constants\screens.js
FNF:0
FNH:0
DA:5,0
LF:1
LH:0
BRF:0
BRH:0
end_of_record
TN:
SF:constants\style.js
FNF:0
FNH:0
DA:1,0
DA:12,0
DA:49,0
DA:89,0
LF:4
LH:0
BRF:0
BRH:0
end_of_record
TN:
SF:hooks\useDeviceType.js
FN:10,(anonymous_0)
FN:19,(anonymous_1)
FN:33,(anonymous_2)
FNF:3
FNH:0
FNDA:0,(anonymous_0)
FNDA:0,(anonymous_1)
FNDA:0,(anonymous_2)
DA:10,0
DA:11,0
DA:12,0
DA:15,0
DA:16,0
DA:17,0
DA:19,0
DA:20,0
DA:21,0
DA:22,0
DA:25,0
DA:30,0
DA:33,0
DA:34,0
DA:35,0
DA:38,0
DA:44,0
DA:48,0
DA:51,0
DA:52,0
DA:55,0
DA:56,0
DA:57,0
DA:58,0
DA:60,0
LF:25
LH:0
BRDA:25,0,0,0
BRDA:25,0,1,0
BRDA:25,0,2,0
BRDA:38,1,0,0
BRDA:38,1,1,0
BRDA:38,1,2,0
BRDA:38,1,3,0
BRDA:55,2,0,0
BRDA:55,2,1,0
BRDA:56,3,0,0
BRDA:56,3,1,0
BRDA:57,4,0,0
BRDA:57,4,1,0
BRDA:58,5,0,0
BRDA:58,5,1,0
BRF:15
BRH:0
end_of_record
TN:
SF:hooks\useNavigation.js
FN:9,(anonymous_0)
FN:12,(anonymous_1)
FN:33,(anonymous_2)
FN:43,(anonymous_3)
FNF:4
FNH:0
FNDA:0,(anonymous_0)
FNDA:0,(anonymous_1)
FNDA:0,(anonymous_2)
FNDA:0,(anonymous_3)
DA:9,0
DA:10,0
DA:12,0
DA:13,0
DA:14,0
DA:15,0
DA:19,0
DA:20,0
DA:21,0
DA:22,0
DA:26,0
DA:27,0
DA:29,0
DA:33,0
DA:34,0
DA:43,0
DA:44,0
DA:48,0
LF:18
LH:0
BRDA:14,0,0,0
BRDA:14,0,1,0
BRDA:19,1,0,0
BRDA:19,1,1,0
BRDA:19,2,0,0
BRDA:19,2,1,0
BRDA:33,3,0,0
BRDA:44,4,0,0
BRDA:44,4,1,0
BRF:9
BRH:0
end_of_record
TN:
SF:hooks\useTimeout.js
FN:4,(anonymous_0)
FN:13,(anonymous_1)
FN:30,(anonymous_2)
FN:50,(anonymous_3)
FNF:4
FNH:0
FNDA:0,(anonymous_0)
FNDA:0,(anonymous_1)
FNDA:0,(anonymous_2)
FNDA:0,(anonymous_3)
DA:4,0
DA:5,0
DA:13,0
DA:14,0
DA:15,0
DA:16,0
DA:17,0
DA:18,0
DA:19,0
DA:20,0
DA:30,0
DA:31,0
DA:33,0
DA:34,0
DA:35,0
DA:36,0
DA:38,0
DA:41,0
DA:42,0
DA:43,0
DA:45,0
DA:50,0
DA:51,0
DA:52,0
DA:53,0
DA:54,0
DA:57,0
DA:61,0
LF:28
LH:0
BRDA:14,0,0,0
BRDA:14,0,1,0
BRDA:14,0,2,0
BRDA:14,0,3,0
BRDA:14,0,4,0
BRDA:14,0,5,0
BRDA:33,1,0,0
BRDA:33,1,1,0
BRDA:53,2,0,0
BRDA:53,2,1,0
BRF:10
BRH:0
end_of_record
TN:
SF:hooks\useWebSocket.js
FN:15,(anonymous_0)
FN:32,(anonymous_1)
FN:43,(anonymous_2)
FN:58,(anonymous_3)
FN:72,(anonymous_4)
FN:101,(anonymous_5)
FN:124,(anonymous_6)
FN:133,(anonymous_7)
FN:148,(anonymous_8)
FN:155,(anonymous_9)
FN:159,(anonymous_10)
FN:165,(anonymous_11)
FN:205,(anonymous_12)
FN:216,(anonymous_13)
FN:226,(anonymous_14)
FN:233,(anonymous_15)
FN:259,(anonymous_16)
FN:260,(anonymous_17)
FN:268,(anonymous_18)
FN:300,(anonymous_19)
FN:326,(anonymous_20)
FNF:21
FNH:0
FNDA:0,(anonymous_0)
FNDA:0,(anonymous_1)
FNDA:0,(anonymous_2)
FNDA:0,(anonymous_3)
FNDA:0,(anonymous_4)
FNDA:0,(anonymous_5)
FNDA:0,(anonymous_6)
FNDA:0,(anonymous_7)
FNDA:0,(anonymous_8)
FNDA:0,(anonymous_9)
FNDA:0,(anonymous_10)
FNDA:0,(anonymous_11)
FNDA:0,(anonymous_12)
FNDA:0,(anonymous_13)
FNDA:0,(anonymous_14)
FNDA:0,(anonymous_15)
FNDA:0,(anonymous_16)
FNDA:0,(anonymous_17)
FNDA:0,(anonymous_18)
FNDA:0,(anonymous_19)
FNDA:0,(anonymous_20)
DA:15,0
DA:17,0
DA:20,0
DA:21,0
DA:22,0
DA:23,0
DA:32,0
DA:33,0
DA:43,0
DA:44,0
DA:45,0
DA:46,0
DA:49,0
DA:50,0
DA:52,0
DA:58,0
DA:59,0
DA:61,0
DA:62,0
DA:63,0
DA:66,0
DA:67,0
DA:68,0
DA:72,0
DA:73,0
DA:79,0
DA:94,0
DA:96,0
DA:101,0
DA:103,0
DA:104,0
DA:108,0
DA:109,0
DA:110,0
DA:114,0
DA:115,0
DA:117,0
DA:118,0
DA:121,0
DA:124,0
DA:125,0
DA:126,0
DA:127,0
DA:129,0
DA:133,0
DA:135,0
DA:141,0
DA:143,0
DA:146,0
DA:147,0
DA:148,0
DA:149,0
DA:155,0
DA:156,0
DA:157,0
DA:159,0
DA:160,0
DA:165,0
DA:166,0
DA:167,0
DA:168,0
DA:169,0
DA:171,0
DA:172,0
DA:173,0
DA:174,0
DA:177,0
DA:179,0
DA:180,0
DA:181,0
DA:182,0
DA:184,0
DA:185,0
DA:186,0
DA:187,0
DA:190,0
DA:193,0
DA:196,0
DA:197,0
DA:205,0
DA:206,0
DA:207,0
DA:208,0
DA:210,0
DA:216,0
DA:217,0
DA:223,0
DA:224,0
DA:226,0
DA:227,0
DA:233,0
DA:235,0
DA:236,0
DA:237,0
DA:241,0
DA:244,0
DA:245,0
DA:248,0
DA:249,0
DA:251,0
DA:254,0
DA:259,0
DA:260,0
DA:261,0
DA:268,0
DA:270,0
DA:271,0
DA:274,0
DA:276,0
DA:278,0
DA:279,0
DA:282,0
DA:283,0
DA:286,0
DA:288,0
DA:291,0
DA:300,0
DA:314,0
DA:317,0
DA:326,0
DA:327,0
DA:328,0
DA:333,0
DA:334,0
DA:337,0
DA:339,0
DA:341,0
DA:342,0
DA:346,0
DA:348,0
DA:351,0
DA:371,0
DA:373,0
DA:374,0
DA:376,0
DA:377,0
DA:381,0
LF:137
LH:0
BRDA:15,0,0,0
BRDA:32,1,0,0
BRDA:44,2,0,0
BRDA:44,2,1,0
BRDA:61,3,0,0
BRDA:61,3,1,0
BRDA:61,4,0,0
BRDA:61,4,1,0
BRDA:66,5,0,0
BRDA:66,5,1,0
BRDA:73,6,0,0
BRDA:73,6,1,0
BRDA:103,7,0,0
BRDA:103,7,1,0
BRDA:108,8,0,0
BRDA:108,8,1,0
BRDA:146,9,0,0
BRDA:146,9,1,0
BRDA:171,10,0,0
BRDA:171,10,1,0
BRDA:177,11,0,0
BRDA:177,11,1,0
BRDA:177,12,0,0
BRDA:177,12,1,0
BRDA:179,13,0,0
BRDA:179,13,1,0
BRDA:179,14,0,0
BRDA:179,14,1,0
BRDA:181,15,0,0
BRDA:181,15,1,0
BRDA:184,16,0,0
BRDA:184,16,1,0
BRDA:186,17,0,0
BRDA:186,17,1,0
BRDA:206,18,0,0
BRDA:206,18,1,0
BRDA:206,19,0,0
BRDA:206,19,1,0
BRDA:235,20,0,0
BRDA:235,20,1,0
BRDA:248,21,0,0
BRDA:248,21,1,0
BRDA:270,22,0,0
BRDA:270,22,1,0
BRDA:278,23,0,0
BRDA:278,23,1,0
BRDA:288,24,0,0
BRDA:288,24,1,0
BRDA:288,25,0,0
BRDA:288,25,1,0
BRDA:301,26,0,0
BRDA:301,26,1,0
BRDA:302,27,0,0
BRDA:302,27,1,0
BRDA:303,28,0,0
BRDA:303,28,1,0
BRDA:303,28,2,0
BRDA:304,29,0,0
BRDA:304,29,1,0
BRDA:305,30,0,0
BRDA:305,30,1,0
BRDA:306,31,0,0
BRDA:306,31,1,0
BRDA:309,32,0,0
BRDA:309,32,1,0
BRDA:309,33,0,0
BRDA:309,33,1,0
BRDA:327,34,0,0
BRDA:327,34,1,0
BRDA:327,35,0,0
BRDA:327,35,1,0
BRDA:341,36,0,0
BRDA:341,36,1,0
BRDA:360,37,0,0
BRDA:360,37,1,0
BRDA:361,38,0,0
BRDA:361,38,1,0
BRF:77
BRH:0
end_of_record
TN:
SF:hooks\useWebViewsPassword.js
FN:13,(anonymous_0)
FN:26,(anonymous_1)
FN:32,(anonymous_2)
FN:40,(anonymous_3)
FN:58,(anonymous_4)
FN:78,(anonymous_5)
FN:115,(anonymous_6)
FN:128,(anonymous_7)
FN:142,(anonymous_8)
FNF:9
FNH:0
FNDA:0,(anonymous_0)
FNDA:0,(anonymous_1)
FNDA:0,(anonymous_2)
FNDA:0,(anonymous_3)
FNDA:0,(anonymous_4)
FNDA:0,(anonymous_5)
FNDA:0,(anonymous_6)
FNDA:0,(anonymous_7)
FNDA:0,(anonymous_8)
DA:13,0
DA:15,0
DA:17,0
DA:18,0
DA:19,0
DA:20,0
DA:26,0
DA:32,0
DA:40,0
DA:42,0
DA:43,0
DA:44,0
DA:50,0
DA:58,0
DA:59,0
DA:61,0
DA:63,0
DA:64,0
DA:66,0
DA:67,0
DA:70,0
DA:78,0
DA:79,0
DA:80,0
DA:82,0
DA:84,0
DA:85,0
DA:87,0
DA:88,0
DA:91,0
DA:94,0
DA:95,0
DA:97,0
DA:98,0
DA:101,0
DA:102,0
DA:104,0
DA:115,0
DA:116,0
DA:117,0
DA:118,0
DA:120,0
DA:128,0
DA:129,0
DA:130,0
DA:131,0
DA:142,0
DA:143,0
DA:147,0
LF:49
LH:0
BRDA:61,0,0,0
BRDA:61,0,1,0
BRDA:84,1,0,0
BRDA:84,1,1,0
BRDA:87,2,0,0
BRDA:87,2,1,0
BRDA:94,3,0,0
BRDA:94,3,1,0
BRDA:116,4,0,0
BRDA:116,4,1,0
BRF:10
BRH:0
end_of_record
TN:
SF:hooks\useWebviews.js
FN:12,useWebviews
FN:40,(anonymous_1)
FN:44,(anonymous_2)
FN:60,(anonymous_3)
FN:82,(anonymous_4)
FN:94,(anonymous_5)
FN:114,(anonymous_6)
FN:129,(anonymous_7)
FN:153,(anonymous_8)
FN:180,(anonymous_9)
FN:196,(anonymous_10)
FN:211,(anonymous_11)
FN:220,(anonymous_12)
FN:222,(anonymous_13)
FN:225,(anonymous_14)
FN:229,(anonymous_15)
FN:235,(anonymous_16)
FNF:17
FNH:0
FNDA:0,useWebviews
FNDA:0,(anonymous_1)
FNDA:0,(anonymous_2)
FNDA:0,(anonymous_3)
FNDA:0,(anonymous_4)
FNDA:0,(anonymous_5)
FNDA:0,(anonymous_6)
FNDA:0,(anonymous_7)
FNDA:0,(anonymous_8)
FNDA:0,(anonymous_9)
FNDA:0,(anonymous_10)
FNDA:0,(anonymous_11)
FNDA:0,(anonymous_12)
FNDA:0,(anonymous_13)
FNDA:0,(anonymous_14)
FNDA:0,(anonymous_15)
FNDA:0,(anonymous_16)
DA:13,0
DA:14,0
DA:15,0
DA:16,0
DA:17,0
DA:18,0
DA:20,0
DA:38,0
DA:40,0
DA:41,0
DA:44,0
DA:45,0
DA:46,0
DA:47,0
DA:48,0
DA:50,0
DA:60,0
DA:61,0
DA:62,0
DA:63,0
DA:64,0
DA:65,0
DA:66,0
DA:67,0
DA:68,0
DA:69,0
DA:70,0
DA:71,0
DA:72,0
DA:82,0
DA:83,0
DA:84,0
DA:85,0
DA:94,0
DA:95,0
DA:97,0
DA:100,0
DA:104,0
DA:114,0
DA:115,0
DA:116,0
DA:117,0
DA:118,0
DA:120,0
DA:129,0
DA:130,0
DA:131,0
DA:132,0
DA:133,0
DA:134,0
DA:135,0
DA:136,0
DA:140,0
DA:141,0
DA:142,0
DA:143,0
DA:153,0
DA:154,0
DA:156,0
DA:159,0
DA:160,0
DA:162,0
DA:163,0
DA:165,0
DA:166,0
DA:169,0
DA:170,0
DA:180,0
DA:181,0
DA:182,0
DA:184,0
DA:196,0
DA:197,0
DA:198,0
DA:199,0
DA:200,0
DA:202,0
DA:211,0
DA:212,0
DA:220,0
DA:221,0
DA:222,0
DA:225,0
DA:229,0
DA:230,0
DA:231,0
DA:232,0
DA:235,0
DA:236,0
DA:237,0
DA:238,0
DA:239,0
DA:240,0
DA:241,0
DA:242,0
DA:243,0
DA:244,0
DA:245,0
DA:246,0
DA:247,0
DA:249,0
DA:250,0
DA:254,0
LF:103
LH:0
BRDA:41,0,0,0
BRDA:41,0,1,0
BRDA:46,1,0,0
BRDA:46,1,1,0
BRDA:46,2,0,0
BRDA:46,2,1,0
BRDA:61,3,0,0
BRDA:61,3,1,0
BRDA:61,3,2,0
BRDA:61,3,3,0
BRDA:61,3,4,0
BRDA:61,3,5,0
BRDA:61,3,6,0
BRDA:61,3,7,0
BRDA:61,3,8,0
BRDA:61,3,9,0
BRDA:61,3,10,0
BRDA:116,4,0,0
BRDA:116,4,1,0
BRDA:132,5,0,0
BRDA:132,5,1,0
BRDA:135,6,0,0
BRDA:135,6,1,0
BRDA:141,7,0,0
BRDA:141,7,1,0
BRDA:165,8,0,0
BRDA:165,8,1,0
BRDA:199,9,0,0
BRDA:199,9,1,0
BRDA:221,10,0,0
BRDA:221,10,1,0
BRF:31
BRH:0
end_of_record
TN:
SF:i18n\index.js
FN:28,(anonymous_0)
FN:37,(anonymous_1)
FN:47,(anonymous_2)
FNF:3
FNH:0
FNDA:0,(anonymous_0)
FNDA:0,(anonymous_1)
FNDA:0,(anonymous_2)
DA:8,0
DA:11,0
DA:28,0
DA:29,0
DA:30,0
DA:31,0
DA:33,0
DA:37,0
DA:38,0
DA:39,0
DA:41,0
DA:42,0
DA:47,0
DA:48,0
DA:49,0
DA:50,0
DA:51,0
DA:53,0
DA:55,0
DA:56,0
LF:20
LH:0
BRDA:18,0,0,0
BRDA:18,0,1,0
BRDA:50,1,0,0
BRDA:50,1,1,0
BRF:4
BRH:0
end_of_record
TN:
SF:i18n\translations\en.js
FNF:0
FNH:0
LF:0
LH:0
BRF:0
BRH:0
end_of_record
TN:
SF:i18n\translations\fr.js
FNF:0
FNH:0
LF:0
LH:0
BRF:0
BRH:0
end_of_record
TN:
SF:plugins\withAndroidSecurityConfig.js
FN:20,withAndroidSecurityConfig
FN:21,(anonymous_1)
FNF:2
FNH:0
FNDA:0,withAndroidSecurityConfig
FNDA:0,(anonymous_1)
DA:1,0
DA:2,0
DA:3,0
DA:5,0
DA:20,0
DA:21,0
DA:22,0
DA:24,0
DA:25,0
DA:28,0
DA:29,0
DA:32,0
DA:33,0
DA:34,0
DA:37,0
DA:38,0
DA:39,0
DA:43,0
DA:44,0
DA:48,0
DA:49,0
DA:51,0
DA:53,0
DA:54,0
LF:24
LH:0
BRDA:33,0,0,0
BRDA:33,0,1,0
BRDA:38,1,0,0
BRDA:38,1,1,0
BRDA:43,2,0,0
BRDA:43,2,1,0
BRF:6
BRH:0
end_of_record
TN:
SF:screens\common\AppMenu.js
FN:19,AppMenu
FN:31,(anonymous_1)
FN:32,(anonymous_2)
FN:50,(anonymous_3)
FN:64,(anonymous_4)
FN:75,(anonymous_5)
FN:87,(anonymous_6)
FN:112,(anonymous_7)
FN:124,(anonymous_8)
FNF:9
FNH:0
FNDA:0,AppMenu
FNDA:0,(anonymous_1)
FNDA:0,(anonymous_2)
FNDA:0,(anonymous_3)
FNDA:0,(anonymous_4)
FNDA:0,(anonymous_5)
FNDA:0,(anonymous_6)
FNDA:0,(anonymous_7)
FNDA:0,(anonymous_8)
DA:22,0
DA:23,0
DA:25,0
DA:26,0
DA:31,0
DA:32,0
DA:33,0
DA:34,0
DA:35,0
DA:36,0
DA:39,0
DA:42,0
DA:50,0
DA:51,0
DA:52,0
DA:53,0
DA:55,0
DA:64,0
DA:65,0
DA:75,0
DA:87,0
DA:94,0
DA:112,0
DA:124,0
DA:133,0
LF:25
LH:0
BRDA:35,0,0,0
BRDA:35,0,1,0
BRDA:67,1,0,0
BRDA:67,1,1,0
BRDA:72,2,0,0
BRDA:72,2,1,0
BRDA:84,3,0,0
BRDA:84,3,1,0
BRDA:100,4,0,0
BRDA:100,4,1,0
BRDA:105,5,0,0
BRDA:105,5,1,0
BRDA:117,6,0,0
BRDA:117,6,1,0
BRF:14
BRH:0
end_of_record
TN:
SF:screens\common\CommonSettings.js
FN:24,(anonymous_0)
FN:38,(anonymous_1)
FN:50,(anonymous_2)
FN:54,(anonymous_3)
FN:62,(anonymous_4)
FN:73,(anonymous_5)
FN:84,(anonymous_6)
FN:128,(anonymous_7)
FN:133,(anonymous_8)
FN:192,(anonymous_9)
FNF:10
FNH:0
FNDA:0,(anonymous_0)
FNDA:0,(anonymous_1)
FNDA:0,(anonymous_2)
FNDA:0,(anonymous_3)
FNDA:0,(anonymous_4)
FNDA:0,(anonymous_5)
FNDA:0,(anonymous_6)
FNDA:0,(anonymous_7)
FNDA:0,(anonymous_8)
FNDA:0,(anonymous_9)
DA:24,0
DA:27,0
DA:28,0
DA:30,0
DA:31,0
DA:38,0
DA:39,0
DA:40,0
DA:41,0
DA:43,0
DA:50,0
DA:51,0
DA:54,0
DA:55,0
DA:62,0
DA:63,0
DA:74,0
DA:75,0
DA:76,0
DA:77,0
DA:78,0
DA:84,0
DA:89,0
DA:92,0
DA:93,0
DA:101,0
DA:128,0
DA:133,0
DA:192,0
DA:203,0
LF:30
LH:0
BRDA:77,0,0,0
BRDA:77,0,1,0
BRDA:84,1,0,0
BRDA:84,1,1,0
BRDA:108,2,0,0
BRDA:108,2,1,0
BRDA:112,3,0,0
BRDA:112,3,1,0
BRDA:113,4,0,0
BRDA:113,4,1,0
BRDA:123,5,0,0
BRDA:123,5,1,0
BRDA:135,6,0,0
BRDA:135,6,1,0
BRDA:136,7,0,0
BRDA:136,7,1,0
BRDA:143,8,0,0
BRDA:143,8,1,0
BRDA:144,9,0,0
BRDA:144,9,1,0
BRDA:154,10,0,0
BRDA:154,10,1,0
BRDA:165,11,0,0
BRDA:165,11,1,0
BRDA:169,12,0,0
BRDA:169,12,1,0
BRDA:170,13,0,0
BRDA:170,13,1,0
BRDA:180,14,0,0
BRDA:180,14,1,0
BRF:30
BRH:0
end_of_record
TN:
SF:screens\common\ScreenSaver.js
FN:9,ScreenSaver
FN:16,(anonymous_1)
FNF:2
FNH:0
FNDA:0,ScreenSaver
FNDA:0,(anonymous_1)
DA:11,0
DA:16,0
DA:17,0
DA:28,0
DA:41,0
LF:5
LH:0
BRF:0
BRH:0
end_of_record
TN:
SF:screens\messages\ChatScreen.js
FN:24,ChatScreen
FN:38,(anonymous_1)
FN:49,(anonymous_2)
FN:56,(anonymous_3)
FN:60,(anonymous_4)
FN:64,(anonymous_5)
FN:69,(anonymous_6)
FN:74,(anonymous_7)
FN:76,(anonymous_8)
FN:79,(anonymous_9)
FN:94,(anonymous_10)
FN:101,(anonymous_11)
FN:124,(anonymous_12)
FN:129,(anonymous_13)
FN:130,(anonymous_14)
FN:143,(anonymous_15)
FN:151,(anonymous_16)
FN:160,(anonymous_17)
FN:188,(anonymous_18)
FN:196,(anonymous_19)
FNF:20
FNH:0
FNDA:0,ChatScreen
FNDA:0,(anonymous_1)
FNDA:0,(anonymous_2)
FNDA:0,(anonymous_3)
FNDA:0,(anonymous_4)
FNDA:0,(anonymous_5)
FNDA:0,(anonymous_6)
FNDA:0,(anonymous_7)
FNDA:0,(anonymous_8)
FNDA:0,(anonymous_9)
FNDA:0,(anonymous_10)
FNDA:0,(anonymous_11)
FNDA:0,(anonymous_12)
FNDA:0,(anonymous_13)
FNDA:0,(anonymous_14)
FNDA:0,(anonymous_15)
FNDA:0,(anonymous_16)
FNDA:0,(anonymous_17)
FNDA:0,(anonymous_18)
FNDA:0,(anonymous_19)
DA:14,0
DA:26,0
DA:29,0
DA:30,0
DA:31,0
DA:32,0
DA:33,0
DA:34,0
DA:35,0
DA:38,0
DA:39,0
DA:40,0
DA:43,0
DA:44,0
DA:46,0
DA:48,0
DA:49,0
DA:52,0
DA:53,0
DA:55,0
DA:56,0
DA:60,0
DA:61,0
DA:62,0
DA:63,0
DA:64,0
DA:69,0
DA:71,0
DA:72,0
DA:74,0
DA:76,0
DA:79,0
DA:81,0
DA:82,0
DA:86,0
DA:92,0
DA:95,0
DA:101,0
DA:102,0
DA:104,0
DA:105,0
DA:108,0
DA:109,0
DA:110,0
DA:111,0
DA:114,0
DA:115,0
DA:117,0
DA:119,0
DA:124,0
DA:125,0
DA:129,0
DA:130,0
DA:131,0
DA:132,0
DA:143,0
DA:144,0
DA:151,0
DA:152,0
DA:160,0
DA:161,0
DA:162,0
DA:163,0
DA:166,0
DA:167,0
DA:172,0
DA:176,0
DA:178,0
DA:183,0
DA:188,0
DA:189,0
DA:190,0
DA:192,0
DA:196,0
DA:197,0
DA:198,0
DA:199,0
DA:204,0
DA:207,0
DA:209,0
DA:213,0
DA:250,0
LF:82
LH:0
BRDA:39,0,0,0
BRDA:39,0,1,0
BRDA:39,1,0,0
BRDA:39,1,1,0
BRDA:43,2,0,0
BRDA:43,2,1,0
BRDA:71,3,0,0
BRDA:71,3,1,0
BRDA:71,4,0,0
BRDA:71,4,1,0
BRDA:81,5,0,0
BRDA:81,5,1,0
BRDA:97,6,0,0
BRDA:97,6,1,0
BRDA:104,7,0,0
BRDA:104,7,1,0
BRDA:109,8,0,0
BRDA:109,8,1,0
BRDA:143,9,0,0
BRDA:162,10,0,0
BRDA:162,10,1,0
BRDA:166,11,0,0
BRDA:166,11,1,0
BRDA:166,12,0,0
BRDA:166,12,1,0
BRDA:198,13,0,0
BRDA:198,13,1,0
BRDA:198,14,0,0
BRDA:198,14,1,0
BRF:29
BRH:0
end_of_record
TN:
SF:screens\messages\login\Login.js
FN:29,Login
FN:49,(anonymous_1)
FN:62,(anonymous_2)
FN:75,(anonymous_3)
FN:267,(anonymous_4)
FN:369,(anonymous_5)
FN:392,(anonymous_6)
FN:393,(anonymous_7)
FN:446,(anonymous_8)
FN:523,(anonymous_9)
FN:542,(anonymous_10)
FNF:11
FNH:0
FNDA:0,Login
FNDA:0,(anonymous_1)
FNDA:0,(anonymous_2)
FNDA:0,(anonymous_3)
FNDA:0,(anonymous_4)
FNDA:0,(anonymous_5)
FNDA:0,(anonymous_6)
FNDA:0,(anonymous_7)
FNDA:0,(anonymous_8)
FNDA:0,(anonymous_9)
FNDA:0,(anonymous_10)
DA:32,0
DA:33,0
DA:35,0
DA:36,0
DA:37,0
DA:38,0
DA:39,0
DA:40,0
DA:41,0
DA:42,0
DA:43,0
DA:49,0
DA:50,0
DA:51,0
DA:62,0
DA:63,0
DA:64,0
DA:65,0
DA:67,0
DA:75,0
DA:76,0
DA:77,0
DA:78,0
DA:79,0
DA:81,0
DA:82,0
DA:83,0
DA:85,0
DA:88,0
DA:93,0
DA:94,0
DA:95,0
DA:96,0
DA:98,0
DA:101,0
DA:105,0
DA:106,0
DA:107,0
DA:108,0
DA:109,0
DA:112,0
DA:113,0
DA:114,0
DA:120,0
DA:121,0
DA:122,0
DA:131,0
DA:132,0
DA:134,0
DA:135,0
DA:136,0
DA:139,0
DA:140,0
DA:147,0
DA:152,0
DA:154,0
DA:155,0
DA:156,0
DA:158,0
DA:159,0
DA:160,0
DA:163,0
DA:164,0
DA:167,0
DA:170,0
DA:171,0
DA:172,0
DA:174,0
DA:178,0
DA:179,0
DA:181,0
DA:182,0
DA:185,0
DA:186,0
DA:191,0
DA:196,0
DA:197,0
DA:198,0
DA:199,0
DA:202,0
DA:203,0
DA:209,0
DA:215,0
DA:216,0
DA:217,0
DA:226,0
DA:227,0
DA:229,0
DA:230,0
DA:237,0
DA:242,0
DA:243,0
DA:244,0
DA:246,0
DA:247,0
DA:250,0
DA:251,0
DA:255,0
DA:256,0
DA:258,0
DA:267,0
DA:269,0
DA:270,0
DA:274,0
DA:275,0
DA:277,0
DA:280,0
DA:281,0
DA:282,0
DA:284,0
DA:285,0
DA:289,0
DA:292,0
DA:293,0
DA:294,0
DA:303,0
DA:304,0
DA:306,0
DA:315,0
DA:317,0
DA:318,0
DA:319,0
DA:321,0
DA:322,0
DA:323,0
DA:326,0
DA:327,0
DA:330,0
DA:333,0
DA:334,0
DA:335,0
DA:337,0
DA:341,0
DA:342,0
DA:344,0
DA:345,0
DA:348,0
DA:349,0
DA:350,0
DA:353,0
DA:354,0
DA:357,0
DA:358,0
DA:359,0
DA:361,0
DA:369,0
DA:370,0
DA:371,0
DA:372,0
DA:379,0
DA:380,0
DA:383,0
DA:384,0
DA:392,0
DA:393,0
DA:394,0
DA:395,0
DA:396,0
DA:397,0
DA:398,0
DA:399,0
DA:400,0
DA:403,0
DA:406,0
DA:411,0
DA:412,0
DA:413,0
DA:414,0
DA:416,0
DA:417,0
DA:419,0
DA:422,0
DA:425,0
DA:429,0
DA:432,0
DA:433,0
DA:436,0
DA:446,0
DA:523,0
DA:542,0
DA:558,0
LF:181
LH:0
BRDA:63,0,0,0
BRDA:63,0,1,0
BRDA:64,1,0,0
BRDA:64,1,1,0
BRDA:64,2,0,0
BRDA:64,2,1,0
BRDA:64,2,2,0
BRDA:88,3,0,0
BRDA:88,3,1,0
BRDA:88,4,0,0
BRDA:88,4,1,0
BRDA:88,4,2,0
BRDA:88,4,3,0
BRDA:106,5,0,0
BRDA:106,5,1,0
BRDA:120,6,0,0
BRDA:120,6,1,0
BRDA:134,7,0,0
BRDA:134,7,1,0
BRDA:152,8,0,0
BRDA:152,8,1,0
BRDA:158,9,0,0
BRDA:158,9,1,0
BRDA:163,10,0,0
BRDA:163,10,1,0
BRDA:171,11,0,0
BRDA:171,11,1,0
BRDA:196,12,0,0
BRDA:196,12,1,0
BRDA:215,13,0,0
BRDA:215,13,1,0
BRDA:242,14,0,0
BRDA:242,14,1,0
BRDA:269,15,0,0
BRDA:269,15,1,0
BRDA:292,16,0,0
BRDA:292,16,1,0
BRDA:292,17,0,0
BRDA:292,17,1,0
BRDA:315,18,0,0
BRDA:315,18,1,0
BRDA:321,19,0,0
BRDA:321,19,1,0
BRDA:326,20,0,0
BRDA:326,20,1,0
BRDA:334,21,0,0
BRDA:334,21,1,0
BRDA:371,22,0,0
BRDA:371,22,1,0
BRDA:396,23,0,0
BRDA:396,23,1,0
BRDA:406,24,0,0
BRDA:406,24,1,0
BRDA:406,25,0,0
BRDA:406,25,1,0
BRDA:406,25,2,0
BRDA:406,25,3,0
BRDA:432,26,0,0
BRDA:432,26,1,0
BRDA:441,27,0,0
BRDA:441,27,1,0
BRDA:442,28,0,0
BRDA:442,28,1,0
BRDA:454,29,0,0
BRDA:454,29,1,0
BRDA:455,30,0,0
BRDA:455,30,1,0
BRDA:458,31,0,0
BRDA:458,31,1,0
BRDA:458,32,0,0
BRDA:458,32,1,0
BRDA:459,33,0,0
BRDA:459,33,1,0
BRDA:459,34,0,0
BRDA:459,34,1,0
BRDA:466,35,0,0
BRDA:466,35,1,0
BRDA:467,36,0,0
BRDA:467,36,1,0
BRDA:483,37,0,0
BRDA:483,37,1,0
BRDA:484,38,0,0
BRDA:484,38,1,0
BRDA:501,39,0,0
BRDA:501,39,1,0
BRDA:502,40,0,0
BRDA:502,40,1,0
BRDA:516,41,0,0
BRDA:516,41,1,0
BRDA:544,42,0,0
BRDA:544,42,1,0
BRF:91
BRH:0
end_of_record
TN:
SF:screens\messages\login\SimplifiedLogin.js
FN:20,SimplifiedLogin
FNF:1
FNH:0
FNDA:0,SimplifiedLogin
DA:26,0
DA:27,0
DA:29,0
DA:86,0
LF:4
LH:0
BRDA:33,0,0,0
BRDA:33,0,1,0
BRDA:34,1,0,0
BRDA:34,1,1,0
BRDA:39,2,0,0
BRDA:39,2,1,0
BRDA:48,3,0,0
BRDA:48,3,1,0
BRDA:78,4,0,0
BRDA:78,4,1,0
BRF:10
BRH:0
end_of_record
TN:
SF:screens\webviews\NoUrlScreen.js
FN:18,NoUrlScreen
FN:31,(anonymous_1)
FN:60,(anonymous_2)
FNF:3
FNH:0
FNDA:0,NoUrlScreen
FNDA:0,(anonymous_1)
FNDA:0,(anonymous_2)
DA:24,0
DA:25,0
DA:31,0
DA:32,0
DA:35,0
DA:60,0
DA:66,0
LF:7
LH:0
BRDA:38,0,0,0
BRDA:38,0,1,0
BRDA:41,1,0,0
BRDA:41,1,1,0
BRDA:46,2,0,0
BRDA:46,2,1,0
BRDA:55,3,0,0
BRDA:55,3,1,0
BRF:8
BRH:0
end_of_record
TN:
SF:screens\webviews\SettingsWebviews.js
FN:41,SettingsWebviews
FN:74,(anonymous_1)
FN:78,(anonymous_2)
FN:90,(anonymous_3)
FN:115,(anonymous_4)
FN:117,(anonymous_5)
FN:128,(anonymous_6)
FN:129,(anonymous_7)
FN:136,(anonymous_8)
FN:140,(anonymous_9)
FN:144,(anonymous_10)
FN:148,(anonymous_11)
FN:201,(anonymous_12)
FN:312,(anonymous_13)
FN:318,(anonymous_14)
FN:324,(anonymous_15)
FN:331,(anonymous_16)
FNF:17
FNH:0
FNDA:0,SettingsWebviews
FNDA:0,(anonymous_1)
FNDA:0,(anonymous_2)
FNDA:0,(anonymous_3)
FNDA:0,(anonymous_4)
FNDA:0,(anonymous_5)
FNDA:0,(anonymous_6)
FNDA:0,(anonymous_7)
FNDA:0,(anonymous_8)
FNDA:0,(anonymous_9)
FNDA:0,(anonymous_10)
FNDA:0,(anonymous_11)
FNDA:0,(anonymous_12)
FNDA:0,(anonymous_13)
FNDA:0,(anonymous_14)
FNDA:0,(anonymous_15)
FNDA:0,(anonymous_16)
DA:20,0
DA:21,0
DA:22,0
DA:23,0
DA:24,0
DA:55,0
DA:56,0
DA:63,0
DA:74,0
DA:75,0
DA:78,0
DA:79,0
DA:80,0
DA:82,0
DA:90,0
DA:91,0
DA:92,0
DA:95,0
DA:96,0
DA:97,0
DA:98,0
DA:99,0
DA:100,0
DA:103,0
DA:104,0
DA:108,0
DA:115,0
DA:116,0
DA:117,0
DA:118,0
DA:120,0
DA:128,0
DA:129,0
DA:136,0
DA:137,0
DA:140,0
DA:141,0
DA:144,0
DA:145,0
DA:148,0
DA:149,0
DA:152,0
DA:201,0
DA:312,0
DA:318,0
DA:324,0
DA:331,0
DA:342,0
LF:48
LH:0
BRDA:79,0,0,0
BRDA:79,0,1,0
BRDA:79,1,0,0
BRDA:79,1,1,0
BRDA:91,2,0,0
BRDA:91,2,1,0
BRDA:91,3,0,0
BRDA:91,3,1,0
BRDA:96,4,0,0
BRDA:96,4,1,0
BRDA:97,5,0,0
BRDA:97,5,1,0
BRDA:98,6,0,0
BRDA:98,6,1,0
BRDA:99,7,0,0
BRDA:99,7,1,0
BRDA:104,8,0,0
BRDA:104,8,1,0
BRDA:163,9,0,0
BRDA:163,9,1,0
BRDA:169,10,0,0
BRDA:169,10,1,0
BRDA:171,11,0,0
BRDA:171,11,1,0
BRDA:175,12,0,0
BRDA:175,12,1,0
BRDA:175,13,0,0
BRDA:175,13,1,0
BRDA:182,14,0,0
BRDA:182,14,1,0
BRDA:192,15,0,0
BRDA:192,15,1,0
BRDA:196,16,0,0
BRDA:196,16,1,0
BRDA:196,17,0,0
BRDA:196,17,1,0
BRDA:200,18,0,0
BRDA:200,18,1,0
BRDA:209,19,0,0
BRDA:209,19,1,0
BRDA:218,20,0,0
BRDA:218,20,1,0
BRDA:225,21,0,0
BRDA:225,21,1,0
BRDA:229,22,0,0
BRDA:229,22,1,0
BRDA:229,23,0,0
BRDA:229,23,1,0
BRDA:235,24,0,0
BRDA:235,24,1,0
BRDA:244,25,0,0
BRDA:244,25,1,0
BRDA:245,26,0,0
BRDA:245,26,1,0
BRDA:255,27,0,0
BRDA:255,27,1,0
BRDA:264,28,0,0
BRDA:264,28,1,0
BRDA:265,29,0,0
BRDA:265,29,1,0
BRDA:271,30,0,0
BRDA:271,30,1,0
BRDA:273,31,0,0
BRDA:273,31,1,0
BRDA:273,32,0,0
BRDA:273,32,1,0
BRDA:282,33,0,0
BRDA:282,33,1,0
BRDA:295,34,0,0
BRDA:295,34,1,0
BRDA:296,35,0,0
BRDA:296,35,1,0
BRDA:303,36,0,0
BRDA:303,36,1,0
BRF:74
BRH:0
end_of_record
TN:
SF:screens\webviews\WebViewScreen.js
FN:20,WebviewScreen
FN:30,(anonymous_1)
FN:32,(anonymous_2)
FN:38,(anonymous_3)
FN:49,(anonymous_4)
FNF:5
FNH:0
FNDA:0,WebviewScreen
FNDA:0,(anonymous_1)
FNDA:0,(anonymous_2)
FNDA:0,(anonymous_3)
FNDA:0,(anonymous_4)
DA:27,0
DA:28,0
DA:30,0
DA:32,0
DA:33,0
DA:35,0
DA:38,0
DA:39,0
DA:43,0
DA:49,0
DA:70,0
LF:11
LH:0
BRDA:45,0,0,0
BRDA:45,0,1,0
BRF:2
BRH:0
end_of_record
TN:
SF:screens\webviews\WebviewsListScreen.js
FN:20,WebviewsListScreen
FN:34,(anonymous_1)
FN:36,(anonymous_2)
FN:38,(anonymous_3)
FN:53,(anonymous_4)
FN:55,(anonymous_5)
FN:57,(anonymous_6)
FN:59,(anonymous_7)
FN:71,(anonymous_8)
FN:75,(anonymous_9)
FN:99,(anonymous_10)
FN:100,(anonymous_11)
FN:106,(anonymous_12)
FN:109,(anonymous_13)
FN:110,(anonymous_14)
FNF:15
FNH:0
FNDA:0,WebviewsListScreen
FNDA:0,(anonymous_1)
FNDA:0,(anonymous_2)
FNDA:0,(anonymous_3)
FNDA:0,(anonymous_4)
FNDA:0,(anonymous_5)
FNDA:0,(anonymous_6)
FNDA:0,(anonymous_7)
FNDA:0,(anonymous_8)
FNDA:0,(anonymous_9)
FNDA:0,(anonymous_10)
FNDA:0,(anonymous_11)
FNDA:0,(anonymous_12)
FNDA:0,(anonymous_13)
FNDA:0,(anonymous_14)
DA:22,0
DA:24,0
DA:27,0
DA:28,0
DA:34,0
DA:36,0
DA:38,0
DA:40,0
DA:45,0
DA:53,0
DA:55,0
DA:57,0
DA:59,0
DA:62,0
DA:71,0
DA:72,0
DA:73,0
DA:75,0
DA:76,0
DA:81,0
DA:99,0
DA:101,0
DA:106,0
DA:109,0
DA:110,0
DA:132,0
LF:26
LH:0
BRDA:57,0,0,0
BRDA:57,0,1,0
BRDA:72,1,0,0
BRDA:72,1,1,0
BRDA:83,2,0,0
BRDA:83,2,1,0
BRDA:90,3,0,0
BRDA:90,3,1,0
BRDA:96,4,0,0
BRDA:96,4,1,0
BRDA:96,5,0,0
BRDA:96,5,1,0
BRDA:104,6,0,0
BRDA:104,6,1,0
BRDA:112,7,0,0
BRDA:112,7,1,0
BRF:16
BRH:0
end_of_record
TN:
SF:screens\webviews\WebviewsManagementScreen.js
FN:31,(anonymous_0)
FN:56,(anonymous_1)
FN:61,(anonymous_2)
FN:66,(anonymous_3)
FN:72,(anonymous_4)
FN:77,(anonymous_5)
FN:83,(anonymous_6)
FN:90,(anonymous_7)
FN:94,(anonymous_8)
FN:98,(anonymous_9)
FN:102,(anonymous_10)
FN:106,(anonymous_11)
FN:110,(anonymous_12)
FN:122,(anonymous_13)
FN:141,(anonymous_14)
FN:142,(anonymous_15)
FN:157,(anonymous_16)
FN:158,(anonymous_17)
FN:177,(anonymous_18)
FN:178,(anonymous_19)
FN:193,(anonymous_20)
FN:194,(anonymous_21)
FN:216,WebviewsManagementScreen
FN:252,(anonymous_23)
FN:253,(anonymous_24)
FN:257,(anonymous_25)
FN:258,(anonymous_26)
FN:262,(anonymous_27)
FN:266,(anonymous_28)
FN:275,(anonymous_29)
FN:280,(anonymous_30)
FN:286,(anonymous_31)
FN:290,(anonymous_32)
FN:308,(anonymous_33)
FN:327,(anonymous_34)
FN:328,(anonymous_35)
FN:329,(anonymous_36)
FN:330,(anonymous_37)
FN:331,(anonymous_38)
FN:349,(anonymous_39)
FN:352,(anonymous_40)
FN:353,(anonymous_41)
FN:357,(anonymous_42)
FN:370,(anonymous_43)
FN:393,(anonymous_44)
FN:396,(anonymous_45)
FN:416,(anonymous_46)
FN:427,(anonymous_47)
FN:443,(anonymous_48)
FN:455,(anonymous_49)
FN:466,(anonymous_50)
FN:496,(anonymous_51)
FN:501,(anonymous_52)
FN:509,(anonymous_53)
FN:512,(anonymous_54)
FN:517,(anonymous_55)
FN:518,(anonymous_56)
FN:532,(anonymous_57)
FNF:58
FNH:0
FNDA:0,(anonymous_0)
FNDA:0,(anonymous_1)
FNDA:0,(anonymous_2)
FNDA:0,(anonymous_3)
FNDA:0,(anonymous_4)
FNDA:0,(anonymous_5)
FNDA:0,(anonymous_6)
FNDA:0,(anonymous_7)
FNDA:0,(anonymous_8)
FNDA:0,(anonymous_9)
FNDA:0,(anonymous_10)
FNDA:0,(anonymous_11)
FNDA:0,(anonymous_12)
FNDA:0,(anonymous_13)
FNDA:0,(anonymous_14)
FNDA:0,(anonymous_15)
FNDA:0,(anonymous_16)
FNDA:0,(anonymous_17)
FNDA:0,(anonymous_18)
FNDA:0,(anonymous_19)
FNDA:0,(anonymous_20)
FNDA:0,(anonymous_21)
FNDA:0,WebviewsManagementScreen
FNDA:0,(anonymous_23)
FNDA:0,(anonymous_24)
FNDA:0,(anonymous_25)
FNDA:0,(anonymous_26)
FNDA:0,(anonymous_27)
FNDA:0,(anonymous_28)
FNDA:0,(anonymous_29)
FNDA:0,(anonymous_30)
FNDA:0,(anonymous_31)
FNDA:0,(anonymous_32)
FNDA:0,(anonymous_33)
FNDA:0,(anonymous_34)
FNDA:0,(anonymous_35)
FNDA:0,(anonymous_36)
FNDA:0,(anonymous_37)
FNDA:0,(anonymous_38)
FNDA:0,(anonymous_39)
FNDA:0,(anonymous_40)
FNDA:0,(anonymous_41)
FNDA:0,(anonymous_42)
FNDA:0,(anonymous_43)
FNDA:0,(anonymous_44)
FNDA:0,(anonymous_45)
FNDA:0,(anonymous_46)
FNDA:0,(anonymous_47)
FNDA:0,(anonymous_48)
FNDA:0,(anonymous_49)
FNDA:0,(anonymous_50)
FNDA:0,(anonymous_51)
FNDA:0,(anonymous_52)
FNDA:0,(anonymous_53)
FNDA:0,(anonymous_54)
FNDA:0,(anonymous_55)
FNDA:0,(anonymous_56)
FNDA:0,(anonymous_57)
DA:31,0
DA:56,0
DA:61,0
DA:66,0
DA:72,0
DA:77,0
DA:83,0
DA:90,0
DA:91,0
DA:94,0
DA:95,0
DA:98,0
DA:99,0
DA:102,0
DA:103,0
DA:106,0
DA:107,0
DA:110,0
DA:111,0
DA:114,0
DA:122,0
DA:141,0
DA:142,0
DA:157,0
DA:158,0
DA:177,0
DA:178,0
DA:193,0
DA:194,0
DA:211,0
DA:212,0
DA:213,0
DA:214,0
DA:226,0
DA:227,0
DA:230,0
DA:233,0
DA:243,0
DA:252,0
DA:253,0
DA:257,0
DA:258,0
DA:262,0
DA:263,0
DA:266,0
DA:267,0
DA:268,0
DA:269,0
DA:270,0
DA:271,0
DA:275,0
DA:276,0
DA:277,0
DA:280,0
DA:281,0
DA:282,0
DA:286,0
DA:287,0
DA:288,0
DA:289,0
DA:290,0
DA:292,0
DA:293,0
DA:294,0
DA:295,0
DA:296,0
DA:298,0
DA:302,0
DA:308,0
DA:309,0
DA:327,0
DA:328,0
DA:329,0
DA:330,0
DA:331,0
DA:349,0
DA:352,0
DA:353,0
DA:357,0
DA:358,0
DA:360,0
DA:361,0
DA:362,0
DA:363,0
DA:364,0
DA:365,0
DA:369,0
DA:370,0
DA:371,0
DA:372,0
DA:373,0
DA:374,0
DA:378,0
DA:382,0
DA:393,0
DA:394,0
DA:396,0
DA:398,0
DA:399,0
DA:401,0
DA:404,0
DA:405,0
DA:407,0
DA:411,0
DA:416,0
DA:417,0
DA:418,0
DA:419,0
DA:420,0
DA:421,0
DA:422,0
DA:423,0
DA:427,0
DA:428,0
DA:429,0
DA:430,0
DA:431,0
DA:432,0
DA:433,0
DA:434,0
DA:438,0
DA:443,0
DA:455,0
DA:466,0
DA:496,0
DA:501,0
DA:509,0
DA:512,0
DA:517,0
DA:518,0
DA:532,0
DA:542,0
LF:132
LH:0
BRDA:58,0,0,0
BRDA:58,0,1,0
BRDA:63,1,0,0
BRDA:63,1,1,0
BRDA:68,2,0,0
BRDA:68,2,1,0
BRDA:69,3,0,0
BRDA:69,3,1,0
BRDA:74,4,0,0
BRDA:74,4,1,0
BRDA:79,5,0,0
BRDA:79,5,1,0
BRDA:80,6,0,0
BRDA:80,6,1,0
BRDA:85,7,0,0
BRDA:85,7,1,0
BRDA:86,8,0,0
BRDA:86,8,1,0
BRDA:135,9,0,0
BRDA:135,9,1,0
BRDA:147,10,0,0
BRDA:147,10,1,0
BRDA:149,11,0,0
BRDA:149,11,1,0
BRDA:150,12,0,0
BRDA:150,12,1,0
BRDA:163,13,0,0
BRDA:163,13,1,0
BRDA:165,14,0,0
BRDA:165,14,1,0
BRDA:166,15,0,0
BRDA:166,15,1,0
BRDA:167,16,0,0
BRDA:167,16,1,0
BRDA:183,17,0,0
BRDA:183,17,1,0
BRDA:185,18,0,0
BRDA:185,18,1,0
BRDA:186,19,0,0
BRDA:186,19,1,0
BRDA:186,20,0,0
BRDA:186,20,1,0
BRDA:199,21,0,0
BRDA:199,21,1,0
BRDA:200,22,0,0
BRDA:200,22,1,0
BRDA:268,23,0,0
BRDA:268,23,1,0
BRDA:270,24,0,0
BRDA:270,24,1,0
BRDA:287,25,0,0
BRDA:287,25,1,0
BRDA:360,26,0,0
BRDA:360,26,1,0
BRDA:362,27,0,0
BRDA:362,27,1,0
BRDA:369,28,0,0
BRDA:369,28,1,0
BRDA:371,29,0,0
BRDA:371,29,1,0
BRDA:398,30,0,0
BRDA:398,30,1,0
BRDA:417,31,0,0
BRDA:417,31,1,0
BRDA:428,32,0,0
BRDA:428,32,1,0
BRDA:447,33,0,0
BRDA:447,33,1,0
BRDA:451,34,0,0
BRDA:451,34,1,0
BRDA:459,35,0,0
BRDA:459,35,1,0
BRDA:470,36,0,0
BRDA:470,36,1,0
BRDA:480,37,0,0
BRDA:480,37,1,0
BRDA:483,38,0,0
BRDA:483,38,1,0
BRDA:489,39,0,0
BRDA:489,39,1,0
BRDA:533,40,0,0
BRDA:533,40,1,0
BRDA:534,41,0,0
BRDA:534,41,1,0
BRF:84
BRH:0
end_of_record
TN:
SF:services\notificationService.js
FN:13,(anonymous_0)
FN:25,(anonymous_1)
FN:83,(anonymous_2)
FN:241,(anonymous_3)
FN:302,(anonymous_4)
FNF:5
FNH:0
FNDA:0,(anonymous_0)
FNDA:0,(anonymous_1)
FNDA:0,(anonymous_2)
FNDA:0,(anonymous_3)
FNDA:0,(anonymous_4)
DA:12,0
DA:13,0
DA:25,0
DA:26,0
DA:28,0
DA:29,0
DA:33,0
DA:35,0
DA:36,0
DA:37,0
DA:38,0
DA:39,0
DA:40,0
DA:44,0
DA:45,0
DA:46,0
DA:50,0
DA:51,0
DA:60,0
DA:61,0
DA:65,0
DA:66,0
DA:68,0
DA:70,0
DA:71,0
DA:83,0
DA:84,0
DA:86,0
DA:87,0
DA:88,0
DA:92,0
DA:95,0
DA:96,0
DA:99,0
DA:100,0
DA:101,0
DA:102,0
DA:103,0
DA:104,0
DA:107,0
DA:113,0
DA:115,0
DA:117,0
DA:118,0
DA:120,0
DA:121,0
DA:122,0
DA:123,0
DA:129,0
DA:131,0
DA:137,0
DA:139,0
DA:140,0
DA:142,0
DA:143,0
DA:144,0
DA:149,0
DA:152,0
DA:164,0
DA:166,0
DA:168,0
DA:169,0
DA:170,0
DA:171,0
DA:174,0
DA:175,0
DA:181,0
DA:182,0
DA:183,0
DA:184,0
DA:186,0
DA:194,0
DA:195,0
DA:196,0
DA:200,0
DA:205,0
DA:207,0
DA:213,0
DA:215,0
DA:216,0
DA:218,0
DA:219,0
DA:220,0
DA:225,0
DA:226,0
DA:228,0
DA:230,0
DA:241,0
DA:242,0
DA:243,0
DA:245,0
DA:247,0
DA:258,0
DA:302,0
DA:303,0
DA:304,0
DA:307,0
DA:309,0
DA:310,0
DA:313,0
DA:316,0
DA:329,0
DA:330,0
DA:337,0
DA:338,0
DA:339,0
DA:341,0
DA:342,0
DA:345,0
DA:356,0
LF:110
LH:0
BRDA:28,0,0,0
BRDA:28,0,1,0
BRDA:36,1,0,0
BRDA:36,1,1,0
BRDA:44,2,0,0
BRDA:44,2,1,0
BRDA:50,3,0,0
BRDA:50,3,1,0
BRDA:83,4,0,0
BRDA:83,5,0,0
BRDA:86,6,0,0
BRDA:86,6,1,0
BRDA:92,7,0,0
BRDA:92,7,1,0
BRDA:92,7,2,0
BRDA:92,7,3,0
BRDA:95,8,0,0
BRDA:95,8,1,0
BRDA:99,9,0,0
BRDA:99,9,1,0
BRDA:102,10,0,0
BRDA:102,10,1,0
BRDA:115,11,0,0
BRDA:115,11,1,0
BRDA:115,12,0,0
BRDA:115,12,1,0
BRDA:118,13,0,0
BRDA:118,13,1,0
BRDA:118,14,0,0
BRDA:118,14,1,0
BRDA:121,15,0,0
BRDA:121,15,1,0
BRDA:121,16,0,0
BRDA:121,16,1,0
BRDA:121,16,2,0
BRDA:122,17,0,0
BRDA:122,17,1,0
BRDA:129,18,0,0
BRDA:129,18,1,0
BRDA:137,19,0,0
BRDA:137,19,1,0
BRDA:137,20,0,0
BRDA:137,20,1,0
BRDA:142,21,0,0
BRDA:142,21,1,0
BRDA:157,22,0,0
BRDA:157,22,1,0
BRDA:157,22,2,0
BRDA:166,23,0,0
BRDA:166,23,1,0
BRDA:169,24,0,0
BRDA:169,24,1,0
BRDA:183,25,0,0
BRDA:183,25,1,0
BRDA:184,26,0,0
BRDA:184,26,1,0
BRDA:194,27,0,0
BRDA:194,27,1,0
BRDA:194,28,0,0
BRDA:194,28,1,0
BRDA:194,28,2,0
BRDA:200,29,0,0
BRDA:200,29,1,0
BRDA:200,29,2,0
BRDA:205,30,0,0
BRDA:205,30,1,0
BRDA:213,31,0,0
BRDA:213,31,1,0
BRDA:213,32,0,0
BRDA:213,32,1,0
BRDA:218,33,0,0
BRDA:218,33,1,0
BRDA:241,34,0,0
BRDA:241,35,0,0
BRDA:245,36,0,0
BRDA:245,36,1,0
BRDA:309,37,0,0
BRDA:309,37,1,0
BRDA:337,38,0,0
BRDA:337,38,1,0
BRF:80
BRH:0
end_of_record
TN:
SF:services\api\authApi.js
FN:16,(anonymous_0)
FN:49,(anonymous_1)
FN:166,(anonymous_2)
FN:187,(anonymous_3)
FN:206,(anonymous_4)
FN:224,(anonymous_5)
FN:265,(anonymous_6)
FN:305,(anonymous_7)
FNF:8
FNH:0
FNDA:0,(anonymous_0)
FNDA:0,(anonymous_1)
FNDA:0,(anonymous_2)
FNDA:0,(anonymous_3)
FNDA:0,(anonymous_4)
FNDA:0,(anonymous_5)
FNDA:0,(anonymous_6)
FNDA:0,(anonymous_7)
DA:16,0
DA:17,0
DA:20,0
DA:32,0
DA:33,0
DA:34,0
DA:36,0
DA:39,0
DA:41,0
DA:50,0
DA:54,0
DA:60,0
DA:62,0
DA:63,0
DA:64,0
DA:67,0
DA:68,0
DA:69,0
DA:70,0
DA:71,0
DA:78,0
DA:100,0
DA:106,0
DA:107,0
DA:109,0
DA:110,0
DA:111,0
DA:113,0
DA:117,0
DA:127,0
DA:128,0
DA:129,0
DA:132,0
DA:144,0
DA:149,0
DA:153,0
DA:166,0
DA:167,0
DA:168,0
DA:170,0
DA:171,0
DA:174,0
DA:178,0
DA:187,0
DA:188,0
DA:190,0
DA:191,0
DA:193,0
DA:197,0
DA:206,0
DA:207,0
DA:208,0
DA:209,0
DA:211,0
DA:215,0
DA:224,0
DA:225,0
DA:226,0
DA:229,0
DA:238,0
DA:239,0
DA:240,0
DA:241,0
DA:243,0
DA:248,0
DA:249,0
DA:251,0
DA:253,0
DA:265,0
DA:266,0
DA:267,0
DA:268,0
DA:269,0
DA:270,0
DA:271,0
DA:273,0
DA:294,0
DA:295,0
DA:296,0
DA:297,0
DA:306,0
DA:309,0
DA:314,0
DA:319,0
DA:324,0
DA:328,0
LF:86
LH:0
BRDA:16,0,0,0
BRDA:33,1,0,0
BRDA:33,1,1,0
BRDA:62,2,0,0
BRDA:62,2,1,0
BRDA:62,3,0,0
BRDA:62,3,1,0
BRDA:109,4,0,0
BRDA:109,4,1,0
BRDA:109,5,0,0
BRDA:109,5,1,0
BRDA:137,6,0,0
BRDA:137,6,1,0
BRDA:138,7,0,0
BRDA:138,7,1,0
BRDA:154,8,0,0
BRDA:154,8,1,0
BRDA:156,9,0,0
BRDA:156,9,1,0
BRDA:170,10,0,0
BRDA:170,10,1,0
BRDA:191,11,0,0
BRDA:191,11,1,0
BRDA:209,12,0,0
BRDA:209,12,1,0
BRF:25
BRH:0
end_of_record
TN:
SF:services\api\baseApi.js
FN:8,(anonymous_0)
FN:24,(anonymous_1)
FN:50,(anonymous_2)
FNF:3
FNH:0
FNDA:0,(anonymous_0)
FNDA:0,(anonymous_1)
FNDA:0,(anonymous_2)
DA:8,0
DA:10,0
DA:12,0
DA:13,0
DA:24,0
DA:25,0
DA:26,0
DA:27,0
DA:29,0
DA:50,0
DA:52,0
DA:53,0
DA:54,0
DA:56,0
LF:14
LH:0
BRDA:24,0,0,0
BRF:1
BRH:0
end_of_record
TN:
SF:services\api\messageApi.js
FN:15,(anonymous_0)
FN:49,(anonymous_1)
FN:66,(anonymous_2)
FN:70,(anonymous_3)
FN:77,(anonymous_4)
FN:103,(anonymous_5)
FN:200,(anonymous_6)
FN:240,(anonymous_7)
FN:278,(anonymous_8)
FN:335,(anonymous_9)
FN:383,(anonymous_10)
FNF:11
FNH:0
FNDA:0,(anonymous_0)
FNDA:0,(anonymous_1)
FNDA:0,(anonymous_2)
FNDA:0,(anonymous_3)
FNDA:0,(anonymous_4)
FNDA:0,(anonymous_5)
FNDA:0,(anonymous_6)
FNDA:0,(anonymous_7)
FNDA:0,(anonymous_8)
FNDA:0,(anonymous_9)
FNDA:0,(anonymous_10)
DA:15,0
DA:16,0
DA:19,0
DA:35,0
DA:36,0
DA:37,0
DA:41,0
DA:51,0
DA:56,0
DA:59,0
DA:61,0
DA:65,0
DA:66,0
DA:70,0
DA:77,0
DA:79,0
DA:87,0
DA:88,0
DA:103,0
DA:104,0
DA:106,0
DA:109,0
DA:112,0
DA:117,0
DA:118,0
DA:119,0
DA:120,0
DA:121,0
DA:122,0
DA:123,0
DA:124,0
DA:125,0
DA:129,0
DA:150,0
DA:151,0
DA:156,0
DA:157,0
DA:158,0
DA:161,0
DA:163,0
DA:187,0
DA:189,0
DA:200,0
DA:201,0
DA:204,0
DA:216,0
DA:217,0
DA:221,0
DA:222,0
DA:227,0
DA:229,0
DA:240,0
DA:241,0
DA:244,0
DA:261,0
DA:262,0
DA:265,0
DA:267,0
DA:268,0
DA:269,0
DA:271,0
DA:273,0
DA:274,0
DA:276,0
DA:277,0
DA:280,0
DA:282,0
DA:285,0
DA:286,0
DA:287,0
DA:291,0
DA:319,0
DA:321,0
DA:323,0
DA:335,0
DA:336,0
DA:338,0
DA:340,0
DA:342,0
DA:345,0
DA:358,0
DA:359,0
DA:362,0
DA:365,0
DA:366,0
DA:369,0
DA:371,0
DA:383,0
DA:384,0
DA:385,0
DA:388,0
DA:393,0
DA:396,0
DA:410,0
DA:411,0
DA:416,0
DA:417,0
DA:418,0
DA:422,0
DA:439,0
DA:441,0
LF:101
LH:0
BRDA:15,0,0,0
BRDA:15,1,0,0
BRDA:36,2,0,0
BRDA:36,2,1,0
BRDA:51,3,0,0
BRDA:51,3,1,0
BRDA:51,3,2,0
BRDA:59,4,0,0
BRDA:59,4,1,0
BRDA:68,5,0,0
BRDA:68,5,1,0
BRDA:69,6,0,0
BRDA:69,6,1,0
BRDA:72,7,0,0
BRDA:72,7,1,0
BRDA:72,7,2,0
BRDA:109,8,0,0
BRDA:109,8,1,0
BRDA:112,9,0,0
BRDA:112,9,1,0
BRDA:114,10,0,0
BRDA:114,10,1,0
BRDA:117,11,0,0
BRDA:117,11,1,0
BRDA:118,12,0,0
BRDA:118,12,1,0
BRDA:120,13,0,0
BRDA:120,13,1,0
BRDA:122,14,0,0
BRDA:122,14,1,0
BRDA:124,15,0,0
BRDA:124,15,1,0
BRDA:135,16,0,0
BRDA:135,16,1,0
BRDA:137,17,0,0
BRDA:137,17,1,0
BRDA:147,18,0,0
BRDA:147,18,1,0
BRDA:156,19,0,0
BRDA:156,19,1,0
BRDA:157,20,0,0
BRDA:157,20,1,0
BRDA:157,21,0,0
BRDA:157,21,1,0
BRDA:166,22,0,0
BRDA:166,22,1,0
BRDA:168,23,0,0
BRDA:168,23,1,0
BRDA:171,24,0,0
BRDA:171,24,1,0
BRDA:176,25,0,0
BRDA:176,25,1,0
BRDA:179,26,0,0
BRDA:179,26,1,0
BRDA:221,27,0,0
BRDA:221,27,1,0
BRDA:265,28,0,0
BRDA:265,28,1,0
BRDA:269,29,0,0
BRDA:269,29,1,0
BRDA:273,30,0,0
BRDA:273,30,1,0
BRDA:276,31,0,0
BRDA:276,31,1,0
BRDA:276,32,0,0
BRDA:276,32,1,0
BRDA:282,33,0,0
BRDA:282,33,1,0
BRDA:282,33,2,0
BRDA:286,34,0,0
BRDA:286,34,1,0
BRDA:293,35,0,0
BRDA:293,35,1,0
BRDA:294,36,0,0
BRDA:294,36,1,0
BRDA:294,36,2,0
BRDA:297,37,0,0
BRDA:297,37,1,0
BRDA:298,38,0,0
BRDA:298,38,1,0
BRDA:301,39,0,0
BRDA:301,39,1,0
BRDA:302,40,0,0
BRDA:302,40,1,0
BRDA:303,41,0,0
BRDA:303,41,1,0
BRDA:303,42,0,0
BRDA:303,42,1,0
BRDA:304,43,0,0
BRDA:304,43,1,0
BRDA:308,44,0,0
BRDA:308,44,1,0
BRDA:365,45,0,0
BRDA:365,45,1,0
BRDA:388,46,0,0
BRDA:388,46,1,0
BRDA:393,47,0,0
BRDA:393,47,1,0
BRDA:407,48,0,0
BRDA:407,48,1,0
BRDA:416,49,0,0
BRDA:416,49,1,0
BRDA:417,50,0,0
BRDA:417,50,1,0
BRDA:417,51,0,0
BRDA:417,51,1,0
BRF:106
BRH:0
end_of_record
TN:
SF:services\websocket\socketService.js
FNF:0
FNH:0
LF:0
LH:0
BRF:0
BRH:0
end_of_record
TN:
SF:utils\encryption.js
FN:11,(anonymous_0)
FN:29,(anonymous_1)
FN:46,(anonymous_2)
FN:55,(anonymous_3)
FN:71,(anonymous_4)
FN:80,(anonymous_5)
FNF:6
FNH:0
FNDA:0,(anonymous_0)
FNDA:0,(anonymous_1)
FNDA:0,(anonymous_2)
FNDA:0,(anonymous_3)
FNDA:0,(anonymous_4)
FNDA:0,(anonymous_5)
DA:11,0
DA:12,0
DA:14,0
DA:15,0
DA:17,0
DA:29,0
DA:30,0
DA:31,0
DA:32,0
DA:34,0
DA:45,0
DA:47,0
DA:56,0
DA:58,0
DA:60,0
DA:62,0
DA:63,0
DA:72,0
DA:73,0
DA:75,0
DA:80,0
DA:81,0
DA:82,0
LF:23
LH:0
BRDA:60,0,0,0
BRDA:60,0,1,0
BRDA:81,1,0,0
BRDA:81,1,1,0
BRF:4
BRH:0
end_of_record
TN:
SF:utils\errorHandling.js
FN:25,(anonymous_0)
FN:61,(anonymous_1)
FN:84,(anonymous_2)
FNF:3
FNH:0
FNDA:0,(anonymous_0)
FNDA:0,(anonymous_1)
FNDA:0,(anonymous_2)
DA:2,0
DA:11,0
DA:25,0
DA:30,0
DA:33,0
DA:42,0
DA:43,0
DA:47,0
DA:48,0
DA:51,0
DA:61,0
DA:62,0
DA:70,0
DA:84,0
DA:85,0
LF:15
LH:0
BRDA:25,0,0,0
BRDA:27,1,0,0
BRDA:28,2,0,0
BRDA:29,3,0,0
BRDA:34,4,0,0
BRDA:34,4,1,0
BRDA:34,5,0,0
BRDA:34,5,1,0
BRDA:42,6,0,0
BRDA:42,6,1,0
BRDA:47,7,0,0
BRDA:47,7,1,0
BRDA:61,8,0,0
BRDA:84,9,0,0
BRF:14
BRH:0
end_of_record
TN:
SF:utils\secureStore.js
FN:3,(anonymous_0)
FNF:1
FNH:0
FNDA:0,(anonymous_0)
DA:3,0
DA:4,0
DA:6,0
DA:14,0
DA:15,0
DA:18,0
DA:20,0
LF:7
LH:0
BRF:0
BRH:0
end_of_record
